#-----------------------------------------------------------
# Vivado v2019.1 (64-bit)
# SW Build 2552052 on Fri May 24 14:49:42 MDT 2019
# IP Build 2548770 on Fri May 24 18:01:18 MDT 2019
# Start of session at: Wed Apr 19 11:25:01 2023
# Process ID: 12104
# Current directory: C:/Users/lifei/Desktop/FPGA/traffic
# Command line: vivado.exe -gui_launcher_event rodinguilauncherevent11280 C:\Users\lifei\Desktop\FPGA\traffic\traffic.xpr
# Log file: C:/Users/lifei/Desktop/FPGA/traffic/vivado.log
# Journal file: C:/Users/lifei/Desktop/FPGA/traffic\vivado.jou
#-----------------------------------------------------------
start_gui
open_project C:/Users/lifei/Desktop/FPGA/traffic/traffic.xpr
INFO: [Project 1-313] Project file moved from 'E:/Workspace/Vivado/traffic' since last save.
Scanning sources...
Finished scanning sources
CRITICAL WARNING: [Board 49-67] The board_part definition was not found for digilentinc.com:basys3:part0:1.2. This can happen sometimes when you use custom board part. You can resolve this issue by setting 'board.repoPaths' parameter, pointing to the location of custom board files. Valid board_part values can be retrieved with the 'get_board_parts' Tcl command.
INFO: [IP_Flow 19-234] Refreshing IP repositories
INFO: [IP_Flow 19-1704] No user IP repositories specified
INFO: [IP_Flow 19-2313] Loaded Vivado IP repository 'D:/BYSYS/Vivado/2019.1/data/ip'.
open_project: Time (s): cpu = 00:00:14 ; elapsed = 00:00:05 . Memory (MB): peak = 850.332 ; gain = 164.688
update_compile_order -fileset sources_1
open_hw
connect_hw_server
INFO: [Labtools 27-2285] Connecting to hw_server url TCP:localhost:3121
INFO: [Labtools 27-2222] Launching hw_server...
INFO: [Labtools 27-2221] Launch Output:

****** Xilinx hw_server v2019.1
  **** Build date : May 24 2019 at 15:13:31
    ** Copyright 1986-2019 Xilinx, Inc. All Rights Reserved.


disconnect_hw_server localhost:3121
connect_hw_server
INFO: [Labtools 27-2285] Connecting to hw_server url TCP:localhost:3121
disconnect_hw_server localhost:3121
connect_hw_server
INFO: [Labtools 27-2285] Connecting to hw_server url TCP:localhost:3121
open_hw_target
INFO: [Labtoolstcl 44-466] Opening hw_target localhost:3121/xilinx_tcf/Digilent/210183B5A07FA
set_property PROGRAM.FILE {C:/Users/lifei/Desktop/FPGA/traffic/traffic.runs/impl_1/traffic.bit} [get_hw_devices xc7a35t_0]
current_hw_device [get_hw_devices xc7a35t_0]
refresh_hw_device -update_hw_probes false [lindex [get_hw_devices xc7a35t_0] 0]
INFO: [Labtools 27-1434] Device xc7a35t (JTAG device index = 0) is programmed with a design that has no supported debug core(s) in it.
set_property PROBES.FILE {} [get_hw_devices xc7a35t_0]
set_property FULL_PROBES.FILE {} [get_hw_devices xc7a35t_0]
set_property PROGRAM.FILE {C:/Users/lifei/Desktop/FPGA/traffic/traffic.runs/impl_1/traffic.bit} [get_hw_devices xc7a35t_0]
program_hw_devices [get_hw_devices xc7a35t_0]
INFO: [Labtools 27-3164] End of startup status: HIGH
refresh_hw_device [lindex [get_hw_devices xc7a35t_0] 0]
INFO: [Labtools 27-1434] Device xc7a35t (JTAG device index = 0) is programmed with a design that has no supported debug core(s) in it.
launch_simulation
INFO: [Vivado 12-5682] Launching behavioral simulation in 'C:/Users/lifei/Desktop/FPGA/traffic/traffic.sim/sim_1/behav/xsim'
INFO: [SIM-utils-51] Simulation object is 'sim_1'
INFO: [USF-XSim-7] Finding pre-compiled libraries...
INFO: [USF-XSim-11] File 'D:/BYSYS/Vivado/2019.1/data/xsim/xsim.ini' copied to run dir:'C:/Users/lifei/Desktop/FPGA/traffic/traffic.sim/sim_1/behav/xsim'
INFO: [SIM-utils-54] Inspecting design source files for 'traffic_tb' in fileset 'sim_1'...
INFO: [USF-XSim-97] Finding global include files...
INFO: [USF-XSim-98] Fetching design files from 'sim_1'...
INFO: [USF-XSim-2] XSim::Compile design
INFO: [USF-XSim-61] Executing 'COMPILE and ANALYZE' step in 'C:/Users/lifei/Desktop/FPGA/traffic/traffic.sim/sim_1/behav/xsim'
"xvlog --incr --relax -prj traffic_tb_vlog.prj"
INFO: [VRFC 10-2263] Analyzing Verilog file "C:/Users/lifei/Desktop/FPGA/traffic/traffic.srcs/sources_1/new/display.v" into library xil_defaultlib
INFO: [VRFC 10-311] analyzing module display
INFO: [VRFC 10-2263] Analyzing Verilog file "C:/Users/lifei/Desktop/FPGA/traffic/traffic.srcs/sources_1/new/traffic.v" into library xil_defaultlib
INFO: [VRFC 10-311] analyzing module traffic
INFO: [VRFC 10-2263] Analyzing Verilog file "C:/Users/lifei/Desktop/FPGA/traffic/traffic.srcs/sim_1/new/traffic_tb.v" into library xil_defaultlib
INFO: [VRFC 10-311] analyzing module traffic_tb
INFO: [VRFC 10-2263] Analyzing Verilog file "C:/Users/lifei/Desktop/FPGA/traffic/traffic.sim/sim_1/behav/xsim/glbl.v" into library xil_defaultlib
INFO: [VRFC 10-311] analyzing module glbl
INFO: [USF-XSim-69] 'compile' step finished in '1' seconds
INFO: [USF-XSim-3] XSim::Elaborate design
INFO: [USF-XSim-61] Executing 'ELABORATE' step in 'C:/Users/lifei/Desktop/FPGA/traffic/traffic.sim/sim_1/behav/xsim'
"xelab -wto bd0012302e4f475aacd2807ad3155238 --incr --debug typical --relax --mt 2 -L xil_defaultlib -L unisims_ver -L unimacro_ver -L secureip -L xpm --snapshot traffic_tb_behav xil_defaultlib.traffic_tb xil_defaultlib.glbl -log elaborate.log"
Vivado Simulator 2019.1
Copyright 1986-1999, 2001-2019 Xilinx, Inc. All Rights Reserved.
Running: D:/BYSYS/Vivado/2019.1/bin/unwrapped/win64.o/xelab.exe -wto bd0012302e4f475aacd2807ad3155238 --incr --debug typical --relax --mt 2 -L xil_defaultlib -L unisims_ver -L unimacro_ver -L secureip -L xpm --snapshot traffic_tb_behav xil_defaultlib.traffic_tb xil_defaultlib.glbl -log elaborate.log 
Using 2 slave threads.
Starting static elaboration
Completed static elaboration
Starting simulation data flow analysis
Completed simulation data flow analysis
Time Resolution for simulation is 1ps
Compiling module xil_defaultlib.display
Compiling module xil_defaultlib.traffic
Compiling module xil_defaultlib.traffic_tb
Compiling module xil_defaultlib.glbl
Built simulation snapshot traffic_tb_behav
INFO: [USF-XSim-69] 'elaborate' step finished in '2' seconds
INFO: [USF-XSim-4] XSim::Simulate design
INFO: [USF-XSim-61] Executing 'SIMULATE' step in 'C:/Users/lifei/Desktop/FPGA/traffic/traffic.sim/sim_1/behav/xsim'
INFO: [USF-XSim-98] *** Running xsim
   with args "traffic_tb_behav -key {Behavioral:sim_1:Functional:traffic_tb} -tclbatch {traffic_tb.tcl} -protoinst "protoinst_files/design_1.protoinst" -view {C:/Users/lifei/Desktop/FPGA/traffic/traffic_tb_behav.wcfg} -log {simulate.log}"
INFO: [USF-XSim-8] Loading simulator feature
Vivado Simulator 2019.1
INFO: [Wavedata 42-565] Reading protoinst file protoinst_files/design_1.protoinst
WARNING: [Wavedata 42-558] Couldn't load one or more protocol instances from protoinst file protoinst_files/design_1.protoinst for the following reason(s):
There are no instances of module "design_1" in the design.

Time resolution is 1 ps
open_wave_config C:/Users/lifei/Desktop/FPGA/traffic/traffic_tb_behav.wcfg
source traffic_tb.tcl
# set curr_wave [current_wave_config]
# if { [string length $curr_wave] == 0 } {
#   if { [llength [get_objects]] > 0} {
#     add_wave /
#     set_property needs_save false [current_wave_config]
#   } else {
#      send_msg_id Add_Wave-1 WARNING "No top level signals found. Simulator will start without a wave window. If you want to open a wave window go to 'File->New Waveform Configuration' or type 'create_wave_config' in the TCL console."
#   }
# }
# run 1000ns
INFO: [USF-XSim-96] XSim completed. Design snapshot 'traffic_tb_behav' loaded.
INFO: [USF-XSim-97] XSim simulation ran for 1000ns
launch_simulation: Time (s): cpu = 00:00:05 ; elapsed = 00:00:06 . Memory (MB): peak = 2158.195 ; gain = 0.000
run all
run: Time (s): cpu = 00:00:07 ; elapsed = 00:00:06 . Memory (MB): peak = 2158.195 ; gain = 0.000
ERROR: [Labtoolstcl 44-513] HW Target shutdown. Closing target: localhost:3121/xilinx_tcf/Digilent/210183B5A07FA
close_sim
INFO: [Simtcl 6-16] Simulation closed
exit
INFO: [Common 17-206] Exiting Vivado at Wed Apr 19 11:37:51 2023...
