#-----------------------------------------------------------
# Vivado v2019.1 (64-bit)
# SW Build 2552052 on Fri May 24 14:49:42 MDT 2019
# IP Build 2548770 on Fri May 24 18:01:18 MDT 2019
# Start of session at: Tue May  2 15:31:24 2023
# Process ID: 19512
# Current directory: C:/Users/lifei/Desktop/FPGA/traffic
# Command line: vivado.exe -gui_launcher_event rodinguilauncherevent19944 C:\Users\lifei\Desktop\FPGA\traffic\traffic.xpr
# Log file: C:/Users/lifei/Desktop/FPGA/traffic/vivado.log
# Journal file: C:/Users/lifei/Desktop/FPGA/traffic\vivado.jou
#-----------------------------------------------------------
start_gui
open_project C:/Users/lifei/Desktop/FPGA/traffic/traffic.xpr
Scanning sources...
Finished scanning sources
INFO: [IP_Flow 19-234] Refreshing IP repositories
INFO: [IP_Flow 19-1704] No user IP repositories specified
INFO: [IP_Flow 19-2313] Loaded Vivado IP repository 'D:/BYSYS/Vivado/2019.1/data/ip'.
update_compile_order -fileset sources_1
exit
INFO: [Common 17-206] Exiting Vivado at Tue May  2 15:43:20 2023...
