#-----------------------------------------------------------
# Vivado v2019.1 (64-bit)
# SW Build 2552052 on Fri May 24 14:49:42 MDT 2019
# IP Build 2548770 on Fri May 24 18:01:18 MDT 2019
# Start of session at: Sun May  7 09:35:40 2023
# Process ID: 13004
# Current directory: C:/Users/lifei/Desktop/FPGA/f_adder/adder
# Command line: vivado.exe -gui_launcher_event rodinguilauncherevent12268 C:\Users\lifei\Desktop\FPGA\f_adder\adder\adder.xpr
# Log file: C:/Users/lifei/Desktop/FPGA/f_adder/adder/vivado.log
# Journal file: C:/Users/lifei/Desktop/FPGA/f_adder/adder\vivado.jou
#-----------------------------------------------------------
start_gui
open_project C:/Users/lifei/Desktop/FPGA/f_adder/adder/adder.xpr
Scanning sources...
Finished scanning sources
INFO: [IP_Flow 19-234] Refreshing IP repositories
INFO: [IP_Flow 19-1704] No user IP repositories specified
INFO: [IP_Flow 19-2313] Loaded Vivado IP repository 'D:/BYSYS/Vivado/2019.1/data/ip'.
open_project: Time (s): cpu = 00:00:11 ; elapsed = 00:00:05 . Memory (MB): peak = 866.531 ; gain = 182.719
update_compile_order -fileset sources_1
exit
INFO: [Common 17-206] Exiting Vivado at Sun May  7 09:36:46 2023...
