#
# A fatal error has been detected by the Java Runtime Environment:
#
#  EXCEPTION_ACCESS_VIOLATION (0xc0000005) at pc=0x00007ffc51e53db1, pid=12048, tid=7976
#
# JRE version: Java(TM) SE Runtime Environment (9.0+11) (build 9.0.4+11)
# Java VM: Java HotSpot(TM) 64-Bit Server VM (9.0.4+11, mixed mode, tiered, compressed oops, g1 gc, windows-amd64)
# Problematic frame:
# C  0x00007ffc51e53db1
#
# No core dump will be written. Minidumps are not enabled by default on client versions of Windows
#
# If you would like to submit a bug report, please visit:
#   http://bugreport.java.com/bugreport/crash.jsp
# The crash happened outside the Java Virtual Machine in native code.
# See problematic frame for where to report the bug.
#

---------------  S U M M A R Y ------------

Command Line: -Dsun.java2d.pmoffscreen=false -Dsun.java2d.xrender=false -Dsun.java2d.d3d=false -Dsun.awt.nopixfmt=true -Dsun.java2d.dpiaware=true -Dsun.java2d.uiScale.enabled=false -Xverify:none -Dswing.aatext=true -XX:-UsePerfData -Djdk.map.althashing.threshold=512 -XX:StringTableSize=4072 --add-opens=java.base/java.nio=ALL-UNNAMED --add-opens=java.desktop/sun.swing=ALL-UNNAMED --add-opens=java.desktop/javax.swing=ALL-UNNAMED --add-opens=java.desktop/javax.swing.tree=ALL-UNNAMED --add-opens=java.desktop/javax.swing.plaf.basic=ALL-UNNAMED --add-opens=java.desktop/javax.swing.plaf.synth=ALL-UNNAMED --add-opens=java.desktop/com.sun.awt=ALL-UNNAMED -XX:NewSize=60m -XX:MaxNewSize=60m -Xms128m -Xmx3072m -Xss5m 

Host: 11th Gen Intel(R) Core(TM) i5-1155G7 @ 2.50GHz, 8 cores, 15G,  Windows 10 , 64 bit Build 19041 (10.0.19041.2546)
Time: Wed Mar 22 14:31:49 2023 ?D1¨²¡À¨º¡Á?¨º¡À?? elapsed time: 5828 seconds (0d 1h 37m 8s)

---------------  T H R E A D  ---------------

Current thread (0x000001bf6d38f800):  JavaThread "AWT-EventQueue-1" [_thread_in_native, id=7976, stack(0x0000007ce1600000,0x0000007ce1b00000)]

Stack: [0x0000007ce1600000,0x0000007ce1b00000],  sp=0x0000007ce1af76c0,  free space=5085k
Native frames: (J=compiled Java code, j=interpreted, Vv=VM code, C=native code)

Java frames: (J=compiled Java code, j=interpreted, Vv=VM code)
J 23928  ui.data.labtools.lthwdatai.HWDevice_getStatus(J)Ljava/lang/String; (0 bytes) @ 0x000001bf5d6038a1 [0x000001bf5d603860+0x0000000000000041]
j  ui.data.labtools.d.cH()Ljava/lang/String;+4
j  ui.b.t.ag.cTv()V+70
j  ui.b.t.ag.av(Lui/data/bh;)V+13
j  ui.b.c.bL.ax(Lui/data/bh;)V+7
j  ui.b.c.bl.ax(Lui/data/bh;)V+35
j  ui.views.cz.ax(Lui/data/bh;)V+5
j  ui.views.cz.display()V+107
j  ui.views.cz.fhz()V+52
j  ui.views.bD.ffM()V+1
j  ui.views.bD$$Lambda$336.run()V+4
J 15967 c2 java.awt.EventQueue$3.run()Ljava/lang/Object; java.desktop@9.0.4 (5 bytes) @ 0x000001bf5cc284c0 [0x000001bf5cc281a0+0x0000000000000320]
v  ~StubRoutines::call_stub
J 3803  java.security.AccessController.doPrivileged(Ljava/security/PrivilegedAction;Ljava/security/AccessControlContext;)Ljava/lang/Object; java.base@9.0.4 (0 bytes) @ 0x000001bf5c112c46 [0x000001bf5c112be0+0x0000000000000066]
J 15960 c2 ui.frmwork.b.d.dispatchEvent(Ljava/awt/AWTEvent;)V (34 bytes) @ 0x000001bf5cc06300 [0x000001bf5cc05ce0+0x0000000000000620]
J 22675 c2 java.awt.EventDispatchThread.pumpOneEventForFilters(I)V java.desktop@9.0.4 (218 bytes) @ 0x000001bf5d4f80fc [0x000001bf5d4f7ca0+0x000000000000045c]
J 23897 c2 java.awt.EventDispatchThread.pumpEventsForFilter(ILjava/awt/Conditional;Ljava/awt/EventFilter;)V java.desktop@9.0.4 (47 bytes) @ 0x000001bf5d5fca98 [0x000001bf5d5fc8e0+0x00000000000001b8]
j  java.awt.EventDispatchThread.pumpEventsForFilter(Ljava/awt/Conditional;Ljava/awt/EventFilter;)V+4 java.desktop@9.0.4
j  java.awt.WaitDispatchSupport$2.run()V+59 java.desktop@9.0.4
j  java.awt.WaitDispatchSupport$4.run()Ljava/lang/Void;+4 java.desktop@9.0.4
j  java.awt.WaitDispatchSupport$4.run()Ljava/lang/Object;+1 java.desktop@9.0.4
v  ~StubRoutines::call_stub
J 1024  java.security.AccessController.doPrivileged(Ljava/security/PrivilegedAction;)Ljava/lang/Object; java.base@9.0.4 (0 bytes) @ 0x000001bf5bf6b232 [0x000001bf5bf6b1e0+0x0000000000000052]
j  java.awt.WaitDispatchSupport.enter()Z+260 java.desktop@9.0.4
j  java.awt.Dialog.show()V+225 java.desktop@9.0.4
J 24672 c1 java.awt.Window.setVisible(Z)V java.desktop@9.0.4 (6 bytes) @ 0x000001bf55da2584 [0x000001bf55da2360+0x0000000000000224]
j  java.awt.Dialog.setVisible(Z)V+2 java.desktop@9.0.4
j  ui.b.c.g.setVisible(Z)V+2
j  ui.b.c.by.showDialog()V+64
j  ui.b.c.bF.actionPerformed(Ljava/awt/event/ActionEvent;)V+8
j  ui.b.c.by.cJI()V+396
j  ui.views.c.t.b.f.run()V+4
j  ui.views.S.X.a(Ljava/lang/String;ZLjava/lang/Runnable;Ljava/lang/Runnable;)Z+252
j  ui.views.S.X.a(Ljava/lang/String;Ljava/lang/Runnable;Ljava/lang/Runnable;)Z+5
j  ui.views.S.X.b(Ljava/lang/String;Ljava/lang/Runnable;)Z+4
j  ui.views.c.t.b.d.b(Lui/data/design/C;Ljava/lang/String;Ljava/lang/String;)V+472
j  ui.views.c.t.b.d.C(Lui/data/design/C;)V+6
j  ui.views.c.t.b.d.D(Lui/data/design/C;)V+130
j  ui.views.c.t.b.d.run()V+249
j  ui.frmwork.a.dWF()Z+66
j  ui.utils.aN.actionPerformed(Ljava/awt/event/ActionEvent;)V+4
j  javax.swing.AbstractButton.fireActionPerformed(Ljava/awt/event/ActionEvent;)V+84 java.desktop@9.0.4
j  javax.swing.AbstractButton$Handler.actionPerformed(Ljava/awt/event/ActionEvent;)V+5 java.desktop@9.0.4
j  javax.swing.DefaultButtonModel.fireActionPerformed(Ljava/awt/event/ActionEvent;)V+34 java.desktop@9.0.4
J 28239 c1 javax.swing.DefaultButtonModel.setPressed(Z)V java.desktop@9.0.4 (125 bytes) @ 0x000001bf57dd5844 [0x000001bf57dd4980+0x0000000000000ec4]
j  javax.swing.AbstractButton.doClick(I)V+60 java.desktop@9.0.4
j  javax.swing.plaf.basic.BasicMenuItemUI.doClick(Ljavax/swing/MenuSelectionManager;)V+47 java.desktop@9.0.4
j  javax.swing.plaf.basic.BasicMenuItemUI$Handler.mouseReleased(Ljava/awt/event/MouseEvent;)V+76 java.desktop@9.0.4
J 23531 c1 java.awt.AWTEventMulticaster.mouseReleased(Ljava/awt/event/MouseEvent;)V java.desktop@9.0.4 (27 bytes) @ 0x000001bf563d4b8c [0x000001bf563d4980+0x000000000000020c]
J 27007 c2 javax.swing.JComponent.processMouseEvent(Ljava/awt/event/MouseEvent;)V java.desktop@9.0.4 (27 bytes) @ 0x000001bf5d83485c [0x000001bf5d834720+0x000000000000013c]
J 18391 c2 java.awt.Container.processEvent(Ljava/awt/AWTEvent;)V java.desktop@9.0.4 (22 bytes) @ 0x000001bf5c895e00 [0x000001bf5c895ca0+0x0000000000000160]
J 18958 c2 java.awt.Component.dispatchEventImpl(Ljava/awt/AWTEvent;)V java.desktop@9.0.4 (739 bytes) @ 0x000001bf5d083870 [0x000001bf5d083040+0x0000000000000830]
J 22399 c2 java.awt.Container.dispatchEventImpl(Ljava/awt/AWTEvent;)V java.desktop@9.0.4 (129 bytes) @ 0x000001bf5d4b2f78 [0x000001bf5d4b2f20+0x0000000000000058]
J 13184 c2 java.awt.LightweightDispatcher.retargetMouseEvent(Ljava/awt/Component;ILjava/awt/event/MouseEvent;)V java.desktop@9.0.4 (350 bytes) @ 0x000001bf5c91c540 [0x000001bf5c91c020+0x0000000000000520]
J 19256 c2 java.awt.LightweightDispatcher.processMouseEvent(Ljava/awt/event/MouseEvent;)Z java.desktop@9.0.4 (265 bytes) @ 0x000001bf5d105f94 [0x000001bf5d1057c0+0x00000000000007d4]
J 19153 c2 java.awt.Window.dispatchEventImpl(Ljava/awt/AWTEvent;)V java.desktop@9.0.4 (23 bytes) @ 0x000001bf5d0cfd1c [0x000001bf5d0cfa60+0x00000000000002bc]
J 15967 c2 java.awt.EventQueue$3.run()Ljava/lang/Object; java.desktop@9.0.4 (5 bytes) @ 0x000001bf5cc2835c [0x000001bf5cc281a0+0x00000000000001bc]
v  ~StubRoutines::call_stub
J 3803  java.security.AccessController.doPrivileged(Ljava/security/PrivilegedAction;Ljava/security/AccessControlContext;)Ljava/lang/Object; java.base@9.0.4 (0 bytes) @ 0x000001bf5c112c46 [0x000001bf5c112be0+0x0000000000000066]
J 18493 c2 java.awt.EventQueue$4.run()Ljava/lang/Object; java.desktop@9.0.4 (5 bytes) @ 0x000001bf5c9ff834 [0x000001bf5c9ff5e0+0x0000000000000254]
v  ~StubRoutines::call_stub
J 3803  java.security.AccessController.doPrivileged(Ljava/security/PrivilegedAction;Ljava/security/AccessControlContext;)Ljava/lang/Object; java.base@9.0.4 (0 bytes) @ 0x000001bf5c112c46 [0x000001bf5c112be0+0x0000000000000066]
J 15960 c2 ui.frmwork.b.d.dispatchEvent(Ljava/awt/AWTEvent;)V (34 bytes) @ 0x000001bf5cc06114 [0x000001bf5cc05ce0+0x0000000000000434]
J 22675 c2 java.awt.EventDispatchThread.pumpOneEventForFilters(I)V java.desktop@9.0.4 (218 bytes) @ 0x000001bf5d4f80fc [0x000001bf5d4f7ca0+0x000000000000045c]
J 23716% c2 java.awt.EventDispatchThread.pumpEventsForFilter(ILjava/awt/Conditional;Ljava/awt/EventFilter;)V java.desktop@9.0.4 (47 bytes) @ 0x000001bf5d5cba78 [0x000001bf5d5cb960+0x0000000000000118]
j  java.awt.EventDispatchThread.pumpEventsForHierarchy(ILjava/awt/Conditional;Ljava/awt/Component;)V+11 java.desktop@9.0.4
j  java.awt.EventDispatchThread.pumpEvents(ILjava/awt/Conditional;)V+4 java.desktop@9.0.4
j  java.awt.EventDispatchThread.pumpEvents(Ljava/awt/Conditional;)V+3 java.desktop@9.0.4
j  java.awt.EventDispatchThread.run()V+9 java.desktop@9.0.4
v  ~StubRoutines::call_stub

siginfo: EXCEPTION_ACCESS_VIOLATION (0xc0000005), reading address 0xffffffffffffffff


Register to memory mapping:

RIP=0x00007ffc51e53db1 is an unknown value
RAX=0x0000007ce1af7758 is pointing into the stack for thread: 0x000001bf6d38f800
RBX=0x000001bf1f514170 is an unknown value
RCX=0x000001bf115309e0 is an unknown value
RDX=0x000000000000002b is an unknown value
RSP=0x0000007ce1af76c0 is pointing into the stack for thread: 0x000001bf6d38f800
RBP=0x0000000000000000 is an unknown value
RSI=0x000001bf115309e0 is an unknown value
RDI=0x0073007200650073 is an unknown value
R8 =0x0000000000000000 is an unknown value
R9 =0x0000000000000000 is an unknown value
R10=0x0000000000008000 is an unknown value
R11=0x0000007ce1af76b0 is pointing into the stack for thread: 0x000001bf6d38f800
R12=0x0000000000000000 is an unknown value
R13=0x0000007ce1af7920 is pointing into the stack for thread: 0x000001bf6d38f800
R14=0x0000000000000000 is an unknown value
R15=0x000001bf6d38f800 is a thread


Registers:
RAX=0x0000007ce1af7758, RBX=0x000001bf1f514170, RCX=0x000001bf115309e0, RDX=0x000000000000002b
RSP=0x0000007ce1af76c0, RBP=0x0000000000000000, RSI=0x000001bf115309e0, RDI=0x0073007200650073
R8 =0x0000000000000000, R9 =0x0000000000000000, R10=0x0000000000008000, R11=0x0000007ce1af76b0
R12=0x0000000000000000, R13=0x0000007ce1af7920, R14=0x0000000000000000, R15=0x000001bf6d38f800
RIP=0x00007ffc51e53db1, EFLAGS=0x0000000000010206

Top of Stack: (sp=0x0000007ce1af76c0)
0x0000007ce1af76c0:   0000007ce1af7758 0000007ce1af7758
0x0000007ce1af76d0:   0000007ce1af7900 000001bf6d38fa18
0x0000007ce1af76e0:   fffffffffffffffe 00656c62616d6d61
0x0000007ce1af76f0:   0000000000000000 000001bf4b86ebf0
0x0000007ce1af7700:   000001bf6d38fa18 00007ffc51e93aad
0x0000007ce1af7710:   000001bf4b86ebf0 00007ffc0000002b
0x0000007ce1af7720:   0000007ce1af7900 000001bf5c2a91dc
0x0000007ce1af7730:   fffffffffffffffe 000001bf5c3e76ec
0x0000007ce1af7740:   0000007ce1af7810 00007ffc54923028
0x0000007ce1af7750:   0000007c0000002b 000001bf0000002b
0x0000007ce1af7760:   0000000706367e10 e027c9f600000000
0x0000007ce1af7770:   0000000700000001 fffffffffffffffe
0x0000007ce1af7780:   00000007000c27a0 00007ffc54b66c57
0x0000007ce1af7790:   000001bf27797ac8 0000007ce1af7810
0x0000007ce1af77a0:   0000000714c71018 0000000706367e00
0x0000007ce1af77b0:   000001bf6d38fa18 fffffffffffffffe 

Instructions: (pc=0x00007ffc51e53db1)
0x00007ffc51e53d91:   fe ff ff ff 48 89 5c 24 50 48 89 6c 24 60 41 0f
0x00007ffc51e53da1:   b6 e9 45 8b f0 48 8b f1 48 8b 59 08 48 8b 7b 08
0x00007ffc51e53db1:   80 7f 19 00 75 2d 66 0f 1f 84 00 00 00 00 00 48
0x00007ffc51e53dc1:   8d 4f 20 48 8d 54 24 58 e8 92 aa ff ff 84 c0 74 



---------------  P R O C E S S  ---------------

Java Threads: ( => current thread )
  0x000001bf18d54000 JavaThread "Run Simulation" [_thread_blocked, id=13628, stack(0x0000007ce6e00000,0x0000007ce7300000)]
  0x000001bf18d59000 JavaThread "Monitor File Timestamp Swing Worker" [_thread_blocked, id=13656, stack(0x0000007ce5700000,0x0000007ce5c00000)]
  0x000001bf18d56800 JavaThread "Timer-2" [_thread_blocked, id=13916, stack(0x0000007ce4a00000,0x0000007ce4f00000)]
  0x000001bf18d53800 JavaThread "Thread-1593" [_thread_in_native, id=10928, stack(0x0000007cd9d00000,0x0000007cd9e00000)]
  0x000001bf18d58000 JavaThread "Image Animator 0" daemon [_thread_blocked, id=9580, stack(0x0000007ce6800000,0x0000007ce6d00000)]
  0x000001bf7d5d9000 JavaThread "SyntheticaAnimation 50" daemon [_thread_blocked, id=10896, stack(0x0000007ce0700000,0x0000007ce0c00000)]
  0x000001bf7d5d7800 JavaThread "Update Runs Swing Worker" [_thread_blocked, id=18272, stack(0x0000007ce5e00000,0x0000007ce6300000)]
  0x000001bf7d5d7000 JavaThread "hw_ila_monitor" [_thread_blocked, id=19316, stack(0x0000007ce4f00000,0x0000007ce5400000)]
  0x000001bf4d37b000 JavaThread "Refresh Filesets Swing Worker" [_thread_blocked, id=12944, stack(0x0000007ce4500000,0x0000007ce4a00000)]
  0x000001bf4d381000 JavaThread "SyntheticaAnimation 70" daemon [_thread_blocked, id=16444, stack(0x0000007ce4000000,0x0000007ce4500000)]
  0x000001bf4d37e000 JavaThread "Swing-Shell" daemon [_thread_blocked, id=6908, stack(0x0000007ce3700000,0x0000007ce3c00000)]
  0x000001bf4d37d800 JavaThread "SyntheticaAnimation 25" daemon [_thread_blocked, id=12632, stack(0x0000007ce3200000,0x0000007ce3700000)]
  0x000001bf4d37f800 JavaThread "SyntheticaAnimation 50" daemon [_thread_blocked, id=19208, stack(0x0000007ce2d00000,0x0000007ce3200000)]
  0x000001bf4d37a800 JavaThread "Monitor HEventQueue" [_thread_blocked, id=13040, stack(0x0000007ce2800000,0x0000007ce2d00000)]
  0x000001bf4d37f000 JavaThread "SyntheticaCleanerThread" daemon [_thread_blocked, id=12940, stack(0x0000007ce2000000,0x0000007ce2500000)]
  0x000001bf4d37c800 JavaThread "Batik CleanerThread" daemon [_thread_blocked, id=18592, stack(0x0000007ce0c00000,0x0000007ce1100000)]
=>0x000001bf6d38f800 JavaThread "AWT-EventQueue-1" [_thread_in_native, id=7976, stack(0x0000007ce1600000,0x0000007ce1b00000)]
  0x000001bf6d4c0800 JavaThread "Process Messages" [_thread_blocked, id=17032, stack(0x0000007ce1100000,0x0000007ce1600000)]
  0x000001bf6d393000 JavaThread "Thread-1" [_thread_in_native, id=16644, stack(0x0000007cd9f00000,0x0000007cdb300000)]
  0x000001bf6e945000 JavaThread "TimerQueue" daemon [_thread_blocked, id=15516, stack(0x0000007ce0200000,0x0000007ce0700000)]
  0x000001bf6cf94800 JavaThread "AWT-Windows" daemon [_thread_in_native, id=5872, stack(0x0000007cdfd00000,0x0000007ce0200000)]
  0x000001bf6cf94000 JavaThread "AWT-Shutdown" [_thread_blocked, id=15604, stack(0x0000007cdf800000,0x0000007cdfd00000)]
  0x000001bf6d299800 JavaThread "Java2D Disposer" daemon [_thread_blocked, id=18724, stack(0x0000007cdf300000,0x0000007cdf800000)]
  0x000001bf4847f800 JavaThread "Service Thread" daemon [_thread_blocked, id=18036, stack(0x0000007cded00000,0x0000007cdf200000)]
  0x000001bf4d385000 JavaThread "Common-Cleaner" daemon [_thread_blocked, id=17360, stack(0x0000007cde800000,0x0000007cded00000)]
  0x000001bf4d37c000 JavaThread "Sweeper thread" daemon [_thread_blocked, id=19212, stack(0x0000007cde300000,0x0000007cde800000)]
  0x000001bf456e2800 JavaThread "C1 CompilerThread3" daemon [_thread_blocked, id=14928, stack(0x0000007cde200000,0x0000007cde300000)]
  0x000001bf4b0d1000 JavaThread "C2 CompilerThread2" daemon [_thread_blocked, id=10808, stack(0x0000007cde100000,0x0000007cde200000)]
  0x000001bf4b0d0800 JavaThread "C2 CompilerThread1" daemon [_thread_blocked, id=17660, stack(0x0000007cde000000,0x0000007cde100000)]
  0x000001bf4cb0d000 JavaThread "C2 CompilerThread0" daemon [_thread_blocked, id=17744, stack(0x0000007cddf00000,0x0000007cde000000)]
  0x000001bf4cb0c800 JavaThread "Attach Listener" daemon [_thread_blocked, id=11184, stack(0x0000007cdda00000,0x0000007cddf00000)]
  0x000001bf4ba73800 JavaThread "Signal Dispatcher" daemon [_thread_blocked, id=18368, stack(0x0000007cdd500000,0x0000007cdda00000)]
  0x000001bf4b844000 JavaThread "Finalizer" daemon [_thread_blocked, id=19440, stack(0x0000007cdd000000,0x0000007cdd500000)]
  0x000001bf4a966000 JavaThread "Reference Handler" daemon [_thread_blocked, id=8304, stack(0x0000007cdcb00000,0x0000007cdd000000)]
  0x000001bf4d7d0800 JavaThread "main" [_thread_blocked, id=17612, stack(0x0000007cd9e00000,0x0000007cd9f00000)]

Other Threads:
  0x000001bf4d404000 VMThread "VM Thread" [stack: 0x0000007cdca00000,0x0000007cdcb00000] [id=12184]
  0x000001bf48426800 WatcherThread [stack: 0x0000007cdf200000,0x0000007cdf300000] [id=19284]
  0x000001bf45146000 GCTaskThread "GC Thread#0" [stack: 0x0000007cdb600000,0x0000007cdb700000] [id=16420]
  0x000001bf45146800 GCTaskThread "GC Thread#1" [stack: 0x0000007cdb700000,0x0000007cdb800000] [id=19352]
  0x000001bf45147000 GCTaskThread "GC Thread#2" [stack: 0x0000007cdb800000,0x0000007cdb900000] [id=3568]
  0x000001bf45147800 GCTaskThread "GC Thread#3" [stack: 0x0000007cdb900000,0x0000007cdba00000] [id=17856]
  0x000001bf45145000 GCTaskThread "GC Thread#4" [stack: 0x0000007cdba00000,0x0000007cdbb00000] [id=8968]
  0x000001bf45148800 GCTaskThread "GC Thread#5" [stack: 0x0000007cdbb00000,0x0000007cdbc00000] [id=11000]
  0x000001bf4514a000 GCTaskThread "GC Thread#6" [stack: 0x0000007cdbc00000,0x0000007cdbd00000] [id=1284]
  0x000001bf45149000 GCTaskThread "GC Thread#7" [stack: 0x0000007cdbd00000,0x0000007cdbe00000] [id=17976]
  0x000001bf4acdc800 ConcurrentGCThread "G1 Main Marker" [stack: 0x0000007cdc700000,0x0000007cdc800000] [id=16192]
  0x000001bf45149800 ConcurrentGCThread "G1 Marker#0" [stack: 0x0000007cdc800000,0x0000007cdc900000] [id=11668]
  0x000001bf45143800 ConcurrentGCThread "G1 Marker#1" [stack: 0x0000007cdc900000,0x0000007cdca00000] [id=17424]
  0x000001bf4b86b000 ConcurrentGCThread "G1 Refine#0" [stack: 0x0000007cdc500000,0x0000007cdc600000] [id=19140]
  0x000001bf4b86c800 ConcurrentGCThread "G1 Refine#1" [stack: 0x0000007cdc400000,0x0000007cdc500000] [id=11388]
  0x000001bf4b86b800 ConcurrentGCThread "G1 Refine#2" [stack: 0x0000007cdc300000,0x0000007cdc400000] [id=17160]
  0x000001bf4b871800 ConcurrentGCThread "G1 Refine#3" [stack: 0x0000007cdc200000,0x0000007cdc300000] [id=17464]
  0x000001bf4a2de000 ConcurrentGCThread "G1 Refine#4" [stack: 0x0000007cdc100000,0x0000007cdc200000] [id=16928]
  0x000001bf4ace5800 ConcurrentGCThread "G1 Refine#5" [stack: 0x0000007cdc000000,0x0000007cdc100000] [id=10460]
  0x000001bf4ace5000 ConcurrentGCThread "G1 Refine#6" [stack: 0x0000007cdbf00000,0x0000007cdc000000] [id=5820]
  0x000001bf4ace4800 ConcurrentGCThread "G1 Refine#7" [stack: 0x0000007cdbe00000,0x0000007cdbf00000] [id=8704]
  0x000001bf4b4bb800 ConcurrentGCThread "G1 Young RemSet Sampling" [stack: 0x0000007cdc600000,0x0000007cdc700000] [id=3720]

Threads with active compile tasks:

VM state:not at safepoint (normal execution)

VM Mutex/Monitor currently owned by a thread: None

Heap address: 0x0000000700000000, size: 3072 MB, Compressed Oops mode: Zero based, Oop shift amount: 3
Narrow klass base: 0x0000000000000000, Narrow klass shift: 3
Compressed class space size: 1073741824 Address: 0x00000007c0000000

Heap:
 garbage-first heap   total 373760K, used 177708K [0x0000000700000000, 0x0000000700100b68, 0x00000007c0000000)
  region size 1024K, 35 young (35840K), 2 survivors (2048K)
 Metaspace       used 102457K, capacity 105437K, committed 112048K, reserved 1144832K
  class space    used 14083K, capacity 14661K, committed 16048K, reserved 1048576K
Heap Regions: E=young(eden), S=young(survivor), O=old, HS=humongous(starts), HC=humongous(continues), CS=collection set, F=free, A=archive, TS=gc time stamp, AC=allocation context, TAMS=top-at-mark-start (previous, next)
|   0|0x0000000700000000, 0x00000007000fb418, 0x0000000700100000| 98%| O|  |TS  0|AC  0|TAMS 0x0000000700000000, 0x0000000700000000|
|   1|0x0000000700100000, 0x0000000700200000, 0x0000000700200000|100%|HS|  |TS  0|AC  0|TAMS 0x0000000700100000, 0x0000000700100000|
|   2|0x0000000700200000, 0x0000000700300000, 0x0000000700300000|100%|HC|  |TS  0|AC  0|TAMS 0x0000000700200000, 0x0000000700200000|
|   3|0x0000000700300000, 0x0000000700400000, 0x0000000700400000|100%|HS|  |TS  0|AC  0|TAMS 0x0000000700300000, 0x0000000700300000|
|   4|0x0000000700400000, 0x00000007004f75c8, 0x0000000700500000| 96%| O|  |TS  0|AC  0|TAMS 0x0000000700400000, 0x0000000700400000|
|   5|0x0000000700500000, 0x00000007005fd9f0, 0x0000000700600000| 99%| O|  |TS  0|AC  0|TAMS 0x0000000700500000, 0x0000000700500000|
|   6|0x0000000700600000, 0x00000007006fd410, 0x0000000700700000| 98%| O|  |TS  0|AC  0|TAMS 0x0000000700600000, 0x0000000700600000|
|   7|0x0000000700700000, 0x00000007007ffff8, 0x0000000700800000| 99%| O|  |TS  0|AC  0|TAMS 0x0000000700700000, 0x0000000700700000|
|   8|0x0000000700800000, 0x00000007008fffd8, 0x0000000700900000| 99%| O|  |TS  0|AC  0|TAMS 0x0000000700800000, 0x0000000700800000|
|   9|0x0000000700900000, 0x00000007009fffe8, 0x0000000700a00000| 99%| O|  |TS  0|AC  0|TAMS 0x0000000700900000, 0x0000000700900000|
|  10|0x0000000700a00000, 0x0000000700afffd0, 0x0000000700b00000| 99%| O|  |TS  0|AC  0|TAMS 0x0000000700a00000, 0x0000000700a00000|
|  11|0x0000000700b00000, 0x0000000700bf9510, 0x0000000700c00000| 97%| O|  |TS  0|AC  0|TAMS 0x0000000700b00000, 0x0000000700b00000|
|  12|0x0000000700c00000, 0x0000000700d00000, 0x0000000700d00000|100%|HS|  |TS  0|AC  0|TAMS 0x0000000700c00000, 0x0000000700c00000|
|  13|0x0000000700d00000, 0x0000000700e00000, 0x0000000700e00000|100%| O|  |TS  0|AC  0|TAMS 0x0000000700d00000, 0x0000000700d00000|
|  14|0x0000000700e00000, 0x0000000700efed58, 0x0000000700f00000| 99%| O|  |TS  0|AC  0|TAMS 0x0000000700e00000, 0x0000000700e00000|
|  15|0x0000000700f00000, 0x0000000700fe5170, 0x0000000701000000| 89%| O|  |TS  0|AC  0|TAMS 0x0000000700f00000, 0x0000000700f00000|
|  16|0x0000000701000000, 0x00000007010ffff0, 0x0000000701100000| 99%| O|  |TS  0|AC  0|TAMS 0x0000000701000000, 0x0000000701000000|
|  17|0x0000000701100000, 0x00000007011ffff8, 0x0000000701200000| 99%| O|  |TS  0|AC  0|TAMS 0x0000000701100000, 0x0000000701100000|
|  18|0x0000000701200000, 0x00000007012fffd8, 0x0000000701300000| 99%| O|  |TS  0|AC  0|TAMS 0x0000000701200000, 0x0000000701200000|
|  19|0x0000000701300000, 0x00000007013fed70, 0x0000000701400000| 99%| O|  |TS  0|AC  0|TAMS 0x0000000701300000, 0x0000000701300000|
|  20|0x0000000701400000, 0x00000007014ffff8, 0x0000000701500000| 99%| O|  |TS  0|AC  0|TAMS 0x0000000701400000, 0x0000000701400000|
|  21|0x0000000701500000, 0x00000007015ffff0, 0x0000000701600000| 99%| O|  |TS  0|AC  0|TAMS 0x0000000701500000, 0x0000000701500000|
|  22|0x0000000701600000, 0x00000007016fffe0, 0x0000000701700000| 99%| O|  |TS  0|AC  0|TAMS 0x0000000701600000, 0x0000000701600000|
|  23|0x0000000701700000, 0x00000007017fffc8, 0x0000000701800000| 99%| O|  |TS  0|AC  0|TAMS 0x0000000701700000, 0x0000000701700000|
|  24|0x0000000701800000, 0x00000007018ffff0, 0x0000000701900000| 99%| O|  |TS  0|AC  0|TAMS 0x0000000701800000, 0x0000000701800000|
|  25|0x0000000701900000, 0x00000007019fbc68, 0x0000000701a00000| 98%| O|  |TS  0|AC  0|TAMS 0x0000000701900000, 0x0000000701900000|
|  26|0x0000000701a00000, 0x0000000701b00000, 0x0000000701b00000|100%| O|  |TS  0|AC  0|TAMS 0x0000000701a00000, 0x0000000701a00000|
|  27|0x0000000701b00000, 0x0000000701bfffe8, 0x0000000701c00000| 99%| O|  |TS  0|AC  0|TAMS 0x0000000701b00000, 0x0000000701b00000|
|  28|0x0000000701c00000, 0x0000000701d00000, 0x0000000701d00000|100%| O|  |TS  0|AC  0|TAMS 0x0000000701c00000, 0x0000000701c00000|
|  29|0x0000000701d00000, 0x0000000701dffff0, 0x0000000701e00000| 99%| O|  |TS  0|AC  0|TAMS 0x0000000701d00000, 0x0000000701d00000|
|  30|0x0000000701e00000, 0x0000000701effe98, 0x0000000701f00000| 99%| O|  |TS  0|AC  0|TAMS 0x0000000701e00000, 0x0000000701e00000|
|  31|0x0000000701f00000, 0x0000000701fffff8, 0x0000000702000000| 99%| O|  |TS  0|AC  0|TAMS 0x0000000701f00000, 0x0000000701f00000|
|  32|0x0000000702000000, 0x00000007020ffe68, 0x0000000702100000| 99%| O|  |TS  0|AC  0|TAMS 0x0000000702000000, 0x0000000702000000|
|  33|0x0000000702100000, 0x00000007021cf230, 0x0000000702200000| 80%| O|  |TS  0|AC  0|TAMS 0x0000000702100000, 0x0000000702100000|
|  34|0x0000000702200000, 0x00000007022ca938, 0x0000000702300000| 79%| O|  |TS  0|AC  0|TAMS 0x0000000702200000, 0x0000000702200000|
|  35|0x0000000702300000, 0x00000007023ffff0, 0x0000000702400000| 99%| O|  |TS  0|AC  0|TAMS 0x0000000702300000, 0x0000000702300000|
|  36|0x0000000702400000, 0x00000007024ffff8, 0x0000000702500000| 99%| O|  |TS  0|AC  0|TAMS 0x0000000702400000, 0x0000000702400000|
|  37|0x0000000702500000, 0x0000000702600000, 0x0000000702600000|100%| O|  |TS  0|AC  0|TAMS 0x0000000702500000, 0x0000000702500000|
|  38|0x0000000702600000, 0x00000007026fe2d8, 0x0000000702700000| 99%| O|  |TS  0|AC  0|TAMS 0x0000000702600000, 0x0000000702600000|
|  39|0x0000000702700000, 0x0000000702800000, 0x0000000702800000|100%| O|  |TS  0|AC  0|TAMS 0x0000000702700000, 0x0000000702700000|
|  40|0x0000000702800000, 0x00000007028fff30, 0x0000000702900000| 99%| O|  |TS  0|AC  0|TAMS 0x0000000702800000, 0x0000000702800000|
|  41|0x0000000702900000, 0x00000007029fe6f8, 0x0000000702a00000| 99%| O|  |TS  0|AC  0|TAMS 0x0000000702900000, 0x0000000702900000|
|  42|0x0000000702a00000, 0x0000000702afffc0, 0x0000000702b00000| 99%| O|  |TS  0|AC  0|TAMS 0x0000000702a00000, 0x0000000702a00000|
|  43|0x0000000702b00000, 0x0000000702bfffe8, 0x0000000702c00000| 99%| O|  |TS  0|AC  0|TAMS 0x0000000702b00000, 0x0000000702b00000|
|  44|0x0000000702c00000, 0x0000000702cfffd8, 0x0000000702d00000| 99%| O|  |TS  0|AC  0|TAMS 0x0000000702c00000, 0x0000000702c00000|
|  45|0x0000000702d00000, 0x0000000702dfffe8, 0x0000000702e00000| 99%| O|  |TS  0|AC  0|TAMS 0x0000000702d00000, 0x0000000702d00000|
|  46|0x0000000702e00000, 0x0000000702f00000, 0x0000000702f00000|100%| O|  |TS  0|AC  0|TAMS 0x0000000702e00000, 0x0000000702e00000|
|  47|0x0000000702f00000, 0x0000000702fffdc0, 0x0000000703000000| 99%| O|  |TS  0|AC  0|TAMS 0x0000000702f00000, 0x0000000702f00000|
|  48|0x0000000703000000, 0x0000000703100000, 0x0000000703100000|100%|HS|  |TS  0|AC  0|TAMS 0x0000000703000000, 0x0000000703000000|
|  49|0x0000000703100000, 0x0000000703200000, 0x0000000703200000|100%|HC|  |TS  0|AC  0|TAMS 0x0000000703100000, 0x0000000703100000|
|  50|0x0000000703200000, 0x0000000703300000, 0x0000000703300000|100%|HC|  |TS  0|AC  0|TAMS 0x0000000703200000, 0x0000000703200000|
|  51|0x0000000703300000, 0x0000000703400000, 0x0000000703400000|100%|HC|  |TS  0|AC  0|TAMS 0x0000000703300000, 0x0000000703300000|
|  52|0x0000000703400000, 0x0000000703500000, 0x0000000703500000|100%|HC|  |TS  0|AC  0|TAMS 0x0000000703400000, 0x0000000703400000|
|  53|0x0000000703500000, 0x0000000703600000, 0x0000000703600000|100%|HC|  |TS  0|AC  0|TAMS 0x0000000703500000, 0x0000000703500000|
|  54|0x0000000703600000, 0x0000000703700000, 0x0000000703700000|100%|HC|  |TS  0|AC  0|TAMS 0x0000000703600000, 0x0000000703600000|
|  55|0x0000000703700000, 0x0000000703800000, 0x0000000703800000|100%|HC|  |TS  0|AC  0|TAMS 0x0000000703700000, 0x0000000703700000|
|  56|0x0000000703800000, 0x00000007038fffd0, 0x0000000703900000| 99%| O|  |TS  0|AC  0|TAMS 0x0000000703800000, 0x0000000703800000|
|  57|0x0000000703900000, 0x0000000703a00000, 0x0000000703a00000|100%| O|  |TS  0|AC  0|TAMS 0x0000000703900000, 0x0000000703900000|
|  58|0x0000000703a00000, 0x0000000703affff0, 0x0000000703b00000| 99%| O|  |TS  0|AC  0|TAMS 0x0000000703a00000, 0x0000000703a00000|
|  59|0x0000000703b00000, 0x0000000703bffff0, 0x0000000703c00000| 99%| O|  |TS  0|AC  0|TAMS 0x0000000703b00000, 0x0000000703b00000|
|  60|0x0000000703c00000, 0x0000000703d00000, 0x0000000703d00000|100%| O|  |TS  0|AC  0|TAMS 0x0000000703c00000, 0x0000000703c00000|
|  61|0x0000000703d00000, 0x0000000703dfffe8, 0x0000000703e00000| 99%| O|  |TS  0|AC  0|TAMS 0x0000000703d00000, 0x0000000703d00000|
|  62|0x0000000703e00000, 0x0000000703effff8, 0x0000000703f00000| 99%| O|  |TS  0|AC  0|TAMS 0x0000000703e00000, 0x0000000703e00000|
|  63|0x0000000703f00000, 0x0000000703ffffe8, 0x0000000704000000| 99%| O|  |TS  0|AC  0|TAMS 0x0000000703f00000, 0x0000000703f00000|
|  64|0x0000000704000000, 0x0000000704100000, 0x0000000704100000|100%| O|  |TS  0|AC  0|TAMS 0x0000000704000000, 0x0000000704000000|
|  65|0x0000000704100000, 0x00000007041fffe0, 0x0000000704200000| 99%| O|  |TS  0|AC  0|TAMS 0x0000000704100000, 0x0000000704100000|
|  66|0x0000000704200000, 0x00000007042ffff0, 0x0000000704300000| 99%| O|  |TS  0|AC  0|TAMS 0x0000000704200000, 0x0000000704200000|
|  67|0x0000000704300000, 0x0000000704400000, 0x0000000704400000|100%| O|  |TS  0|AC  0|TAMS 0x0000000704300000, 0x0000000704300000|
|  68|0x0000000704400000, 0x00000007044ffff0, 0x0000000704500000| 99%| O|  |TS  0|AC  0|TAMS 0x0000000704400000, 0x0000000704400000|
|  69|0x0000000704500000, 0x00000007045ffac8, 0x0000000704600000| 99%| O|  |TS  0|AC  0|TAMS 0x0000000704500000, 0x0000000704500000|
|  70|0x0000000704600000, 0x00000007046fffd8, 0x0000000704700000| 99%| O|  |TS  0|AC  0|TAMS 0x0000000704600000, 0x0000000704600000|
|  71|0x0000000704700000, 0x00000007047ffff8, 0x0000000704800000| 99%| O|  |TS  0|AC  0|TAMS 0x0000000704700000, 0x0000000704700000|
|  72|0x0000000704800000, 0x00000007048fffc8, 0x0000000704900000| 99%| O|  |TS  0|AC  0|TAMS 0x0000000704800000, 0x0000000704800000|
|  73|0x0000000704900000, 0x00000007049fffd0, 0x0000000704a00000| 99%| O|  |TS  0|AC  0|TAMS 0x0000000704900000, 0x0000000704900000|
|  74|0x0000000704a00000, 0x0000000704affed8, 0x0000000704b00000| 99%| O|  |TS  0|AC  0|TAMS 0x0000000704a00000, 0x0000000704a00000|
|  75|0x0000000704b00000, 0x0000000704bfffc0, 0x0000000704c00000| 99%| O|  |TS  0|AC  0|TAMS 0x0000000704b00000, 0x0000000704b00000|
|  76|0x0000000704c00000, 0x0000000704cfffc0, 0x0000000704d00000| 99%| O|  |TS  0|AC  0|TAMS 0x0000000704c00000, 0x0000000704c00000|
|  77|0x0000000704d00000, 0x0000000704dffff8, 0x0000000704e00000| 99%| O|  |TS  0|AC  0|TAMS 0x0000000704d00000, 0x0000000704d00000|
|  78|0x0000000704e00000, 0x0000000704f00000, 0x0000000704f00000|100%| O|  |TS  0|AC  0|TAMS 0x0000000704e00000, 0x0000000704e00000|
|  79|0x0000000704f00000, 0x0000000704fffff8, 0x0000000705000000| 99%| O|  |TS  0|AC  0|TAMS 0x0000000704f00000, 0x0000000704f00000|
|  80|0x0000000705000000, 0x00000007050ffff8, 0x0000000705100000| 99%| O|  |TS  0|AC  0|TAMS 0x0000000705000000, 0x0000000705000000|
|  81|0x0000000705100000, 0x00000007051fffd8, 0x0000000705200000| 99%| O|  |TS  0|AC  0|TAMS 0x0000000705100000, 0x0000000705100000|
|  82|0x0000000705200000, 0x00000007052ffff8, 0x0000000705300000| 99%| O|  |TS  0|AC  0|TAMS 0x0000000705200000, 0x0000000705200000|
|  83|0x0000000705300000, 0x0000000705400000, 0x0000000705400000|100%| O|  |TS  0|AC  0|TAMS 0x0000000705300000, 0x0000000705300000|
|  84|0x0000000705400000, 0x0000000705500000, 0x0000000705500000|100%| O|  |TS  0|AC  0|TAMS 0x0000000705400000, 0x0000000705400000|
|  85|0x0000000705500000, 0x00000007055ffff0, 0x0000000705600000| 99%| O|  |TS  0|AC  0|TAMS 0x0000000705500000, 0x0000000705500000|
|  86|0x0000000705600000, 0x00000007056fb1f0, 0x0000000705700000| 98%| O|  |TS  0|AC  0|TAMS 0x0000000705600000, 0x0000000705600000|
|  87|0x0000000705700000, 0x0000000705800000, 0x0000000705800000|100%|HS|  |TS  0|AC  0|TAMS 0x0000000705700000, 0x0000000705700000|
|  88|0x0000000705800000, 0x0000000705900000, 0x0000000705900000|100%|HC|  |TS  0|AC  0|TAMS 0x0000000705800000, 0x0000000705800000|
|  89|0x0000000705900000, 0x00000007059fffe8, 0x0000000705a00000| 99%| O|  |TS  0|AC  0|TAMS 0x0000000705900000, 0x0000000705900000|
|  90|0x0000000705a00000, 0x0000000705b00000, 0x0000000705b00000|100%| O|  |TS  0|AC  0|TAMS 0x0000000705a00000, 0x0000000705a00000|
|  91|0x0000000705b00000, 0x0000000705bffe58, 0x0000000705c00000| 99%| O|  |TS  0|AC  0|TAMS 0x0000000705b00000, 0x0000000705b00000|
|  92|0x0000000705c00000, 0x0000000705cffff0, 0x0000000705d00000| 99%| O|  |TS  0|AC  0|TAMS 0x0000000705c00000, 0x0000000705c00000|
|  93|0x0000000705d00000, 0x0000000705dfffd8, 0x0000000705e00000| 99%| O|  |TS  0|AC  0|TAMS 0x0000000705d00000, 0x0000000705d00000|
|  94|0x0000000705e00000, 0x0000000705f00000, 0x0000000705f00000|100%| O|  |TS  0|AC  0|TAMS 0x0000000705e00000, 0x0000000705e00000|
|  95|0x0000000705f00000, 0x0000000705fffa88, 0x0000000706000000| 99%| O|  |TS  0|AC  0|TAMS 0x0000000705f00000, 0x0000000705f00000|
|  96|0x0000000706000000, 0x0000000706100000, 0x0000000706100000|100%| O|  |TS  0|AC  0|TAMS 0x0000000706000000, 0x0000000706000000|
|  97|0x0000000706100000, 0x0000000706200000, 0x0000000706200000|100%| O|  |TS  0|AC  0|TAMS 0x0000000706100000, 0x0000000706100000|
|  98|0x0000000706200000, 0x00000007062ffff0, 0x0000000706300000| 99%| O|  |TS  0|AC  0|TAMS 0x0000000706200000, 0x0000000706200000|
|  99|0x0000000706300000, 0x00000007063ffff8, 0x0000000706400000| 99%| O|  |TS  0|AC  0|TAMS 0x0000000706300000, 0x0000000706300000|
| 100|0x0000000706400000, 0x00000007064ffaf0, 0x0000000706500000| 99%| O|  |TS  0|AC  0|TAMS 0x0000000706400000, 0x0000000706400000|
| 101|0x0000000706500000, 0x0000000706600000, 0x0000000706600000|100%|HS|  |TS  0|AC  0|TAMS 0x0000000706500000, 0x0000000706500000|
| 102|0x0000000706600000, 0x0000000706700000, 0x0000000706700000|100%|HC|  |TS  0|AC  0|TAMS 0x0000000706600000, 0x0000000706600000|
| 103|0x0000000706700000, 0x00000007067ffff8, 0x0000000706800000| 99%| O|  |TS  0|AC  0|TAMS 0x0000000706700000, 0x0000000706700000|
| 104|0x0000000706800000, 0x00000007068ffe50, 0x0000000706900000| 99%| O|  |TS  0|AC  0|TAMS 0x0000000706800000, 0x0000000706800000|
| 105|0x0000000706900000, 0x0000000706a00000, 0x0000000706a00000|100%| O|  |TS  0|AC  0|TAMS 0x0000000706900000, 0x0000000706900000|
| 106|0x0000000706a00000, 0x0000000706afffe8, 0x0000000706b00000| 99%| O|  |TS  0|AC  0|TAMS 0x0000000706a00000, 0x0000000706a00000|
| 107|0x0000000706b00000, 0x0000000706bfff00, 0x0000000706c00000| 99%| O|  |TS  0|AC  0|TAMS 0x0000000706b00000, 0x0000000706b00000|
| 108|0x0000000706c00000, 0x0000000706d00000, 0x0000000706d00000|100%| O|  |TS  0|AC  0|TAMS 0x0000000706c00000, 0x0000000706c00000|
| 109|0x0000000706d00000, 0x0000000706e00000, 0x0000000706e00000|100%| O|  |TS  0|AC  0|TAMS 0x0000000706d00000, 0x0000000706d00000|
| 110|0x0000000706e00000, 0x0000000706efff10, 0x0000000706f00000| 99%| O|  |TS  0|AC  0|TAMS 0x0000000706e00000, 0x0000000706e00000|
| 111|0x0000000706f00000, 0x0000000706fffff0, 0x0000000707000000| 99%| O|  |TS  0|AC  0|TAMS 0x0000000706f00000, 0x0000000706f00000|
| 112|0x0000000707000000, 0x00000007070fff10, 0x0000000707100000| 99%| O|  |TS  0|AC  0|TAMS 0x0000000707000000, 0x0000000707000000|
| 113|0x0000000707100000, 0x0000000707200000, 0x0000000707200000|100%|HS|  |TS  0|AC  0|TAMS 0x0000000707100000, 0x0000000707100000|
| 114|0x0000000707200000, 0x0000000707300000, 0x0000000707300000|100%|HC|  |TS  0|AC  0|TAMS 0x0000000707200000, 0x0000000707200000|
| 115|0x0000000707300000, 0x00000007073fffe0, 0x0000000707400000| 99%| O|  |TS  0|AC  0|TAMS 0x0000000707300000, 0x0000000707300000|
| 116|0x0000000707400000, 0x00000007074ffd38, 0x0000000707500000| 99%| O|  |TS  0|AC  0|TAMS 0x0000000707400000, 0x0000000707400000|
| 117|0x0000000707500000, 0x0000000707600000, 0x0000000707600000|100%| O|  |TS  0|AC  0|TAMS 0x0000000707500000, 0x0000000707500000|
| 118|0x0000000707600000, 0x0000000707700000, 0x0000000707700000|100%| O|  |TS  0|AC  0|TAMS 0x0000000707600000, 0x0000000707600000|
| 119|0x0000000707700000, 0x00000007077ffdd8, 0x0000000707800000| 99%| O|  |TS  0|AC  0|TAMS 0x0000000707700000, 0x0000000707700000|
| 120|0x0000000707800000, 0x00000007078ffff8, 0x0000000707900000| 99%| O|  |TS  0|AC  0|TAMS 0x0000000707800000, 0x0000000707800000|
| 121|0x0000000707900000, 0x00000007079fffc0, 0x0000000707a00000| 99%| O|  |TS  0|AC  0|TAMS 0x0000000707900000, 0x0000000707900000|
| 122|0x0000000707a00000, 0x0000000707affff8, 0x0000000707b00000| 99%| O|  |TS  0|AC  0|TAMS 0x0000000707a00000, 0x0000000707a00000|
| 123|0x0000000707b00000, 0x0000000707c00000, 0x0000000707c00000|100%| O|  |TS  0|AC  0|TAMS 0x0000000707b00000, 0x0000000707b00000|
| 124|0x0000000707c00000, 0x0000000707cffe60, 0x0000000707d00000| 99%| O|  |TS  0|AC  0|TAMS 0x0000000707c00000, 0x0000000707c00000|
| 125|0x0000000707d00000, 0x0000000707dffff0, 0x0000000707e00000| 99%| O|  |TS  0|AC  0|TAMS 0x0000000707d00000, 0x0000000707d00000|
| 126|0x0000000707e00000, 0x0000000707efea20, 0x0000000707f00000| 99%| O|  |TS  0|AC  0|TAMS 0x0000000707e00000, 0x0000000707e00000|
| 127|0x0000000707f00000, 0x0000000707fff318, 0x0000000708000000| 99%| O|  |TS  0|AC  0|TAMS 0x0000000707f00000, 0x0000000707f00000|
| 128|0x0000000708000000, 0x00000007080ffff8, 0x0000000708100000| 99%| O|  |TS  0|AC  0|TAMS 0x0000000708000000, 0x0000000708000000|
| 129|0x0000000708100000, 0x0000000708200000, 0x0000000708200000|100%| O|  |TS  0|AC  0|TAMS 0x0000000708100000, 0x0000000708100000|
| 130|0x0000000708200000, 0x00000007082fe770, 0x0000000708300000| 99%| O|  |TS  0|AC  0|TAMS 0x0000000708200000, 0x0000000708200000|
| 131|0x0000000708300000, 0x0000000708400000, 0x0000000708400000|100%|HS|  |TS  0|AC  0|TAMS 0x0000000708300000, 0x0000000708300000|
| 132|0x0000000708400000, 0x00000007084fff68, 0x0000000708500000| 99%| O|  |TS  0|AC  0|TAMS 0x0000000708400000, 0x0000000708400000|
| 133|0x0000000708500000, 0x00000007085ffe20, 0x0000000708600000| 99%| O|  |TS  0|AC  0|TAMS 0x0000000708500000, 0x0000000708500000|
| 134|0x0000000708600000, 0x00000007086fffd8, 0x0000000708700000| 99%| O|  |TS  0|AC  0|TAMS 0x0000000708600000, 0x0000000708600000|
| 135|0x0000000708700000, 0x000000070872fb58, 0x0000000708800000| 18%| O|  |TS  0|AC  0|TAMS 0x0000000708700000, 0x0000000708700000|
| 136|0x0000000708800000, 0x0000000708900000, 0x0000000708900000|100%|HS|  |TS  0|AC  0|TAMS 0x0000000708800000, 0x0000000708800000|
| 137|0x0000000708900000, 0x0000000708a00000, 0x0000000708a00000|100%|HC|  |TS  0|AC  0|TAMS 0x0000000708900000, 0x0000000708900000|
| 138|0x0000000708a00000, 0x0000000708b00000, 0x0000000708b00000|100%|HC|  |TS  0|AC  0|TAMS 0x0000000708a00000, 0x0000000708a00000|
| 139|0x0000000708b00000, 0x0000000708c00000, 0x0000000708c00000|100%|HC|  |TS  0|AC  0|TAMS 0x0000000708b00000, 0x0000000708b00000|
| 140|0x0000000708c00000, 0x0000000708c6d800, 0x0000000708d00000| 42%| O|  |TS 69|AC  0|TAMS 0x0000000708c00000, 0x0000000708c00000|
| 141|0x0000000708d00000, 0x0000000708e00000, 0x0000000708e00000|100%|HS|  |TS  0|AC  0|TAMS 0x0000000708d00000, 0x0000000708d00000|
| 142|0x0000000708e00000, 0x0000000708e00000, 0x0000000708f00000|  0%| F|  |TS  3|AC  0|TAMS 0x0000000708e00000, 0x0000000708e00000|
| 143|0x0000000708f00000, 0x0000000708f00000, 0x0000000709000000|  0%| F|  |TS  3|AC  0|TAMS 0x0000000708f00000, 0x0000000708f00000|
| 144|0x0000000709000000, 0x0000000709000000, 0x0000000709100000|  0%| F|  |TS  3|AC  0|TAMS 0x0000000709000000, 0x0000000709000000|
| 145|0x0000000709100000, 0x0000000709100000, 0x0000000709200000|  0%| F|  |TS  3|AC  0|TAMS 0x0000000709100000, 0x0000000709100000|
| 146|0x0000000709200000, 0x0000000709200000, 0x0000000709300000|  0%| F|  |TS  0|AC  0|TAMS 0x0000000709200000, 0x0000000709200000|
| 147|0x0000000709300000, 0x0000000709300000, 0x0000000709400000|  0%| F|  |TS  0|AC  0|TAMS 0x0000000709300000, 0x0000000709300000|
| 148|0x0000000709400000, 0x0000000709400000, 0x0000000709500000|  0%| F|  |TS  0|AC  0|TAMS 0x0000000709400000, 0x0000000709400000|
| 149|0x0000000709500000, 0x0000000709500000, 0x0000000709600000|  0%| F|  |TS  0|AC  0|TAMS 0x0000000709500000, 0x0000000709500000|
| 150|0x0000000709600000, 0x0000000709600000, 0x0000000709700000|  0%| F|  |TS  0|AC  0|TAMS 0x0000000709600000, 0x0000000709600000|
| 151|0x0000000709700000, 0x0000000709700000, 0x0000000709800000|  0%| F|  |TS  0|AC  0|TAMS 0x0000000709700000, 0x0000000709700000|
| 152|0x0000000709800000, 0x0000000709800000, 0x0000000709900000|  0%| F|  |TS  0|AC  0|TAMS 0x0000000709800000, 0x0000000709800000|
| 153|0x0000000709900000, 0x0000000709900000, 0x0000000709a00000|  0%| F|  |TS  0|AC  0|TAMS 0x0000000709900000, 0x0000000709900000|
| 154|0x0000000709a00000, 0x0000000709a00000, 0x0000000709b00000|  0%| F|  |TS  0|AC  0|TAMS 0x0000000709a00000, 0x0000000709a00000|
| 155|0x0000000709b00000, 0x0000000709b00000, 0x0000000709c00000|  0%| F|  |TS  0|AC  0|TAMS 0x0000000709b00000, 0x0000000709b00000|
| 156|0x0000000709c00000, 0x0000000709c00000, 0x0000000709d00000|  0%| F|  |TS  0|AC  0|TAMS 0x0000000709c00000, 0x0000000709c00000|
| 157|0x0000000709d00000, 0x0000000709d00000, 0x0000000709e00000|  0%| F|  |TS  0|AC  0|TAMS 0x0000000709d00000, 0x0000000709d00000|
| 158|0x0000000709e00000, 0x0000000709e00000, 0x0000000709f00000|  0%| F|  |TS  0|AC  0|TAMS 0x0000000709e00000, 0x0000000709e00000|
| 159|0x0000000709f00000, 0x0000000709f00000, 0x000000070a000000|  0%| F|  |TS  0|AC  0|TAMS 0x0000000709f00000, 0x0000000709f00000|
| 160|0x000000070a000000, 0x000000070a000000, 0x000000070a100000|  0%| F|  |TS  0|AC  0|TAMS 0x000000070a000000, 0x000000070a000000|
| 161|0x000000070a100000, 0x000000070a100000, 0x000000070a200000|  0%| F|  |TS  0|AC  0|TAMS 0x000000070a100000, 0x000000070a100000|
| 162|0x000000070a200000, 0x000000070a200000, 0x000000070a300000|  0%| F|  |TS  0|AC  0|TAMS 0x000000070a200000, 0x000000070a200000|
| 163|0x000000070a300000, 0x000000070a300000, 0x000000070a400000|  0%| F|  |TS  0|AC  0|TAMS 0x000000070a300000, 0x000000070a300000|
| 164|0x000000070a400000, 0x000000070a400000, 0x000000070a500000|  0%| F|  |TS  0|AC  0|TAMS 0x000000070a400000, 0x000000070a400000|
| 165|0x000000070a500000, 0x000000070a500000, 0x000000070a600000|  0%| F|  |TS  0|AC  0|TAMS 0x000000070a500000, 0x000000070a500000|
| 166|0x000000070a600000, 0x000000070a600000, 0x000000070a700000|  0%| F|  |TS  0|AC  0|TAMS 0x000000070a600000, 0x000000070a600000|
| 167|0x000000070a700000, 0x000000070a700000, 0x000000070a800000|  0%| F|  |TS  0|AC  0|TAMS 0x000000070a700000, 0x000000070a700000|
| 168|0x000000070a800000, 0x000000070a800000, 0x000000070a900000|  0%| F|  |TS  0|AC  0|TAMS 0x000000070a800000, 0x000000070a800000|
| 169|0x000000070a900000, 0x000000070a900000, 0x000000070aa00000|  0%| F|  |TS  0|AC  0|TAMS 0x000000070a900000, 0x000000070a900000|
| 170|0x000000070aa00000, 0x000000070aa00000, 0x000000070ab00000|  0%| F|  |TS  0|AC  0|TAMS 0x000000070aa00000, 0x000000070aa00000|
| 171|0x000000070ab00000, 0x000000070ab00000, 0x000000070ac00000|  0%| F|  |TS  0|AC  0|TAMS 0x000000070ab00000, 0x000000070ab00000|
| 172|0x000000070ac00000, 0x000000070ac00000, 0x000000070ad00000|  0%| F|  |TS  0|AC  0|TAMS 0x000000070ac00000, 0x000000070ac00000|
| 173|0x000000070ad00000, 0x000000070ad00000, 0x000000070ae00000|  0%| F|  |TS  0|AC  0|TAMS 0x000000070ad00000, 0x000000070ad00000|
| 174|0x000000070ae00000, 0x000000070ae00000, 0x000000070af00000|  0%| F|  |TS  0|AC  0|TAMS 0x000000070ae00000, 0x000000070ae00000|
| 175|0x000000070af00000, 0x000000070af00000, 0x000000070b000000|  0%| F|  |TS  0|AC  0|TAMS 0x000000070af00000, 0x000000070af00000|
| 176|0x000000070b000000, 0x000000070b000000, 0x000000070b100000|  0%| F|  |TS  0|AC  0|TAMS 0x000000070b000000, 0x000000070b000000|
| 177|0x000000070b100000, 0x000000070b100000, 0x000000070b200000|  0%| F|  |TS  0|AC  0|TAMS 0x000000070b100000, 0x000000070b100000|
| 178|0x000000070b200000, 0x000000070b200000, 0x000000070b300000|  0%| F|  |TS  0|AC  0|TAMS 0x000000070b200000, 0x000000070b200000|
| 179|0x000000070b300000, 0x000000070b300000, 0x000000070b400000|  0%| F|  |TS  0|AC  0|TAMS 0x000000070b300000, 0x000000070b300000|
| 180|0x000000070b400000, 0x000000070b400000, 0x000000070b500000|  0%| F|  |TS  0|AC  0|TAMS 0x000000070b400000, 0x000000070b400000|
| 181|0x000000070b500000, 0x000000070b500000, 0x000000070b600000|  0%| F|  |TS  0|AC  0|TAMS 0x000000070b500000, 0x000000070b500000|
| 182|0x000000070b600000, 0x000000070b600000, 0x000000070b700000|  0%| F|  |TS  0|AC  0|TAMS 0x000000070b600000, 0x000000070b600000|
| 183|0x000000070b700000, 0x000000070b700000, 0x000000070b800000|  0%| F|  |TS  0|AC  0|TAMS 0x000000070b700000, 0x000000070b700000|
| 184|0x000000070b800000, 0x000000070b800000, 0x000000070b900000|  0%| F|  |TS  0|AC  0|TAMS 0x000000070b800000, 0x000000070b800000|
| 185|0x000000070b900000, 0x000000070b900000, 0x000000070ba00000|  0%| F|  |TS  0|AC  0|TAMS 0x000000070b900000, 0x000000070b900000|
| 186|0x000000070ba00000, 0x000000070ba00000, 0x000000070bb00000|  0%| F|  |TS  0|AC  0|TAMS 0x000000070ba00000, 0x000000070ba00000|
| 187|0x000000070bb00000, 0x000000070bb00000, 0x000000070bc00000|  0%| F|  |TS  0|AC  0|TAMS 0x000000070bb00000, 0x000000070bb00000|
| 188|0x000000070bc00000, 0x000000070bc00000, 0x000000070bd00000|  0%| F|  |TS  0|AC  0|TAMS 0x000000070bc00000, 0x000000070bc00000|
| 189|0x000000070bd00000, 0x000000070bd00000, 0x000000070be00000|  0%| F|  |TS  0|AC  0|TAMS 0x000000070bd00000, 0x000000070bd00000|
| 190|0x000000070be00000, 0x000000070be00000, 0x000000070bf00000|  0%| F|  |TS  0|AC  0|TAMS 0x000000070be00000, 0x000000070be00000|
| 191|0x000000070bf00000, 0x000000070bf00000, 0x000000070c000000|  0%| F|  |TS  0|AC  0|TAMS 0x000000070bf00000, 0x000000070bf00000|
| 192|0x000000070c000000, 0x000000070c000000, 0x000000070c100000|  0%| F|  |TS  0|AC  0|TAMS 0x000000070c000000, 0x000000070c000000|
| 193|0x000000070c100000, 0x000000070c100000, 0x000000070c200000|  0%| F|  |TS  0|AC  0|TAMS 0x000000070c100000, 0x000000070c100000|
| 194|0x000000070c200000, 0x000000070c200000, 0x000000070c300000|  0%| F|  |TS  0|AC  0|TAMS 0x000000070c200000, 0x000000070c200000|
| 195|0x000000070c300000, 0x000000070c300000, 0x000000070c400000|  0%| F|  |TS  0|AC  0|TAMS 0x000000070c300000, 0x000000070c300000|
| 196|0x000000070c400000, 0x000000070c400000, 0x000000070c500000|  0%| F|  |TS  0|AC  0|TAMS 0x000000070c400000, 0x000000070c400000|
| 197|0x000000070c500000, 0x000000070c500000, 0x000000070c600000|  0%| F|  |TS  0|AC  0|TAMS 0x000000070c500000, 0x000000070c500000|
| 198|0x000000070c600000, 0x000000070c600000, 0x000000070c700000|  0%| F|  |TS  0|AC  0|TAMS 0x000000070c600000, 0x000000070c600000|
| 199|0x000000070c700000, 0x000000070c700000, 0x000000070c800000|  0%| F|  |TS  0|AC  0|TAMS 0x000000070c700000, 0x000000070c700000|
| 200|0x000000070c800000, 0x000000070c800000, 0x000000070c900000|  0%| F|  |TS  0|AC  0|TAMS 0x000000070c800000, 0x000000070c800000|
| 201|0x000000070c900000, 0x000000070c900000, 0x000000070ca00000|  0%| F|  |TS  0|AC  0|TAMS 0x000000070c900000, 0x000000070c900000|
| 202|0x000000070ca00000, 0x000000070ca00000, 0x000000070cb00000|  0%| F|  |TS  0|AC  0|TAMS 0x000000070ca00000, 0x000000070ca00000|
| 203|0x000000070cb00000, 0x000000070cb00000, 0x000000070cc00000|  0%| F|  |TS  0|AC  0|TAMS 0x000000070cb00000, 0x000000070cb00000|
| 204|0x000000070cc00000, 0x000000070cc00000, 0x000000070cd00000|  0%| F|  |TS  0|AC  0|TAMS 0x000000070cc00000, 0x000000070cc00000|
| 205|0x000000070cd00000, 0x000000070cd00000, 0x000000070ce00000|  0%| F|  |TS  0|AC  0|TAMS 0x000000070cd00000, 0x000000070cd00000|
| 206|0x000000070ce00000, 0x000000070ce00000, 0x000000070cf00000|  0%| F|  |TS  0|AC  0|TAMS 0x000000070ce00000, 0x000000070ce00000|
| 207|0x000000070cf00000, 0x000000070cf00000, 0x000000070d000000|  0%| F|  |TS  0|AC  0|TAMS 0x000000070cf00000, 0x000000070cf00000|
| 208|0x000000070d000000, 0x000000070d000000, 0x000000070d100000|  0%| F|  |TS  0|AC  0|TAMS 0x000000070d000000, 0x000000070d000000|
| 209|0x000000070d100000, 0x000000070d100000, 0x000000070d200000|  0%| F|  |TS  0|AC  0|TAMS 0x000000070d100000, 0x000000070d100000|
| 210|0x000000070d200000, 0x000000070d200000, 0x000000070d300000|  0%| F|  |TS  0|AC  0|TAMS 0x000000070d200000, 0x000000070d200000|
| 211|0x000000070d300000, 0x000000070d300000, 0x000000070d400000|  0%| F|  |TS  0|AC  0|TAMS 0x000000070d300000, 0x000000070d300000|
| 212|0x000000070d400000, 0x000000070d400000, 0x000000070d500000|  0%| F|  |TS  0|AC  0|TAMS 0x000000070d400000, 0x000000070d400000|
| 213|0x000000070d500000, 0x000000070d500000, 0x000000070d600000|  0%| F|  |TS  0|AC  0|TAMS 0x000000070d500000, 0x000000070d500000|
| 214|0x000000070d600000, 0x000000070d600000, 0x000000070d700000|  0%| F|  |TS  0|AC  0|TAMS 0x000000070d600000, 0x000000070d600000|
| 215|0x000000070d700000, 0x000000070d700000, 0x000000070d800000|  0%| F|  |TS  0|AC  0|TAMS 0x000000070d700000, 0x000000070d700000|
| 216|0x000000070d800000, 0x000000070d800000, 0x000000070d900000|  0%| F|  |TS  0|AC  0|TAMS 0x000000070d800000, 0x000000070d800000|
| 217|0x000000070d900000, 0x000000070d900000, 0x000000070da00000|  0%| F|  |TS  0|AC  0|TAMS 0x000000070d900000, 0x000000070d900000|
| 218|0x000000070da00000, 0x000000070da00000, 0x000000070db00000|  0%| F|  |TS  0|AC  0|TAMS 0x000000070da00000, 0x000000070da00000|
| 219|0x000000070db00000, 0x000000070db00000, 0x000000070dc00000|  0%| F|  |TS  0|AC  0|TAMS 0x000000070db00000, 0x000000070db00000|
| 220|0x000000070dc00000, 0x000000070dc00000, 0x000000070dd00000|  0%| F|  |TS  0|AC  0|TAMS 0x000000070dc00000, 0x000000070dc00000|
| 221|0x000000070dd00000, 0x000000070dd00000, 0x000000070de00000|  0%| F|  |TS  0|AC  0|TAMS 0x000000070dd00000, 0x000000070dd00000|
| 222|0x000000070de00000, 0x000000070de00000, 0x000000070df00000|  0%| F|  |TS  0|AC  0|TAMS 0x000000070de00000, 0x000000070de00000|
| 223|0x000000070df00000, 0x000000070df00000, 0x000000070e000000|  0%| F|  |TS  0|AC  0|TAMS 0x000000070df00000, 0x000000070df00000|
| 224|0x000000070e000000, 0x000000070e000000, 0x000000070e100000|  0%| F|  |TS  0|AC  0|TAMS 0x000000070e000000, 0x000000070e000000|
| 225|0x000000070e100000, 0x000000070e100000, 0x000000070e200000|  0%| F|  |TS  0|AC  0|TAMS 0x000000070e100000, 0x000000070e100000|
| 226|0x000000070e200000, 0x000000070e200000, 0x000000070e300000|  0%| F|  |TS  0|AC  0|TAMS 0x000000070e200000, 0x000000070e200000|
| 227|0x000000070e300000, 0x000000070e300000, 0x000000070e400000|  0%| F|  |TS  0|AC  0|TAMS 0x000000070e300000, 0x000000070e300000|
| 228|0x000000070e400000, 0x000000070e400000, 0x000000070e500000|  0%| F|  |TS  0|AC  0|TAMS 0x000000070e400000, 0x000000070e400000|
| 229|0x000000070e500000, 0x000000070e500000, 0x000000070e600000|  0%| F|  |TS  0|AC  0|TAMS 0x000000070e500000, 0x000000070e500000|
| 230|0x000000070e600000, 0x000000070e600000, 0x000000070e700000|  0%| F|  |TS  0|AC  0|TAMS 0x000000070e600000, 0x000000070e600000|
| 231|0x000000070e700000, 0x000000070e700000, 0x000000070e800000|  0%| F|  |TS  0|AC  0|TAMS 0x000000070e700000, 0x000000070e700000|
| 232|0x000000070e800000, 0x000000070e800000, 0x000000070e900000|  0%| F|  |TS  0|AC  0|TAMS 0x000000070e800000, 0x000000070e800000|
| 233|0x000000070e900000, 0x000000070e900000, 0x000000070ea00000|  0%| F|  |TS  0|AC  0|TAMS 0x000000070e900000, 0x000000070e900000|
| 234|0x000000070ea00000, 0x000000070ea00000, 0x000000070eb00000|  0%| F|  |TS  0|AC  0|TAMS 0x000000070ea00000, 0x000000070ea00000|
| 235|0x000000070eb00000, 0x000000070eb00000, 0x000000070ec00000|  0%| F|  |TS  0|AC  0|TAMS 0x000000070eb00000, 0x000000070eb00000|
| 236|0x000000070ec00000, 0x000000070ec00000, 0x000000070ed00000|  0%| F|  |TS  0|AC  0|TAMS 0x000000070ec00000, 0x000000070ec00000|
| 237|0x000000070ed00000, 0x000000070ed00000, 0x000000070ee00000|  0%| F|  |TS  0|AC  0|TAMS 0x000000070ed00000, 0x000000070ed00000|
| 238|0x000000070ee00000, 0x000000070ee00000, 0x000000070ef00000|  0%| F|  |TS  0|AC  0|TAMS 0x000000070ee00000, 0x000000070ee00000|
| 239|0x000000070ef00000, 0x000000070ef00000, 0x000000070f000000|  0%| F|  |TS  0|AC  0|TAMS 0x000000070ef00000, 0x000000070ef00000|
| 240|0x000000070f000000, 0x000000070f000000, 0x000000070f100000|  0%| F|  |TS  0|AC  0|TAMS 0x000000070f000000, 0x000000070f000000|
| 241|0x000000070f100000, 0x000000070f100000, 0x000000070f200000|  0%| F|  |TS  0|AC  0|TAMS 0x000000070f100000, 0x000000070f100000|
| 242|0x000000070f200000, 0x000000070f200000, 0x000000070f300000|  0%| F|  |TS  0|AC  0|TAMS 0x000000070f200000, 0x000000070f200000|
| 243|0x000000070f300000, 0x000000070f300000, 0x000000070f400000|  0%| F|  |TS  0|AC  0|TAMS 0x000000070f300000, 0x000000070f300000|
| 244|0x000000070f400000, 0x000000070f400000, 0x000000070f500000|  0%| F|  |TS  0|AC  0|TAMS 0x000000070f400000, 0x000000070f400000|
| 245|0x000000070f500000, 0x000000070f500000, 0x000000070f600000|  0%| F|  |TS  0|AC  0|TAMS 0x000000070f500000, 0x000000070f500000|
| 246|0x000000070f600000, 0x000000070f600000, 0x000000070f700000|  0%| F|  |TS  0|AC  0|TAMS 0x000000070f600000, 0x000000070f600000|
| 247|0x000000070f700000, 0x000000070f700000, 0x000000070f800000|  0%| F|  |TS  0|AC  0|TAMS 0x000000070f700000, 0x000000070f700000|
| 248|0x000000070f800000, 0x000000070f800000, 0x000000070f900000|  0%| F|  |TS  0|AC  0|TAMS 0x000000070f800000, 0x000000070f800000|
| 249|0x000000070f900000, 0x000000070f900000, 0x000000070fa00000|  0%| F|  |TS  0|AC  0|TAMS 0x000000070f900000, 0x000000070f900000|
| 250|0x000000070fa00000, 0x000000070fa00000, 0x000000070fb00000|  0%| F|  |TS  0|AC  0|TAMS 0x000000070fa00000, 0x000000070fa00000|
| 251|0x000000070fb00000, 0x000000070fb00000, 0x000000070fc00000|  0%| F|  |TS  0|AC  0|TAMS 0x000000070fb00000, 0x000000070fb00000|
| 252|0x000000070fc00000, 0x000000070fc00000, 0x000000070fd00000|  0%| F|  |TS  0|AC  0|TAMS 0x000000070fc00000, 0x000000070fc00000|
| 253|0x000000070fd00000, 0x000000070fd00000, 0x000000070fe00000|  0%| F|  |TS  0|AC  0|TAMS 0x000000070fd00000, 0x000000070fd00000|
| 254|0x000000070fe00000, 0x000000070fe00000, 0x000000070ff00000|  0%| F|  |TS  0|AC  0|TAMS 0x000000070fe00000, 0x000000070fe00000|
| 255|0x000000070ff00000, 0x000000070ff00000, 0x0000000710000000|  0%| F|  |TS  0|AC  0|TAMS 0x000000070ff00000, 0x000000070ff00000|
| 256|0x0000000710000000, 0x0000000710000000, 0x0000000710100000|  0%| F|  |TS  0|AC  0|TAMS 0x0000000710000000, 0x0000000710000000|
| 257|0x0000000710100000, 0x0000000710100000, 0x0000000710200000|  0%| F|  |TS  0|AC  0|TAMS 0x0000000710100000, 0x0000000710100000|
| 258|0x0000000710200000, 0x0000000710200000, 0x0000000710300000|  0%| F|  |TS  0|AC  0|TAMS 0x0000000710200000, 0x0000000710200000|
| 259|0x0000000710300000, 0x0000000710300000, 0x0000000710400000|  0%| F|  |TS  0|AC  0|TAMS 0x0000000710300000, 0x0000000710300000|
| 260|0x0000000710400000, 0x0000000710400000, 0x0000000710500000|  0%| F|  |TS  0|AC  0|TAMS 0x0000000710400000, 0x0000000710400000|
| 261|0x0000000710500000, 0x0000000710500000, 0x0000000710600000|  0%| F|  |TS  0|AC  0|TAMS 0x0000000710500000, 0x0000000710500000|
| 262|0x0000000710600000, 0x0000000710600000, 0x0000000710700000|  0%| F|  |TS  0|AC  0|TAMS 0x0000000710600000, 0x0000000710600000|
| 263|0x0000000710700000, 0x0000000710700000, 0x0000000710800000|  0%| F|  |TS  0|AC  0|TAMS 0x0000000710700000, 0x0000000710700000|
| 264|0x0000000710800000, 0x0000000710800000, 0x0000000710900000|  0%| F|  |TS  0|AC  0|TAMS 0x0000000710800000, 0x0000000710800000|
| 265|0x0000000710900000, 0x0000000710900000, 0x0000000710a00000|  0%| F|  |TS  0|AC  0|TAMS 0x0000000710900000, 0x0000000710900000|
| 266|0x0000000710a00000, 0x0000000710a00000, 0x0000000710b00000|  0%| F|  |TS  0|AC  0|TAMS 0x0000000710a00000, 0x0000000710a00000|
| 267|0x0000000710b00000, 0x0000000710b00000, 0x0000000710c00000|  0%| F|  |TS  0|AC  0|TAMS 0x0000000710b00000, 0x0000000710b00000|
| 268|0x0000000710c00000, 0x0000000710c00000, 0x0000000710d00000|  0%| F|  |TS  0|AC  0|TAMS 0x0000000710c00000, 0x0000000710c00000|
| 269|0x0000000710d00000, 0x0000000710d00000, 0x0000000710e00000|  0%| F|  |TS  0|AC  0|TAMS 0x0000000710d00000, 0x0000000710d00000|
| 270|0x0000000710e00000, 0x0000000710e00000, 0x0000000710f00000|  0%| F|  |TS  0|AC  0|TAMS 0x0000000710e00000, 0x0000000710e00000|
| 271|0x0000000710f00000, 0x0000000710f00000, 0x0000000711000000|  0%| F|  |TS  0|AC  0|TAMS 0x0000000710f00000, 0x0000000710f00000|
| 272|0x0000000711000000, 0x0000000711000000, 0x0000000711100000|  0%| F|  |TS  0|AC  0|TAMS 0x0000000711000000, 0x0000000711000000|
| 273|0x0000000711100000, 0x0000000711100000, 0x0000000711200000|  0%| F|  |TS  0|AC  0|TAMS 0x0000000711100000, 0x0000000711100000|
| 274|0x0000000711200000, 0x0000000711200000, 0x0000000711300000|  0%| F|  |TS  0|AC  0|TAMS 0x0000000711200000, 0x0000000711200000|
| 275|0x0000000711300000, 0x0000000711300000, 0x0000000711400000|  0%| F|  |TS  0|AC  0|TAMS 0x0000000711300000, 0x0000000711300000|
| 276|0x0000000711400000, 0x0000000711400000, 0x0000000711500000|  0%| F|  |TS  0|AC  0|TAMS 0x0000000711400000, 0x0000000711400000|
| 277|0x0000000711500000, 0x0000000711500000, 0x0000000711600000|  0%| F|  |TS  0|AC  0|TAMS 0x0000000711500000, 0x0000000711500000|
| 278|0x0000000711600000, 0x0000000711600000, 0x0000000711700000|  0%| F|  |TS  0|AC  0|TAMS 0x0000000711600000, 0x0000000711600000|
| 279|0x0000000711700000, 0x0000000711700000, 0x0000000711800000|  0%| F|  |TS  0|AC  0|TAMS 0x0000000711700000, 0x0000000711700000|
| 280|0x0000000711800000, 0x0000000711800000, 0x0000000711900000|  0%| F|  |TS  0|AC  0|TAMS 0x0000000711800000, 0x0000000711800000|
| 281|0x0000000711900000, 0x0000000711900000, 0x0000000711a00000|  0%| F|  |TS  0|AC  0|TAMS 0x0000000711900000, 0x0000000711900000|
| 282|0x0000000711a00000, 0x0000000711a00000, 0x0000000711b00000|  0%| F|  |TS  0|AC  0|TAMS 0x0000000711a00000, 0x0000000711a00000|
| 283|0x0000000711b00000, 0x0000000711b00000, 0x0000000711c00000|  0%| F|  |TS  0|AC  0|TAMS 0x0000000711b00000, 0x0000000711b00000|
| 284|0x0000000711c00000, 0x0000000711c00000, 0x0000000711d00000|  0%| F|  |TS  0|AC  0|TAMS 0x0000000711c00000, 0x0000000711c00000|
| 285|0x0000000711d00000, 0x0000000711d00000, 0x0000000711e00000|  0%| F|  |TS  0|AC  0|TAMS 0x0000000711d00000, 0x0000000711d00000|
| 286|0x0000000711e00000, 0x0000000711e00000, 0x0000000711f00000|  0%| F|  |TS  0|AC  0|TAMS 0x0000000711e00000, 0x0000000711e00000|
| 287|0x0000000711f00000, 0x0000000711f00000, 0x0000000712000000|  0%| F|  |TS  0|AC  0|TAMS 0x0000000711f00000, 0x0000000711f00000|
| 288|0x0000000712000000, 0x0000000712000000, 0x0000000712100000|  0%| F|  |TS  0|AC  0|TAMS 0x0000000712000000, 0x0000000712000000|
| 289|0x0000000712100000, 0x0000000712100000, 0x0000000712200000|  0%| F|  |TS  0|AC  0|TAMS 0x0000000712100000, 0x0000000712100000|
| 290|0x0000000712200000, 0x0000000712200000, 0x0000000712300000|  0%| F|  |TS  0|AC  0|TAMS 0x0000000712200000, 0x0000000712200000|
| 291|0x0000000712300000, 0x0000000712300000, 0x0000000712400000|  0%| F|  |TS  0|AC  0|TAMS 0x0000000712300000, 0x0000000712300000|
| 292|0x0000000712400000, 0x0000000712400000, 0x0000000712500000|  0%| F|  |TS  0|AC  0|TAMS 0x0000000712400000, 0x0000000712400000|
| 293|0x0000000712500000, 0x0000000712500000, 0x0000000712600000|  0%| F|  |TS  0|AC  0|TAMS 0x0000000712500000, 0x0000000712500000|
| 294|0x0000000712600000, 0x0000000712600000, 0x0000000712700000|  0%| F|  |TS  0|AC  0|TAMS 0x0000000712600000, 0x0000000712600000|
| 295|0x0000000712700000, 0x0000000712700000, 0x0000000712800000|  0%| F|  |TS  0|AC  0|TAMS 0x0000000712700000, 0x0000000712700000|
| 296|0x0000000712800000, 0x0000000712800000, 0x0000000712900000|  0%| F|  |TS  0|AC  0|TAMS 0x0000000712800000, 0x0000000712800000|
| 297|0x0000000712900000, 0x0000000712900000, 0x0000000712a00000|  0%| F|  |TS  0|AC  0|TAMS 0x0000000712900000, 0x0000000712900000|
| 298|0x0000000712a00000, 0x0000000712a00000, 0x0000000712b00000|  0%| F|  |TS  0|AC  0|TAMS 0x0000000712a00000, 0x0000000712a00000|
| 299|0x0000000712b00000, 0x0000000712b00000, 0x0000000712c00000|  0%| F|  |TS  0|AC  0|TAMS 0x0000000712b00000, 0x0000000712b00000|
| 300|0x0000000712c00000, 0x0000000712c00000, 0x0000000712d00000|  0%| F|  |TS  0|AC  0|TAMS 0x0000000712c00000, 0x0000000712c00000|
| 301|0x0000000712d00000, 0x0000000712d00000, 0x0000000712e00000|  0%| F|  |TS  0|AC  0|TAMS 0x0000000712d00000, 0x0000000712d00000|
| 302|0x0000000712e00000, 0x0000000712e00000, 0x0000000712f00000|  0%| F|  |TS  0|AC  0|TAMS 0x0000000712e00000, 0x0000000712e00000|
| 303|0x0000000712f00000, 0x0000000712f00000, 0x0000000713000000|  0%| F|  |TS 69|AC  0|TAMS 0x0000000712f00000, 0x0000000712f00000|
| 304|0x0000000713000000, 0x0000000713000000, 0x0000000713100000|  0%| F|  |TS 69|AC  0|TAMS 0x0000000713000000, 0x0000000713000000|
| 305|0x0000000713100000, 0x000000071319da10, 0x0000000713200000| 61%| S|CS|TS 69|AC  0|TAMS 0x0000000713100000, 0x0000000713100000|
| 306|0x0000000713200000, 0x0000000713300000, 0x0000000713300000|100%| S|CS|TS 69|AC  0|TAMS 0x0000000713200000, 0x0000000713200000|
| 307|0x0000000713300000, 0x0000000713300000, 0x0000000713400000|  0%| F|  |TS 69|AC  0|TAMS 0x0000000713300000, 0x0000000713300000|
| 308|0x0000000713400000, 0x0000000713400000, 0x0000000713500000|  0%| F|  |TS 69|AC  0|TAMS 0x0000000713400000, 0x0000000713400000|
| 309|0x0000000713500000, 0x0000000713500000, 0x0000000713600000|  0%| F|  |TS 69|AC  0|TAMS 0x0000000713500000, 0x0000000713500000|
| 310|0x0000000713600000, 0x0000000713600000, 0x0000000713700000|  0%| F|  |TS 69|AC  0|TAMS 0x0000000713600000, 0x0000000713600000|
| 311|0x0000000713700000, 0x0000000713700000, 0x0000000713800000|  0%| F|  |TS 69|AC  0|TAMS 0x0000000713700000, 0x0000000713700000|
| 312|0x0000000713800000, 0x0000000713800000, 0x0000000713900000|  0%| F|  |TS 69|AC  0|TAMS 0x0000000713800000, 0x0000000713800000|
| 313|0x0000000713900000, 0x0000000713900000, 0x0000000713a00000|  0%| F|  |TS 69|AC  0|TAMS 0x0000000713900000, 0x0000000713900000|
| 314|0x0000000713a00000, 0x0000000713a00000, 0x0000000713b00000|  0%| F|  |TS 69|AC  0|TAMS 0x0000000713a00000, 0x0000000713a00000|
| 315|0x0000000713b00000, 0x0000000713b00000, 0x0000000713c00000|  0%| F|  |TS 69|AC  0|TAMS 0x0000000713b00000, 0x0000000713b00000|
| 316|0x0000000713c00000, 0x0000000713c00000, 0x0000000713d00000|  0%| F|  |TS 69|AC  0|TAMS 0x0000000713c00000, 0x0000000713c00000|
| 317|0x0000000713d00000, 0x0000000713d00000, 0x0000000713e00000|  0%| F|  |TS 69|AC  0|TAMS 0x0000000713d00000, 0x0000000713d00000|
| 318|0x0000000713e00000, 0x0000000713e00000, 0x0000000713f00000|  0%| F|  |TS 69|AC  0|TAMS 0x0000000713e00000, 0x0000000713e00000|
| 319|0x0000000713f00000, 0x0000000713f00000, 0x0000000714000000|  0%| F|  |TS 69|AC  0|TAMS 0x0000000713f00000, 0x0000000713f00000|
| 320|0x0000000714000000, 0x0000000714000000, 0x0000000714100000|  0%| F|  |TS 69|AC  0|TAMS 0x0000000714000000, 0x0000000714000000|
| 321|0x0000000714100000, 0x0000000714100000, 0x0000000714200000|  0%| F|  |TS 69|AC  0|TAMS 0x0000000714100000, 0x0000000714100000|
| 322|0x0000000714200000, 0x0000000714200000, 0x0000000714300000|  0%| F|  |TS 69|AC  0|TAMS 0x0000000714200000, 0x0000000714200000|
| 323|0x0000000714300000, 0x0000000714300000, 0x0000000714400000|  0%| F|  |TS 69|AC  0|TAMS 0x0000000714300000, 0x0000000714300000|
| 324|0x0000000714400000, 0x0000000714400000, 0x0000000714500000|  0%| F|  |TS 69|AC  0|TAMS 0x0000000714400000, 0x0000000714400000|
| 325|0x0000000714500000, 0x0000000714500000, 0x0000000714600000|  0%| F|  |TS 69|AC  0|TAMS 0x0000000714500000, 0x0000000714500000|
| 326|0x0000000714600000, 0x0000000714600000, 0x0000000714700000|  0%| F|  |TS 69|AC  0|TAMS 0x0000000714600000, 0x0000000714600000|
| 327|0x0000000714700000, 0x0000000714700000, 0x0000000714800000|  0%| F|  |TS 69|AC  0|TAMS 0x0000000714700000, 0x0000000714700000|
| 328|0x0000000714800000, 0x0000000714800000, 0x0000000714900000|  0%| F|  |TS 69|AC  0|TAMS 0x0000000714800000, 0x0000000714800000|
| 329|0x0000000714900000, 0x0000000714900000, 0x0000000714a00000|  0%| F|  |TS 69|AC  0|TAMS 0x0000000714900000, 0x0000000714900000|
| 330|0x0000000714a00000, 0x0000000714a00000, 0x0000000714b00000|  0%| F|  |TS 69|AC  0|TAMS 0x0000000714a00000, 0x0000000714a00000|
| 331|0x0000000714b00000, 0x0000000714b00000, 0x0000000714c00000|  0%| F|  |TS 69|AC  0|TAMS 0x0000000714b00000, 0x0000000714b00000|
| 332|0x0000000714c00000, 0x0000000714cb78b0, 0x0000000714d00000| 71%| E|  |TS 69|AC  0|TAMS 0x0000000714c00000, 0x0000000714c00000|
| 333|0x0000000714d00000, 0x0000000714e00000, 0x0000000714e00000|100%| E|CS|TS 69|AC  0|TAMS 0x0000000714d00000, 0x0000000714d00000|
| 334|0x0000000714e00000, 0x0000000714f00000, 0x0000000714f00000|100%| E|CS|TS 69|AC  0|TAMS 0x0000000714e00000, 0x0000000714e00000|
| 335|0x0000000714f00000, 0x0000000715000000, 0x0000000715000000|100%| E|CS|TS 69|AC  0|TAMS 0x0000000714f00000, 0x0000000714f00000|
| 336|0x0000000715000000, 0x0000000715100000, 0x0000000715100000|100%| E|CS|TS 69|AC  0|TAMS 0x0000000715000000, 0x0000000715000000|
| 337|0x0000000715100000, 0x0000000715200000, 0x0000000715200000|100%| E|CS|TS 69|AC  0|TAMS 0x0000000715100000, 0x0000000715100000|
| 338|0x0000000715200000, 0x0000000715300000, 0x0000000715300000|100%| E|CS|TS 69|AC  0|TAMS 0x0000000715200000, 0x0000000715200000|
| 339|0x0000000715300000, 0x0000000715400000, 0x0000000715400000|100%| E|CS|TS 69|AC  0|TAMS 0x0000000715300000, 0x0000000715300000|
| 340|0x0000000715400000, 0x0000000715500000, 0x0000000715500000|100%| E|CS|TS 69|AC  0|TAMS 0x0000000715400000, 0x0000000715400000|
| 341|0x0000000715500000, 0x0000000715600000, 0x0000000715600000|100%| E|CS|TS 69|AC  0|TAMS 0x0000000715500000, 0x0000000715500000|
| 342|0x0000000715600000, 0x0000000715700000, 0x0000000715700000|100%| E|CS|TS 69|AC  0|TAMS 0x0000000715600000, 0x0000000715600000|
| 343|0x0000000715700000, 0x0000000715800000, 0x0000000715800000|100%| E|CS|TS 69|AC  0|TAMS 0x0000000715700000, 0x0000000715700000|
| 344|0x0000000715800000, 0x0000000715900000, 0x0000000715900000|100%| E|CS|TS 69|AC  0|TAMS 0x0000000715800000, 0x0000000715800000|
| 345|0x0000000715900000, 0x0000000715a00000, 0x0000000715a00000|100%| E|CS|TS 69|AC  0|TAMS 0x0000000715900000, 0x0000000715900000|
| 346|0x0000000715a00000, 0x0000000715b00000, 0x0000000715b00000|100%| E|CS|TS 69|AC  0|TAMS 0x0000000715a00000, 0x0000000715a00000|
| 347|0x0000000715b00000, 0x0000000715c00000, 0x0000000715c00000|100%| E|CS|TS 69|AC  0|TAMS 0x0000000715b00000, 0x0000000715b00000|
| 348|0x0000000715c00000, 0x0000000715d00000, 0x0000000715d00000|100%| E|CS|TS 69|AC  0|TAMS 0x0000000715c00000, 0x0000000715c00000|
| 349|0x0000000715d00000, 0x0000000715e00000, 0x0000000715e00000|100%| E|CS|TS 69|AC  0|TAMS 0x0000000715d00000, 0x0000000715d00000|
| 350|0x0000000715e00000, 0x0000000715f00000, 0x0000000715f00000|100%| E|CS|TS 69|AC  0|TAMS 0x0000000715e00000, 0x0000000715e00000|
| 351|0x0000000715f00000, 0x0000000716000000, 0x0000000716000000|100%| E|CS|TS 69|AC  0|TAMS 0x0000000715f00000, 0x0000000715f00000|
| 352|0x0000000716000000, 0x0000000716100000, 0x0000000716100000|100%| E|CS|TS 69|AC  0|TAMS 0x0000000716000000, 0x0000000716000000|
| 353|0x0000000716100000, 0x0000000716200000, 0x0000000716200000|100%| E|CS|TS 69|AC  0|TAMS 0x0000000716100000, 0x0000000716100000|
| 354|0x0000000716200000, 0x0000000716300000, 0x0000000716300000|100%| E|CS|TS 69|AC  0|TAMS 0x0000000716200000, 0x0000000716200000|
| 355|0x0000000716300000, 0x0000000716400000, 0x0000000716400000|100%| E|CS|TS 69|AC  0|TAMS 0x0000000716300000, 0x0000000716300000|
| 356|0x0000000716400000, 0x0000000716500000, 0x0000000716500000|100%| E|CS|TS 69|AC  0|TAMS 0x0000000716400000, 0x0000000716400000|
| 357|0x0000000716500000, 0x0000000716600000, 0x0000000716600000|100%| E|CS|TS 69|AC  0|TAMS 0x0000000716500000, 0x0000000716500000|
| 358|0x0000000716600000, 0x0000000716700000, 0x0000000716700000|100%| E|CS|TS 69|AC  0|TAMS 0x0000000716600000, 0x0000000716600000|
| 359|0x0000000716700000, 0x0000000716800000, 0x0000000716800000|100%| E|CS|TS 69|AC  0|TAMS 0x0000000716700000, 0x0000000716700000|
| 360|0x0000000716800000, 0x0000000716900000, 0x0000000716900000|100%| E|CS|TS 69|AC  0|TAMS 0x0000000716800000, 0x0000000716800000|
| 361|0x0000000716900000, 0x0000000716a00000, 0x0000000716a00000|100%| E|CS|TS 69|AC  0|TAMS 0x0000000716900000, 0x0000000716900000|
| 362|0x0000000716a00000, 0x0000000716b00000, 0x0000000716b00000|100%| E|CS|TS 69|AC  0|TAMS 0x0000000716a00000, 0x0000000716a00000|
| 363|0x0000000716b00000, 0x0000000716c00000, 0x0000000716c00000|100%| E|CS|TS 69|AC  0|TAMS 0x0000000716b00000, 0x0000000716b00000|
| 364|0x0000000716c00000, 0x0000000716d00000, 0x0000000716d00000|100%| E|CS|TS 69|AC  0|TAMS 0x0000000716c00000, 0x0000000716c00000|

Card table byte_map: [0x000001bf63430000,0x000001bf63a30000] byte_map_base: 0x000001bf5fc30000

Marking Bits (Prev, Next): (CMBitMap*) 0x000001bf4a8938b0, (CMBitMap*) 0x000001bf4a8938e8
 Prev Bits: [0x000001bf64030000, 0x000001bf67030000)
 Next Bits: [0x000001bf67030000, 0x000001bf6a030000)

Polling page: 0x000001bf428e0000

CodeHeap 'non-profiled nmethods': size=120000Kb used=28184Kb max_used=29373Kb free=91815Kb
 bounds [0x000001bf5bf00000, 0x000001bf5dbc0000, 0x000001bf63430000]
CodeHeap 'profiled nmethods': size=120000Kb used=49758Kb max_used=55592Kb free=70241Kb
 bounds [0x000001bf549d0000, 0x000001bf58070000, 0x000001bf5bf00000]
CodeHeap 'non-nmethods': size=5760Kb used=1898Kb max_used=1985Kb free=3861Kb
 bounds [0x000001bf54430000, 0x000001bf546a0000, 0x000001bf549d0000]
 total_blobs=43434 nmethods=21664 adapters=1286
 compilation: enabled

Compilation events (10 events):
Event: 5825.771 Thread 0x000001bf456e2800 29385   !   3       java.awt.Component::addHierarchyListener (113 bytes)
Event: 5825.772 Thread 0x000001bf456e2800 nmethod 29385 0x000001bf54c9d410 code [0x000001bf54c9d640, 0x000001bf54c9e330]
Event: 5826.568 Thread 0x000001bf456e2800 29386       3       ui.data.common.H::f (9 bytes)
Event: 5826.568 Thread 0x000001bf456e2800 nmethod 29386 0x000001bf54b4dd90 code [0x000001bf54b4df40, 0x000001bf54b4e0d0]
Event: 5826.620 Thread 0x000001bf4b0d1000 29388       4       ui.data.design.o::ail (73 bytes)
Event: 5826.620 Thread 0x000001bf4b0d1000 nmethod 29388 0x000001bf5c40a110 code [0x000001bf5c40a2a0, 0x000001bf5c40a318]
Event: 5828.733 Thread 0x000001bf456e2800 29389       3       ui.b.c.bl::isEditable (16 bytes)
Event: 5828.734 Thread 0x000001bf456e2800 nmethod 29389 0x000001bf54b4d710 code [0x000001bf54b4d8e0, 0x000001bf54b4dbc0]
Event: 5828.734 Thread 0x000001bf456e2800 29390       3       ui.utils.o.u.i::eOx (21 bytes)
Event: 5828.735 Thread 0x000001bf456e2800 nmethod 29390 0x000001bf54bc1990 code [0x000001bf54bc1b80, 0x000001bf54bc2330]

GC Heap History (10 events):
Event: 5820.904 GC heap before
{Heap before GC invocations=1037 (full 165):
 garbage-first heap   total 373760K, used 204198K [0x0000000700000000, 0x0000000700100b68, 0x00000007c0000000)
  region size 1024K, 60 young (61440K), 1 survivors (1024K)
 Metaspace       used 102434K, capacity 105309K, committed 111792K, reserved 1144832K
  class space    used 14083K, capacity 14661K, committed 16048K, reserved 1048576K
}
Event: 5820.906 GC heap after
{Heap after GC invocations=1038 (full 165):
 garbage-first heap   total 373760K, used 143795K [0x0000000700000000, 0x0000000700100b68, 0x00000007c0000000)
  region size 1024K, 1 young (1024K), 1 survivors (1024K)
 Metaspace       used 102434K, capacity 105309K, committed 111792K, reserved 1144832K
  class space    used 14083K, capacity 14661K, committed 16048K, reserved 1048576K
}
Event: 5821.106 GC heap before
{Heap before GC invocations=1038 (full 165):
 garbage-first heap   total 373760K, used 204211K [0x0000000700000000, 0x0000000700100b68, 0x00000007c0000000)
  region size 1024K, 60 young (61440K), 1 survivors (1024K)
 Metaspace       used 102434K, capacity 105309K, committed 111792K, reserved 1144832K
  class space    used 14083K, capacity 14661K, committed 16048K, reserved 1048576K
}
Event: 5821.108 GC heap after
{Heap after GC invocations=1039 (full 165):
 garbage-first heap   total 373760K, used 143813K [0x0000000700000000, 0x0000000700100b68, 0x00000007c0000000)
  region size 1024K, 1 young (1024K), 1 survivors (1024K)
 Metaspace       used 102434K, capacity 105309K, committed 111792K, reserved 1144832K
  class space    used 14083K, capacity 14661K, committed 16048K, reserved 1048576K
}
Event: 5821.910 GC heap before
{Heap before GC invocations=1039 (full 165):
 garbage-first heap   total 373760K, used 204229K [0x0000000700000000, 0x0000000700100b68, 0x00000007c0000000)
  region size 1024K, 60 young (61440K), 1 survivors (1024K)
 Metaspace       used 102434K, capacity 105309K, committed 111792K, reserved 1144832K
  class space    used 14083K, capacity 14661K, committed 16048K, reserved 1048576K
}
Event: 5821.912 GC heap after
{Heap after GC invocations=1040 (full 165):
 garbage-first heap   total 373760K, used 143892K [0x0000000700000000, 0x0000000700100b68, 0x00000007c0000000)
  region size 1024K, 1 young (1024K), 1 survivors (1024K)
 Metaspace       used 102434K, capacity 105309K, committed 111792K, reserved 1144832K
  class space    used 14083K, capacity 14661K, committed 16048K, reserved 1048576K
}
Event: 5822.564 GC heap before
{Heap before GC invocations=1040 (full 165):
 garbage-first heap   total 373760K, used 204308K [0x0000000700000000, 0x0000000700100b68, 0x00000007c0000000)
  region size 1024K, 60 young (61440K), 1 survivors (1024K)
 Metaspace       used 102445K, capacity 105309K, committed 111792K, reserved 1144832K
  class space    used 14083K, capacity 14661K, committed 16048K, reserved 1048576K
}
Event: 5822.566 GC heap after
{Heap after GC invocations=1041 (full 165):
 garbage-first heap   total 373760K, used 144348K [0x0000000700000000, 0x0000000700100b68, 0x00000007c0000000)
  region size 1024K, 2 young (2048K), 2 survivors (2048K)
 Metaspace       used 102445K, capacity 105309K, committed 111792K, reserved 1144832K
  class space    used 14083K, capacity 14661K, committed 16048K, reserved 1048576K
}
Event: 5825.438 GC heap before
{Heap before GC invocations=1041 (full 165):
 garbage-first heap   total 373760K, used 203740K [0x0000000700000000, 0x0000000700100b68, 0x00000007c0000000)
  region size 1024K, 60 young (61440K), 2 survivors (2048K)
 Metaspace       used 102448K, capacity 105373K, committed 111792K, reserved 1144832K
  class space    used 14083K, capacity 14661K, committed 16048K, reserved 1048576K
}
Event: 5825.441 GC heap after
{Heap after GC invocations=1042 (full 165):
 garbage-first heap   total 373760K, used 144940K [0x0000000700000000, 0x0000000700100b68, 0x00000007c0000000)
  region size 1024K, 2 young (2048K), 2 survivors (2048K)
 Metaspace       used 102448K, capacity 105373K, committed 111792K, reserved 1144832K
  class space    used 14083K, capacity 14661K, committed 16048K, reserved 1048576K
}

Deoptimization events (10 events):
Event: 5537.412 Thread 0x000001bf6d38f800 Uncommon trap: reason=array_check action=maybe_recompile pc=0x000001bf5db4f700 method=java.util.TimSort.mergeLo(IIII)V @ 212 c2
Event: 5606.268 Thread 0x000001bf6d38f800 Uncommon trap: reason=array_check action=maybe_recompile pc=0x000001bf5db4f700 method=java.util.TimSort.mergeLo(IIII)V @ 212 c2
Event: 5611.917 Thread 0x000001bf6d38f800 Uncommon trap: reason=array_check action=maybe_recompile pc=0x000001bf5c9f6930 method=java.util.TimSort.mergeLo(IIII)V @ 375 c2
Event: 5611.919 Thread 0x000001bf6d38f800 Uncommon trap: reason=array_check action=maybe_recompile pc=0x000001bf5c9f6930 method=java.util.TimSort.mergeLo(IIII)V @ 375 c2
Event: 5653.686 Thread 0x000001bf6d38f800 Uncommon trap: reason=unstable_if action=reinterpret pc=0x000001bf5cfcd048 method=ui.views.V.a.ck.markTokensImpl(BLjavax/swing/text/Segment;I)B @ 72 c2
Event: 5703.062 Thread 0x000001bf6d38f800 Uncommon trap: reason=array_check action=maybe_recompile pc=0x000001bf5cb53900 method=java.util.TimSort.mergeLo(IIII)V @ 468 c2
Event: 5703.247 Thread 0x000001bf6d38f800 Uncommon trap: reason=array_check action=maybe_recompile pc=0x000001bf5cb53900 method=java.util.TimSort.mergeLo(IIII)V @ 468 c2
Event: 5726.842 Thread 0x000001bf6d38f800 Uncommon trap: reason=array_check action=maybe_recompile pc=0x000001bf5cb50efc method=java.util.TimSort.mergeLo(IIII)V @ 245 c2
Event: 5727.580 Thread 0x000001bf6d38f800 Uncommon trap: reason=array_check action=maybe_recompile pc=0x000001bf5cb50efc method=java.util.TimSort.mergeLo(IIII)V @ 245 c2
Event: 5733.981 Thread 0x000001bf6d38f800 Uncommon trap: reason=null_check action=make_not_entrant pc=0x000001bf5d6bb368 method=java.awt.Font.defaultLineMetrics(Ljava/awt/font/FontRenderContext;)Lsun/font/FontLineMetrics; @ 16 c2

Classes redefined (0 events):
No events

Internal exceptions (10 events):
Event: 4041.105 Thread 0x000001bf6d38f800 Exception <a 'java/lang/NoSuchMethodError'{0x00000007137b96e0}: java.lang.invoke.DelegatingMethodHandle$Holder.reinvoke_L(Ljava/lang/Object;IIILjava/lang/Object;Ljava/lang/Object;Ljava/lang/Object;Ljava/lang/Object;)Ljava/lang/Object;> (0x00000007137b96e0
Event: 4212.645 Thread 0x000001bf18d60800 Exception <a 'java/lang/InterruptedException'{0x0000000716b12ed0}: sleep interrupted> (0x0000000716b12ed0) thrown at [t:/workspace/hotspot/src/share/vm/prims/jvm.cpp, line 2984]
Event: 4524.008 Thread 0x000001bf6d38f800 Exception <a 'java/io/FileNotFoundException'{0x00000007161ec048}> (0x00000007161ec048) thrown at [t:/workspace/hotspot/src/share/vm/prims/jni.cpp, line 604]
Event: 4524.034 Thread 0x000001bf6d38f800 Exception <a 'java/io/FileNotFoundException'{0x000000071609f588}> (0x000000071609f588) thrown at [t:/workspace/hotspot/src/share/vm/prims/jni.cpp, line 604]
Event: 4524.396 Thread 0x000001bf6d38f800 Exception <a 'java/io/FileNotFoundException'{0x0000000714543b68}> (0x0000000714543b68) thrown at [t:/workspace/hotspot/src/share/vm/prims/jni.cpp, line 604]
Event: 4524.396 Thread 0x000001bf6d38f800 Exception <a 'java/io/FileNotFoundException'{0x0000000714544c48}> (0x0000000714544c48) thrown at [t:/workspace/hotspot/src/share/vm/prims/jni.cpp, line 604]
Event: 4549.729 Thread 0x000001bf18d54000 Exception <a 'java/lang/InterruptedException'{0x0000000713e003e8}: sleep interrupted> (0x0000000713e003e8) thrown at [t:/workspace/hotspot/src/share/vm/prims/jvm.cpp, line 2984]
Event: 4670.883 Thread 0x000001bf18d60800 Exception <a 'java/lang/InterruptedException'{0x0000000713700298}: sleep interrupted> (0x0000000713700298) thrown at [t:/workspace/hotspot/src/share/vm/prims/jvm.cpp, line 2984]
Event: 4992.590 Thread 0x000001bf18d62000 Exception <a 'java/lang/InterruptedException'{0x0000000716c81020}: sleep interrupted> (0x0000000716c81020) thrown at [t:/workspace/hotspot/src/share/vm/prims/jvm.cpp, line 2984]
Event: 5733.981 Thread 0x000001bf6d38f800 Implicit null exception at 0x000001bf5d6ba768 to 0x000001bf5d6bb351

Events (10 events):
Event: 5826.562 Executing VM operation: RevokeBias done
Event: 5826.568 Thread 0x000001bf18d54000 Thread added: 0x000001bf18d54000
Event: 5826.569 Executing VM operation: RevokeBias
Event: 5826.571 Executing VM operation: RevokeBias done
Event: 5826.572 Executing VM operation: RevokeBias
Event: 5826.572 Executing VM operation: RevokeBias done
Event: 5827.493 Thread 0x000001bf18d5f000 Thread added: 0x000001bf18d5f000
Event: 5827.496 Thread 0x000001bf18d5f000 Thread exited: 0x000001bf18d5f000
Event: 5828.494 Thread 0x000001bf18d5f000 Thread added: 0x000001bf18d5f000
Event: 5828.496 Thread 0x000001bf18d5f000 Thread exited: 0x000001bf18d5f000


Dynamic libraries:
0x00007ff65ef80000 - 0x00007ff65efb0000 	D:\BYSYS\Vivado\2019.1\bin\unwrapped\win64.o\vivado.exe
0x00007ffcfb1f0000 - 0x00007ffcfb3e8000 	C:\WINDOWS\SYSTEM32\ntdll.dll
0x00007ffcf9600000 - 0x00007ffcf96bf000 	C:\WINDOWS\System32\KERNEL32.DLL
0x00007ffcf88f0000 - 0x00007ffcf8bc2000 	C:\WINDOWS\System32\KERNELBASE.dll
0x00007ffcf8e40000 - 0x00007ffcf8f40000 	C:\WINDOWS\System32\ucrtbase.dll
0x00007ffceff60000 - 0x00007ffceffee000 	C:\WINDOWS\SYSTEM32\MSVCP140.dll
0x00007ffcd8c90000 - 0x00007ffcd8cab000 	C:\WINDOWS\SYSTEM32\VCRUNTIME140.dll
0x00007ffc85780000 - 0x00007ffc86662000 	D:\BYSYS\Vivado\2019.1\lib\win64.o\librdi_common.dll
0x00007ffcf3d40000 - 0x00007ffcf3d54000 	D:\BYSYS\Vivado\2019.1\lib\win64.o\librdi_commonmain.dll
0x00007ffcf3cb0000 - 0x00007ffcf3cc4000 	D:\BYSYS\Vivado\2019.1\lib\win64.o\libboost_signals.dll
0x00007ffcf9750000 - 0x00007ffcf98f1000 	C:\WINDOWS\System32\USER32.dll
0x00007ffcf8e10000 - 0x00007ffcf8e32000 	C:\WINDOWS\System32\win32u.dll
0x00007ffcfb0b0000 - 0x00007ffcfb0db000 	C:\WINDOWS\System32\GDI32.dll
0x00007ffcf3d90000 - 0x00007ffcf3d9c000 	C:\WINDOWS\SYSTEM32\VCRUNTIME140_1.dll
0x00007ffcf9130000 - 0x00007ffcf923f000 	C:\WINDOWS\System32\gdi32full.dll
0x00007ffcf8f40000 - 0x00007ffcf8fdd000 	C:\WINDOWS\System32\msvcp_win.dll
0x00007ffcf9c20000 - 0x00007ffcf9cce000 	C:\WINDOWS\System32\ADVAPI32.dll
0x00007ffcfae10000 - 0x00007ffcfaeae000 	C:\WINDOWS\System32\msvcrt.dll
0x00007ffcf9b80000 - 0x00007ffcf9c1c000 	C:\WINDOWS\System32\sechost.dll
0x00007ffcf2d90000 - 0x00007ffcf2da4000 	D:\BYSYS\Vivado\2019.1\lib\win64.o\libboost_date_time.dll
0x00007ffc87940000 - 0x00007ffc87cae000 	D:\BYSYS\Vivado\2019.1\lib\win64.o\libCOIN-all.dll
0x00007ffcfa960000 - 0x00007ffcfaa84000 	C:\WINDOWS\System32\RPCRT4.dll
0x00007ffcf1db0000 - 0x00007ffcf1dd6000 	D:\BYSYS\Vivado\2019.1\lib\win64.o\libboost_filesystem.dll
0x00007ffcfa140000 - 0x00007ffcfa885000 	C:\WINDOWS\System32\SHELL32.dll
0x00007ffcf1970000 - 0x00007ffcf19ef000 	D:\BYSYS\Vivado\2019.1\lib\win64.o\libboost_program_options.dll
0x00007ffcb2d10000 - 0x00007ffcb2e24000 	D:\BYSYS\Vivado\2019.1\lib\win64.o\libboost_regex.dll
0x00007ffcf1da0000 - 0x00007ffcf1dab000 	D:\BYSYS\Vivado\2019.1\lib\win64.o\libboost_system.dll
0x00007ffcf1be0000 - 0x00007ffcf1c01000 	D:\BYSYS\Vivado\2019.1\lib\win64.o\libboost_thread.dll
0x00007ffcf1d90000 - 0x00007ffcf1d9a000 	D:\BYSYS\Vivado\2019.1\lib\win64.o\librdi_commonversion.dll
0x00007ffc887a0000 - 0x00007ffc888c1000 	D:\BYSYS\Vivado\2019.1\lib\win64.o\librdi_commonxillic.dll
0x00007ffcf1d20000 - 0x00007ffcf1d2f000 	D:\BYSYS\Vivado\2019.1\lib\win64.o\libboost_xilinx.dll
0x00000000730c0000 - 0x00000000731eb000 	D:\BYSYS\Vivado\2019.1\lib\win64.o\tcl85t.dll
0x00007ffcfa890000 - 0x00007ffcfa8fb000 	C:\WINDOWS\System32\WS2_32.dll
0x00007ffcef830000 - 0x00007ffcef8b2000 	D:\BYSYS\Vivado\2019.1\lib\win64.o\libhdlpsolve.dll
0x00007ffcb2c60000 - 0x00007ffcb2d05000 	D:\BYSYS\Vivado\2019.1\lib\win64.o\libhdxml.dll
0x00007ffcf1bb0000 - 0x00007ffcf1bde000 	D:\BYSYS\Vivado\2019.1\lib\win64.o\libisl_sysinfo.dll
0x00007ffcda3d0000 - 0x00007ffcda435000 	D:\BYSYS\Vivado\2019.1\lib\win64.o\liblmx6.0.dll
0x00007ffcf1a70000 - 0x00007ffcf1a8a000 	D:\BYSYS\Vivado\2019.1\lib\win64.o\pthreadVC2.dll
0x00007ffcf1a50000 - 0x00007ffcf1a6c000 	D:\BYSYS\Vivado\2019.1\lib\win64.o\librdiconfig.dll
0x00007ffceff30000 - 0x00007ffceff51000 	D:\BYSYS\Vivado\2019.1\lib\win64.o\librdizlib.dll
0x0000000012000000 - 0x0000000012270000 	D:\BYSYS\Vivado\2019.1\lib\win64.o\xerces-c_3_1.dll
0x00007ffc84bd0000 - 0x00007ffc8577f400 	D:\BYSYS\Vivado\2019.1\lib\win64.o\libisl_iostreams.dll
0x00007ffce2a40000 - 0x00007ffce2a59000 	C:\WINDOWS\SYSTEM32\NETAPI32.dll
0x00007ffcddba0000 - 0x00007ffcde079000 	C:\WINDOWS\SYSTEM32\WININET.dll
0x00007ffcf1e30000 - 0x00007ffcf1f3a000 	C:\WINDOWS\SYSTEM32\WINHTTP.dll
0x00007ffce0110000 - 0x00007ffce02fc000 	C:\WINDOWS\SYSTEM32\urlmon.dll
0x00007ffcde0b0000 - 0x00007ffcde0b9000 	C:\WINDOWS\SYSTEM32\WSOCK32.dll
0x00007ffcef940000 - 0x00007ffcef971000 	C:\WINDOWS\SYSTEM32\VCOMP140.DLL
0x00007ffc83d30000 - 0x00007ffc84bc1000 	D:\BYSYS\Vivado\2019.1\lib\win64.o\gurobi65.dll
0x00007ffcf1ba0000 - 0x00007ffcf1bad000 	D:\BYSYS\Vivado\2019.1\lib\win64.o\libboost_chrono.dll
0x00007ffc83a50000 - 0x00007ffc83d28000 	D:\BYSYS\Vivado\2019.1\lib\win64.o\libXil_lmgr11.dll
0x00007ffcfaca0000 - 0x00007ffcfad7a000 	C:\WINDOWS\System32\COMDLG32.dll
0x00007ffcf92a0000 - 0x00007ffcf95f5000 	C:\WINDOWS\System32\combase.dll
0x00007ffcfaeb0000 - 0x00007ffcfaf5d000 	C:\WINDOWS\System32\shcore.dll
0x00007ffcfac40000 - 0x00007ffcfac95000 	C:\WINDOWS\System32\SHLWAPI.dll
0x00007ffcdfe50000 - 0x00007ffce0101000 	C:\WINDOWS\SYSTEM32\iertutil.dll
0x00007ffcef800000 - 0x00007ffcef825000 	D:\BYSYS\Vivado\2019.1\lib\win64.o\libisl_iosutils.dll
0x00007ffcf1760000 - 0x00007ffcf177b000 	D:\BYSYS\Vivado\2019.1\lib\win64.o\libboost_iostreams.dll
0x00007ffcfb0e0000 - 0x00007ffcfb1ad000 	C:\WINDOWS\System32\OLEAUT32.dll
0x00007ffcf7d90000 - 0x00007ffcf7d9c000 	C:\WINDOWS\SYSTEM32\netutils.dll
0x00007ffce3e10000 - 0x00007ffce3e38000 	C:\WINDOWS\SYSTEM32\srvcli.dll
0x00007ffcf9a40000 - 0x00007ffcf9b6a000 	C:\WINDOWS\System32\ole32.dll
0x00007ffcf90c0000 - 0x00007ffcf9129000 	C:\WINDOWS\System32\WINTRUST.dll
0x00007ffcf8bd0000 - 0x00007ffcf8d26000 	C:\WINDOWS\System32\CRYPT32.dll
0x00007ffcc7f70000 - 0x00007ffcc8020000 	C:\WINDOWS\WinSxS\amd64_microsoft.windows.common-controls_6595b64144ccf1df_5.82.19041.1110_none_792d1c772443f647\COMCTL32.dll
0x00007ffcee570000 - 0x00007ffcee58d000 	C:\WINDOWS\SYSTEM32\dhcpcsvc.DLL
0x00007ffcf9900000 - 0x00007ffcf9930000 	C:\WINDOWS\System32\IMM32.DLL
0x00007ffcf84e0000 - 0x00007ffcf84f2000 	C:\WINDOWS\SYSTEM32\MSASN1.dll
0x00007ffcf7140000 - 0x00007ffcf7152000 	C:\WINDOWS\SYSTEM32\kernel.appcore.dll
0x00007ffc83530000 - 0x00007ffc83a47000 	D:\BYSYS\Vivado\2019.1\lib\win64.o\librdi_commontasks.dll
0x0000000072690000 - 0x00000000730b5000 	D:\BYSYS\Vivado\2019.1\tps\win64\jre9.0.4\bin\server\jvm.dll
0x00007ffcf96c0000 - 0x00007ffcf96c8000 	C:\WINDOWS\System32\PSAPI.DLL
0x00007ffce6110000 - 0x00007ffce611a000 	C:\WINDOWS\SYSTEM32\VERSION.dll
0x00007ffc832a0000 - 0x00007ffc83526000 	D:\BYSYS\Vivado\2019.1\lib\win64.o\librdi_sio.dll
0x00007ffcf6640000 - 0x00007ffcf6667000 	C:\WINDOWS\SYSTEM32\WINMM.dll
0x00007ffcf7d50000 - 0x00007ffcf7d8b000 	C:\WINDOWS\SYSTEM32\IPHLPAPI.DLL
0x00007ffc831b0000 - 0x00007ffc8329f000 	D:\BYSYS\Vivado\2019.1\tps\win64\jre9.0.4\bin\MSVCR120.dll
0x00007ffcf80b0000 - 0x00007ffcf811a000 	C:\WINDOWS\SYSTEM32\MSWSOCK.DLL
0x00007ffcf6990000 - 0x00007ffcf7122000 	C:\WINDOWS\SYSTEM32\windows.storage.dll
0x00007ffcf8350000 - 0x00007ffcf8380000 	C:\WINDOWS\SYSTEM32\Wldp.dll
0x00007ffc80cf0000 - 0x00007ffc831ac000 	D:\BYSYS\Vivado\2019.1\lib\win64.o\librdi_tcltasks.dll
0x00007ffc808e0000 - 0x00007ffc80ce8000 	D:\BYSYS\Vivado\2019.1\lib\win64.o\librdi_bitstream.dll
0x00007ffc80740000 - 0x00007ffc808d1000 	D:\BYSYS\Vivado\2019.1\lib\win64.o\librdi_board.dll
0x00007ffc894a0000 - 0x00007ffc89518000 	D:\BYSYS\Vivado\2019.1\lib\win64.o\librdi_boarddep.dll
0x00007ffc80650000 - 0x00007ffc8073b000 	D:\BYSYS\Vivado\2019.1\lib\win64.o\librdi_chipscope.dll
0x00007ffc80490000 - 0x00007ffc8064d000 	D:\BYSYS\Vivado\2019.1\lib\win64.o\librdi_chipscopeimpl.dll
0x00007ffc7e940000 - 0x00007ffc7ea96000 	D:\BYSYS\Vivado\2019.1\lib\win64.o\librdi_containers.dll
0x00007ffc7c3a0000 - 0x00007ffc7ca7a000 	D:\BYSYS\Vivado\2019.1\lib\win64.o\librdi_coregenipxact.dll
0x00007ffc65c00000 - 0x00007ffc65f1e000 	D:\BYSYS\Vivado\2019.1\lib\win64.o\librdi_dlyest.dll
0x00007ffc7ca80000 - 0x00007ffc7e931000 	D:\BYSYS\Vivado\2019.1\lib\win64.o\librdi_coregen.dll
0x00007ffc65590000 - 0x00007ffc65654000 	D:\BYSYS\Vivado\2019.1\lib\win64.o\librdi_dsp.dll
0x00007ffc65660000 - 0x00007ffc65bfa000 	D:\BYSYS\Vivado\2019.1\lib\win64.o\librdi_drc.dll
0x00007ffc7eaa0000 - 0x00007ffc8048a000 	D:\BYSYS\Vivado\2019.1\lib\win64.o\librdi_constraints.dll
0x00007ffc78350000 - 0x00007ffc7c393000 	D:\BYSYS\Vivado\2019.1\lib\win64.o\librdi_designutils.dll
0x00007ffcda300000 - 0x00007ffcda365000 	D:\BYSYS\Vivado\2019.1\lib\win64.o\librdi_hdf.dll
0x00007ffc64c50000 - 0x00007ffc64f33000 	D:\BYSYS\Vivado\2019.1\lib\win64.o\librdi_guitools.dll
0x00007ffc64f40000 - 0x00007ffc6558d000 	D:\BYSYS\Vivado\2019.1\lib\win64.o\librdi_filemgmt.dll
0x00007ffc88720000 - 0x00007ffc88793000 	D:\BYSYS\Vivado\2019.1\lib\win64.o\librdi_memoryarray.dll
0x00007ffc65f20000 - 0x00007ffc7834c000 	D:\BYSYS\Vivado\2019.1\lib\win64.o\librdi_device.dll
0x00007ffc63070000 - 0x00007ffc63685000 	D:\BYSYS\Vivado\2019.1\lib\win64.o\librdi_memdata.dll
0x00007ffcde0d0000 - 0x00007ffcde11b000 	D:\BYSYS\Vivado\2019.1\lib\win64.o\librdi_pfi.dll
0x00007ffc63690000 - 0x00007ffc64c50000 	D:\BYSYS\Vivado\2019.1\lib\win64.o\librdi_implflow.dll
0x00007ffc5d340000 - 0x00007ffc5d64f000 	D:\BYSYS\Vivado\2019.1\lib\win64.o\librdi_platform.dll
0x00007ffc5fcd0000 - 0x00007ffc60372000 	D:\BYSYS\Vivado\2019.1\lib\win64.o\librdi_netlist.dll
0x00007ffc5c670000 - 0x00007ffc5cbef000 	D:\BYSYS\Vivado\2019.1\lib\win64.o\librdi_project.dll
0x00007ffc5cbf0000 - 0x00007ffc5d33a000 	D:\BYSYS\Vivado\2019.1\lib\win64.o\librdi_power.dll
0x00007ffc5bf60000 - 0x00007ffc5c669000 	D:\BYSYS\Vivado\2019.1\lib\win64.o\librdi_psta.dll
0x00007ffc5b750000 - 0x00007ffc5b84a000 	D:\BYSYS\Vivado\2019.1\lib\win64.o\librdi_runsbase.dll
0x00007ffc5b850000 - 0x00007ffc5bf56000 	D:\BYSYS\Vivado\2019.1\lib\win64.o\librdi_rsb.dll
0x00007ffc5b350000 - 0x00007ffc5b741000 	D:\BYSYS\Vivado\2019.1\lib\win64.o\librdi_runs.dll
0x00007ffc5b0f0000 - 0x00007ffc5b346000 	D:\BYSYS\Vivado\2019.1\lib\win64.o\librdi_simdata.dll
0x00007ffc5a150000 - 0x00007ffc5a2c2000 	D:\BYSYS\Vivado\2019.1\lib\win64.o\librdi_advchipscopeimpl.dll
0x00007ffc5a2d0000 - 0x00007ffc5b0e1000 	D:\BYSYS\Vivado\2019.1\lib\win64.o\librdi_timing.dll
0x00007ffcb2c10000 - 0x00007ffcb2c5c000 	D:\BYSYS\Vivado\2019.1\lib\win64.o\libboost_serialization.dll
0x00007ffc87370000 - 0x00007ffc8740e000 	D:\BYSYS\Vivado\2019.1\lib\win64.o\libise.dll
0x00007ffc5d650000 - 0x00007ffc5fcc6000 	D:\BYSYS\Vivado\2019.1\lib\win64.o\librdi_place.dll
0x00007ffc60380000 - 0x00007ffc63066000 	D:\BYSYS\Vivado\2019.1\lib\win64.o\librdi_mig.dll
0x00007ffc59fb0000 - 0x00007ffc5a14f000 	D:\BYSYS\Vivado\2019.1\lib\win64.o\librdi_hip_devdesign.dll
0x00007ffca6a50000 - 0x00007ffca6a93000 	D:\BYSYS\Vivado\2019.1\lib\win64.o\librdi_noc_frameworks.dll
0x00007ffcd78d0000 - 0x00007ffcd7910000 	D:\BYSYS\Vivado\2019.1\lib\win64.o\librdi_wavedata_SimpleApi.dll
0x00007ffc59460000 - 0x00007ffc59fa7000 	D:\BYSYS\Vivado\2019.1\lib\win64.o\libverific.dll
0x00007ffc58e60000 - 0x00007ffc5945c000 	D:\BYSYS\Vivado\2019.1\lib\win64.o\librdi_wavedata.dll
0x00007ffc58d90000 - 0x00007ffc58e52000 	D:\BYSYS\Vivado\2019.1\lib\win64.o\librdi_ipconfig_readwrite.dll
0x00007ffc589a0000 - 0x00007ffc58d85000 	D:\BYSYS\Vivado\2019.1\lib\win64.o\librdi_hip_config.dll
0x00007ffc58450000 - 0x00007ffc5899e000 	D:\BYSYS\Vivado\2019.1\lib\win64.o\librdi_xdm.dll
0x00007ffc581f0000 - 0x00007ffc58449000 	D:\BYSYS\Vivado\2019.1\lib\win64.o\librdi_hsm.dll
0x00007ffca7d60000 - 0x00007ffca7d9f000 	D:\BYSYS\Vivado\2019.1\lib\win64.o\librdi_schedmon.dll
0x00007ffc55000000 - 0x00007ffc55088000 	D:\BYSYS\Vivado\2019.1\lib\win64.o\librdi_meir_core.dll

VM Arguments:
jvm_args: -Dsun.java2d.pmoffscreen=false -Dsun.java2d.xrender=false -Dsun.java2d.d3d=false -Dsun.awt.nopixfmt=true -Dsun.java2d.dpiaware=true -Dsun.java2d.uiScale.enabled=false -Xverify:none -Dswing.aatext=true -XX:-UsePerfData -Djdk.map.althashing.threshold=512 -XX:StringTableSize=4072 --add-opens=java.base/java.nio=ALL-UNNAMED --add-opens=java.desktop/sun.swing=ALL-UNNAMED --add-opens=java.desktop/javax.swing=ALL-UNNAMED --add-opens=java.desktop/javax.swing.tree=ALL-UNNAMED --add-opens=java.desktop/javax.swing.plaf.basic=ALL-UNNAMED --add-opens=java.desktop/javax.swing.plaf.synth=ALL-UNNAMED --add-opens=java.desktop/com.sun.awt=ALL-UNNAMED -XX:NewSize=60m -XX:MaxNewSize=60m -Xms128m -Xmx3072m -Xss5m 
java_command: <unknown>
java_class_path (initial): D:/BYSYS/Vivado/2019.1\lib\classes\alloy.jar;D:/BYSYS/Vivado/2019.1\lib\classes\autopilot.scelaborator.jar;D:/BYSYS/Vivado/2019.1\lib\classes\autopilot.sourceprocessor.jar;D:/BYSYS/Vivado/2019.1\lib\classes\autopilot.tbprocessor.jar;D:/BYSYS/Vivado/2019.1\lib\classes\batik-anim.jar;D:/BYSYS/Vivado/2019.1\lib\classes\batik-awt-util.jar;D:/BYSYS/Vivado/2019.1\lib\classes\batik-bridge.jar;D:/BYSYS/Vivado/2019.1\lib\classes\batik-codec.jar;D:/BYSYS/Vivado/2019.1\lib\classes\batik-css.jar;D:/BYSYS/Vivado/2019.1\lib\classes\batik-dom.jar;D:/BYSYS/Vivado/2019.1\lib\classes\batik-ext.jar;D:/BYSYS/Vivado/2019.1\lib\classes\batik-gui-util.jar;D:/BYSYS/Vivado/2019.1\lib\classes\batik-gvt.jar;D:/BYSYS/Vivado/2019.1\lib\classes\batik-parser.jar;D:/BYSYS/Vivado/2019.1\lib\classes\batik-script.jar;D:/BYSYS/Vivado/2019.1\lib\classes\batik-svg-dom.jar;D:/BYSYS/Vivado/2019.1\lib\classes\batik-swing.jar;D:/BYSYS/Vivado/2019.1\lib\classes\batik-transcoder.jar;D:/BYSYS/Vivado/2019.1\lib\classes\batik-util.jar;D:/BYSYS/Vivado/2019.1\lib\classes\batik-xml.jar;D:/BYSYS/Vivado/2019.1\lib\classes\com.google.gson_2.7.0.v20170129-0911.jar;D:/BYSYS/Vivado/2019.1\lib\classes\com.google.guava_21.0.0.v20170206-1425.jar;D:/BYSYS/Vivado/2019.1\lib\classes\com.google.inject_3.0.0.v201605172100.jar;D:/BYSYS/Vivado/2019.1\lib\classes\com.ibm.icu_4.4.2.v20110208.jar;D:/BYSYS/Vivado/2019.1\lib\classes\com.sigasi.hdt.annotations.runtime_4.3.0.201903071210.jar;D:/BYSYS/Vivado/2019.1\lib\classes\com.sigasi.hdt.blockdiagram.model_4.3.0.201903071210.jar;D:/BYSYS/Vivado/2019.1\lib\classes\com.sigasi.hdt.connection_4.3.0.201903071210.jar;D:/BYSYS/Vivado/2019.1\lib\classes\com.sigasi.hdt.dependencies.model_4.3.0.201903071210.jar;D:/BYSYS/Vivado/2019.1\lib\classes\com.sigasi.hdt.epl_4.3.0.201903071210.jar;D:/BYSYS/Vivado/2019.1\lib\classes\com.sigasi.hdt.graphics.model_4.3.0.201903071210.jar;D:/BYSYS/Vivado/2019.1\lib\classes\com.sigasi.hdt.project_4.3.0.201903071210.jar;D:/BYSYS/Viva
Launcher Type: generic

Logging:
Log output configuration:
#0: stdout all=warning uptime,level,tags
#1: stderr all=off uptime,level,tags

Environment Variables:
PATH=D:/BYSYS/Vivado/2019.1/bin;D:/BYSYS/Vivado/2019.1/lib/win64.o;D:/BYSYS/Vivado/2019.1/tps/win64/jre9.0.4/bin/server;D:/BYSYS/Vivado/2019.1/tps/win64/jre9.0.4/bin;D:/BYSYS/SDK/2019.1/bin;D:/BYSYS/Vivado/2019.1/ids_lite/ISE/bin/nt64;D:/BYSYS/Vivado/2019.1/ids_lite/ISE/lib/nt64;C:\Program Files\Microsoft\jdk-11.0.12.7-hotspot\bin;C:\WINDOWS\system32;C:\WINDOWS;C:\WINDOWS\System32\Wbem;C:\WINDOWS\System32\WindowsPowerShell\v1.0\;C:\WINDOWS\System32\OpenSSH\;D:\matlab\runtime\win64;D:\matlab\bin;C:\Program Files\dotnet\;C:\Program Files (x86)\IVI Foundation\VISA\WinNT\Bin\;C:\Program Files\IVI Foundation\VISA\Win64\Bin\;D:\py\;C:\Users\lifei\AppData\Local\Microsoft\WindowsApps;D:\charm\PyCharm Community Edition 2022.2.2\bin;;C:\Users\lifei\.dotnet\tools;D:\latex\texlive\2020\bin\win32;D:\py\Scripts;D:\alterquartus\modelsim_ase\win32aloem;D:\quartustwo\modelsim_ase\win32aloem;D:/BYSYS/Vivado/2019.1\tps\mingw\6.2.0\win64.o\nt\bin;D:/BYSYS/Vivado/2019.1\tps\mingw\6.2.0\win64.o\nt\libexec\gcc\x86_64-w64-mingw32\6.2.0;D:/BYSYS/Vivado/2019.1\tps\win64\python-2.7.5;D:/BYSYS/Vivado/2019.1\tps\win64\python-2.7.5\lib;D:/BYSYS/Vivado/2019.1\tps\win64\python-2.7.5\Lib\lib-tk;D:/BYSYS/Vivado/2019.1\tps\win64\python-2.7.5\lib\site-packages
USERNAME=lifei
OS=Windows_NT
PROCESSOR_IDENTIFIER=Intel64 Family 6 Model 140 Stepping 2, GenuineIntel



---------------  S Y S T E M  ---------------

OS: Windows 10 , 64 bit Build 19041 (10.0.19041.2546)

CPU:total 8 (initial active 8) (4 cores per cpu, 2 threads per core) family 6 model 140 stepping 2, cmov, cx8, fxsr, mmx, sse, sse2, sse3, ssse3, sse4.1, sse4.2, popcnt, avx, avx2, aes, clmul, erms, 3dnowpref, lzcnt, ht, tsc, tscinvbit, bmi1, bmi2, adx, sha, fma

Memory: 4k page, physical 16555320k(7941176k free), swap 17603896k(4316304k free)

vm_info: Java HotSpot(TM) 64-Bit Server VM (9.0.4+11) for windows-amd64 JRE (9.0.4+11), built on Dec 20 2017 02:18:54 by "mach5one" with MS VC++ 12.0 (VS2013)

END.
