#-----------------------------------------------------------
# Vivado v2019.1 (64-bit)
# SW Build 2552052 on Fri May 24 14:49:42 MDT 2019
# IP Build 2548770 on Fri May 24 18:01:18 MDT 2019
# Start of session at: Fri Jun 23 23:17:51 2023
# Process ID: 3712
# Current directory: C:/Users/lifei/Desktop/Lifei/Image-Processing-master/Final Project/VGA_1
# Command line: vivado.exe -gui_launcher_event rodinguilauncherevent19332 C:\Users\lifei\Desktop\Lifei\Image-Processing-master\Final Project\VGA_1\VGA_1.xpr
# Log file: C:/Users/lifei/Desktop/Lifei/Image-Processing-master/Final Project/VGA_1/vivado.log
# Journal file: C:/Users/lifei/Desktop/Lifei/Image-Processing-master/Final Project/VGA_1\vivado.jou
#-----------------------------------------------------------
start_gui
open_project {C:/Users/lifei/Desktop/Lifei/Image-Processing-master/Final Project/VGA_1/VGA_1.xpr}
Scanning sources...
Finished scanning sources
INFO: [IP_Flow 19-234] Refreshing IP repositories
INFO: [IP_Flow 19-1704] No user IP repositories specified
INFO: [IP_Flow 19-2313] Loaded Vivado IP repository 'D:/BYSYS/Vivado/2019.1/data/ip'.
open_project: Time (s): cpu = 00:00:13 ; elapsed = 00:00:06 . Memory (MB): peak = 868.496 ; gain = 227.871
update_compile_order -fileset sources_1
exit
INFO: [Common 17-206] Exiting Vivado at Fri Jun 23 23:47:01 2023...
