#-----------------------------------------------------------
# Vivado v2019.1 (64-bit)
# SW Build 2552052 on Fri May 24 14:49:42 MDT 2019
# IP Build 2548770 on Fri May 24 18:01:18 MDT 2019
# Start of session at: Thu Jun 22 16:04:52 2023
# Process ID: 6196
# Current directory: C:/Users/lifei/Desktop/Lifei/Image-Processing-master/Final Project/VGA_1
# Command line: vivado.exe -gui_launcher_event rodinguilauncherevent876 C:\Users\lifei\Desktop\Lifei\Image-Processing-master\Final Project\VGA_1\VGA_1.xpr
# Log file: C:/Users/lifei/Desktop/Lifei/Image-Processing-master/Final Project/VGA_1/vivado.log
# Journal file: C:/Users/lifei/Desktop/Lifei/Image-Processing-master/Final Project/VGA_1\vivado.jou
#-----------------------------------------------------------
start_gui
open_project {C:/Users/lifei/Desktop/Lifei/Image-Processing-master/Final Project/VGA_1/VGA_1.xpr}
Scanning sources...
Finished scanning sources
INFO: [IP_Flow 19-234] Refreshing IP repositories
INFO: [IP_Flow 19-1704] No user IP repositories specified
INFO: [IP_Flow 19-2313] Loaded Vivado IP repository 'D:/BYSYS/Vivado/2019.1/data/ip'.
open_project: Time (s): cpu = 00:00:15 ; elapsed = 00:00:08 . Memory (MB): peak = 806.547 ; gain = 204.695
update_compile_order -fileset sources_1
exit
INFO: [Common 17-206] Exiting Vivado at Thu Jun 22 18:15:10 2023...
