#-----------------------------------------------------------
# Vivado v2019.1 (64-bit)
# SW Build 2552052 on Fri May 24 14:49:42 MDT 2019
# IP Build 2548770 on Fri May 24 18:01:18 MDT 2019
# Start of session at: Wed May 24 07:22:21 2023
# Process ID: 13584
# Current directory: C:/Users/lifei/Desktop/FPGA/SPWM1/PWM
# Command line: vivado.exe -gui_launcher_event rodinguilauncherevent11368 C:\Users\lifei\Desktop\FPGA\SPWM1\PWM\PWM.xpr
# Log file: C:/Users/lifei/Desktop/FPGA/SPWM1/PWM/vivado.log
# Journal file: C:/Users/lifei/Desktop/FPGA/SPWM1/PWM\vivado.jou
#-----------------------------------------------------------
start_gui
open_project C:/Users/lifei/Desktop/FPGA/SPWM1/PWM/PWM.xpr
Scanning sources...
Finished scanning sources
INFO: [IP_Flow 19-234] Refreshing IP repositories
INFO: [IP_Flow 19-1704] No user IP repositories specified
INFO: [IP_Flow 19-2313] Loaded Vivado IP repository 'D:/BYSYS/Vivado/2019.1/data/ip'.
open_project: Time (s): cpu = 00:00:09 ; elapsed = 00:00:05 . Memory (MB): peak = 838.973 ; gain = 199.305
update_compile_order -fileset sources_1
launch_simulation
INFO: [Vivado 12-5698] Checking validity of IPs in the design for the 'XSim' simulator...
INFO: [Vivado 12-5682] Launching behavioral simulation in 'C:/Users/lifei/Desktop/FPGA/SPWM1/PWM/PWM.sim/sim_1/behav/xsim'
INFO: [Vivado 12-4795] Using compiled simulation libraries for IPs
INFO: [SIM-utils-51] Simulation object is 'sim_1'
INFO: [USF-XSim-7] Finding pre-compiled libraries...
INFO: [USF-XSim-11] File 'D:/BYSYS/Vivado/2019.1/data/xsim/xsim.ini' copied to run dir:'C:/Users/lifei/Desktop/FPGA/SPWM1/PWM/PWM.sim/sim_1/behav/xsim'
INFO: [SIM-utils-54] Inspecting design source files for 'gen_PWMTB' in fileset 'sim_1'...
INFO: [SIM-utils-43] Exported 'C:/Users/lifei/Desktop/FPGA/SPWM1/PWM/PWM.sim/sim_1/behav/xsim/rom_sin.mif'
INFO: [SIM-utils-43] Exported 'C:/Users/lifei/Desktop/FPGA/SPWM1/PWM/PWM.sim/sim_1/behav/xsim/sin.coe'
INFO: [USF-XSim-97] Finding global include files...
INFO: [USF-XSim-98] Fetching design files from 'sim_1'...
INFO: [USF-XSim-2] XSim::Compile design
INFO: [USF-XSim-61] Executing 'COMPILE and ANALYZE' step in 'C:/Users/lifei/Desktop/FPGA/SPWM1/PWM/PWM.sim/sim_1/behav/xsim'
"xvlog --incr --relax -prj gen_PWMTB_vlog.prj"
INFO: [USF-XSim-69] 'compile' step finished in '1' seconds
INFO: [USF-XSim-3] XSim::Elaborate design
INFO: [USF-XSim-61] Executing 'ELABORATE' step in 'C:/Users/lifei/Desktop/FPGA/SPWM1/PWM/PWM.sim/sim_1/behav/xsim'
"xelab -wto a10874853dee4b59ba30e1d3171ddd64 --incr --debug typical --relax --mt 2 -L blk_mem_gen_v8_4_3 -L xil_defaultlib -L unisims_ver -L unimacro_ver -L secureip -L xpm --snapshot gen_PWMTB_behav xil_defaultlib.gen_PWMTB xil_defaultlib.glbl -log elaborate.log"
Vivado Simulator 2019.1
Copyright 1986-1999, 2001-2019 Xilinx, Inc. All Rights Reserved.
Running: D:/BYSYS/Vivado/2019.1/bin/unwrapped/win64.o/xelab.exe -wto a10874853dee4b59ba30e1d3171ddd64 --incr --debug typical --relax --mt 2 -L blk_mem_gen_v8_4_3 -L xil_defaultlib -L unisims_ver -L unimacro_ver -L secureip -L xpm --snapshot gen_PWMTB_behav xil_defaultlib.gen_PWMTB xil_defaultlib.glbl -log elaborate.log 
Using 2 slave threads.
Starting static elaboration
WARNING: [VRFC 10-3091] actual bit length 32 differs from formal bit length 1 for port 'xclock' [C:/Users/lifei/Desktop/FPGA/SPWM1/PWM/PWM.srcs/sources_1/new/PWM1.v:64]
WARNING: [VRFC 10-3091] actual bit length 32 differs from formal bit length 1 for port 'fclock' [C:/Users/lifei/Desktop/FPGA/SPWM1/PWM/PWM.srcs/sources_1/new/PWM1.v:71]
WARNING: [VRFC 10-3091] actual bit length 32 differs from formal bit length 1 for port 'wave' [C:/Users/lifei/Desktop/FPGA/SPWM1/PWM/PWM.srcs/sources_1/new/SPWM.v:39]
WARNING: [VRFC 10-3091] actual bit length 32 differs from formal bit length 1 for port 'fclock' [C:/Users/lifei/Desktop/FPGA/SPWM1/PWM/PWM.srcs/sources_1/new/PWM1.v:66]
WARNING: [VRFC 10-3091] actual bit length 32 differs from formal bit length 1 for port 'fclock' [C:/Users/lifei/Desktop/FPGA/SPWM1/PWM/PWM.srcs/sources_1/new/PWM1.v:68]
Completed static elaboration
INFO: [XSIM 43-4323] No Change in HDL. Linking previously generated obj files to create kernel
INFO: [USF-XSim-69] 'elaborate' step finished in '1' seconds
INFO: [USF-XSim-4] XSim::Simulate design
INFO: [USF-XSim-61] Executing 'SIMULATE' step in 'C:/Users/lifei/Desktop/FPGA/SPWM1/PWM/PWM.sim/sim_1/behav/xsim'
INFO: [USF-XSim-98] *** Running xsim
   with args "gen_PWMTB_behav -key {Behavioral:sim_1:Functional:gen_PWMTB} -tclbatch {gen_PWMTB.tcl} -log {simulate.log}"
INFO: [USF-XSim-8] Loading simulator feature
Vivado Simulator 2019.1
Time resolution is 1 ps
source gen_PWMTB.tcl
# set curr_wave [current_wave_config]
# if { [string length $curr_wave] == 0 } {
#   if { [llength [get_objects]] > 0} {
#     add_wave /
#     set_property needs_save false [current_wave_config]
#   } else {
#      send_msg_id Add_Wave-1 WARNING "No top level signals found. Simulator will start without a wave window. If you want to open a wave window go to 'File->New Waveform Configuration' or type 'create_wave_config' in the TCL console."
#   }
# }
# run 1000ns
 Block Memory Generator module loading initial data...
 Block Memory Generator data initialization complete.
Block Memory Generator module gen_PWMTB.U0.U4.u0.romsin.inst.native_mem_module.blk_mem_gen_v8_4_3_inst is using a behavioral model for simulation which will not precisely model memory collision behavior.
INFO: [USF-XSim-96] XSim completed. Design snapshot 'gen_PWMTB_behav' loaded.
INFO: [USF-XSim-97] XSim simulation ran for 1000ns
launch_simulation: Time (s): cpu = 00:00:07 ; elapsed = 00:00:06 . Memory (MB): peak = 879.191 ; gain = 25.477
run all
WARNING: [Simulator 45-29] Cannot open source file /wrk/2019.1/continuous/2019_05_24_2552052/packages/customer/vivado/data/ip/xilinx/blk_mem_gen_v8_4/simulation/blk_mem_gen_v8_4.v: file does not exist.
run: Time (s): cpu = 00:00:07 ; elapsed = 00:00:06 . Memory (MB): peak = 888.430 ; gain = 0.000
close_sim
INFO: [Simtcl 6-16] Simulation closed
launch_simulation
INFO: [Vivado 12-5698] Checking validity of IPs in the design for the 'XSim' simulator...
INFO: [Vivado 12-5682] Launching behavioral simulation in 'C:/Users/lifei/Desktop/FPGA/SPWM1/PWM/PWM.sim/sim_1/behav/xsim'
INFO: [Vivado 12-4795] Using compiled simulation libraries for IPs
INFO: [SIM-utils-51] Simulation object is 'sim_1'
INFO: [USF-XSim-7] Finding pre-compiled libraries...
INFO: [USF-XSim-11] File 'D:/BYSYS/Vivado/2019.1/data/xsim/xsim.ini' copied to run dir:'C:/Users/lifei/Desktop/FPGA/SPWM1/PWM/PWM.sim/sim_1/behav/xsim'
INFO: [SIM-utils-54] Inspecting design source files for 'gen_PWMTB' in fileset 'sim_1'...
INFO: [SIM-utils-43] Exported 'C:/Users/lifei/Desktop/FPGA/SPWM1/PWM/PWM.sim/sim_1/behav/xsim/rom_sin.mif'
INFO: [SIM-utils-43] Exported 'C:/Users/lifei/Desktop/FPGA/SPWM1/PWM/PWM.sim/sim_1/behav/xsim/sin.coe'
INFO: [USF-XSim-97] Finding global include files...
INFO: [USF-XSim-98] Fetching design files from 'sim_1'...
INFO: [USF-XSim-2] XSim::Compile design
INFO: [USF-XSim-61] Executing 'COMPILE and ANALYZE' step in 'C:/Users/lifei/Desktop/FPGA/SPWM1/PWM/PWM.sim/sim_1/behav/xsim'
"xvlog --incr --relax -prj gen_PWMTB_vlog.prj"
INFO: [USF-XSim-69] 'compile' step finished in '1' seconds
INFO: [USF-XSim-3] XSim::Elaborate design
INFO: [USF-XSim-61] Executing 'ELABORATE' step in 'C:/Users/lifei/Desktop/FPGA/SPWM1/PWM/PWM.sim/sim_1/behav/xsim'
"xelab -wto a10874853dee4b59ba30e1d3171ddd64 --incr --debug typical --relax --mt 2 -L blk_mem_gen_v8_4_3 -L xil_defaultlib -L unisims_ver -L unimacro_ver -L secureip -L xpm --snapshot gen_PWMTB_behav xil_defaultlib.gen_PWMTB xil_defaultlib.glbl -log elaborate.log"
Vivado Simulator 2019.1
Copyright 1986-1999, 2001-2019 Xilinx, Inc. All Rights Reserved.
Running: D:/BYSYS/Vivado/2019.1/bin/unwrapped/win64.o/xelab.exe -wto a10874853dee4b59ba30e1d3171ddd64 --incr --debug typical --relax --mt 2 -L blk_mem_gen_v8_4_3 -L xil_defaultlib -L unisims_ver -L unimacro_ver -L secureip -L xpm --snapshot gen_PWMTB_behav xil_defaultlib.gen_PWMTB xil_defaultlib.glbl -log elaborate.log 
Using 2 slave threads.
Starting static elaboration
WARNING: [VRFC 10-3091] actual bit length 32 differs from formal bit length 1 for port 'xclock' [C:/Users/lifei/Desktop/FPGA/SPWM1/PWM/PWM.srcs/sources_1/new/PWM1.v:64]
WARNING: [VRFC 10-3091] actual bit length 32 differs from formal bit length 1 for port 'fclock' [C:/Users/lifei/Desktop/FPGA/SPWM1/PWM/PWM.srcs/sources_1/new/PWM1.v:71]
WARNING: [VRFC 10-3091] actual bit length 32 differs from formal bit length 1 for port 'wave' [C:/Users/lifei/Desktop/FPGA/SPWM1/PWM/PWM.srcs/sources_1/new/SPWM.v:39]
WARNING: [VRFC 10-3091] actual bit length 32 differs from formal bit length 1 for port 'fclock' [C:/Users/lifei/Desktop/FPGA/SPWM1/PWM/PWM.srcs/sources_1/new/PWM1.v:66]
WARNING: [VRFC 10-3091] actual bit length 32 differs from formal bit length 1 for port 'fclock' [C:/Users/lifei/Desktop/FPGA/SPWM1/PWM/PWM.srcs/sources_1/new/PWM1.v:68]
Completed static elaboration
INFO: [XSIM 43-4323] No Change in HDL. Linking previously generated obj files to create kernel
INFO: [USF-XSim-69] 'elaborate' step finished in '1' seconds
INFO: [USF-XSim-4] XSim::Simulate design
INFO: [USF-XSim-61] Executing 'SIMULATE' step in 'C:/Users/lifei/Desktop/FPGA/SPWM1/PWM/PWM.sim/sim_1/behav/xsim'
INFO: [USF-XSim-98] *** Running xsim
   with args "gen_PWMTB_behav -key {Behavioral:sim_1:Functional:gen_PWMTB} -tclbatch {gen_PWMTB.tcl} -log {simulate.log}"
INFO: [USF-XSim-8] Loading simulator feature
Vivado Simulator 2019.1
Time resolution is 1 ps
source gen_PWMTB.tcl
# set curr_wave [current_wave_config]
# if { [string length $curr_wave] == 0 } {
#   if { [llength [get_objects]] > 0} {
#     add_wave /
#     set_property needs_save false [current_wave_config]
#   } else {
#      send_msg_id Add_Wave-1 WARNING "No top level signals found. Simulator will start without a wave window. If you want to open a wave window go to 'File->New Waveform Configuration' or type 'create_wave_config' in the TCL console."
#   }
# }
# run 1000ns
 Block Memory Generator module loading initial data...
 Block Memory Generator data initialization complete.
Block Memory Generator module gen_PWMTB.U0.U4.u0.romsin.inst.native_mem_module.blk_mem_gen_v8_4_3_inst is using a behavioral model for simulation which will not precisely model memory collision behavior.
INFO: [USF-XSim-96] XSim completed. Design snapshot 'gen_PWMTB_behav' loaded.
INFO: [USF-XSim-97] XSim simulation ran for 1000ns
launch_simulation: Time (s): cpu = 00:00:05 ; elapsed = 00:00:07 . Memory (MB): peak = 902.012 ; gain = 0.000
update_compile_order -fileset sources_1
run all
launch_runs synth_1 -jobs 4
[Wed May 24 07:33:16 2023] Launched synth_1...
Run output will be captured here: C:/Users/lifei/Desktop/FPGA/SPWM1/PWM/PWM.runs/synth_1/runme.log
reset_run synth_1
launch_runs synth_1 -jobs 4
[Wed May 24 07:34:08 2023] Launched synth_1...
Run output will be captured here: C:/Users/lifei/Desktop/FPGA/SPWM1/PWM/PWM.runs/synth_1/runme.log
close_sim
INFO: [Simtcl 6-16] Simulation closed
launch_simulation
INFO: [Vivado 12-5698] Checking validity of IPs in the design for the 'XSim' simulator...
INFO: [Vivado 12-5682] Launching behavioral simulation in 'C:/Users/lifei/Desktop/FPGA/SPWM1/PWM/PWM.sim/sim_1/behav/xsim'
INFO: [Vivado 12-4795] Using compiled simulation libraries for IPs
INFO: [SIM-utils-51] Simulation object is 'sim_1'
INFO: [USF-XSim-7] Finding pre-compiled libraries...
INFO: [USF-XSim-11] File 'D:/BYSYS/Vivado/2019.1/data/xsim/xsim.ini' copied to run dir:'C:/Users/lifei/Desktop/FPGA/SPWM1/PWM/PWM.sim/sim_1/behav/xsim'
INFO: [SIM-utils-54] Inspecting design source files for 'gen_PWMTB' in fileset 'sim_1'...
INFO: [SIM-utils-43] Exported 'C:/Users/lifei/Desktop/FPGA/SPWM1/PWM/PWM.sim/sim_1/behav/xsim/rom_sin.mif'
INFO: [SIM-utils-43] Exported 'C:/Users/lifei/Desktop/FPGA/SPWM1/PWM/PWM.sim/sim_1/behav/xsim/sin.coe'
INFO: [USF-XSim-97] Finding global include files...
INFO: [USF-XSim-98] Fetching design files from 'sim_1'...
INFO: [USF-XSim-2] XSim::Compile design
INFO: [USF-XSim-61] Executing 'COMPILE and ANALYZE' step in 'C:/Users/lifei/Desktop/FPGA/SPWM1/PWM/PWM.sim/sim_1/behav/xsim'
"xvlog --incr --relax -prj gen_PWMTB_vlog.prj"
INFO: [VRFC 10-2263] Analyzing Verilog file "C:/Users/lifei/Desktop/FPGA/SPWM1/PWM/PWM.srcs/sources_1/ip/rom_sin/sim/rom_sin.v" into library xil_defaultlib
INFO: [VRFC 10-311] analyzing module rom_sin
INFO: [VRFC 10-2263] Analyzing Verilog file "C:/Users/lifei/Desktop/FPGA/SPWM1/PWM/PWM.srcs/sources_1/new/DDS.v" into library xil_defaultlib
INFO: [VRFC 10-311] analyzing module DDS
INFO: [VRFC 10-2263] Analyzing Verilog file "C:/Users/lifei/Desktop/FPGA/SPWM1/PWM/PWM.srcs/sources_1/new/PWM1.v" into library xil_defaultlib
INFO: [VRFC 10-311] analyzing module PWM1
INFO: [VRFC 10-2263] Analyzing Verilog file "C:/Users/lifei/Desktop/FPGA/SPWM1/PWM/PWM.srcs/sources_1/new/SPWM.v" into library xil_defaultlib
INFO: [VRFC 10-311] analyzing module SPWM
INFO: [VRFC 10-2263] Analyzing Verilog file "C:/Users/lifei/Desktop/FPGA/SPWM1/PWM/PWM.srcs/sources_1/new/pwm_gen.v" into library xil_defaultlib
INFO: [VRFC 10-311] analyzing module pwm_gen
INFO: [VRFC 10-2263] Analyzing Verilog file "C:/Users/lifei/Desktop/FPGA/SPWM1/PWM/PWM.srcs/sim_1/new/gen_PWMTB.v" into library xil_defaultlib
INFO: [VRFC 10-311] analyzing module gen_PWMTB
INFO: [USF-XSim-69] 'compile' step finished in '1' seconds
INFO: [USF-XSim-3] XSim::Elaborate design
INFO: [USF-XSim-61] Executing 'ELABORATE' step in 'C:/Users/lifei/Desktop/FPGA/SPWM1/PWM/PWM.sim/sim_1/behav/xsim'
"xelab -wto a10874853dee4b59ba30e1d3171ddd64 --incr --debug typical --relax --mt 2 -L blk_mem_gen_v8_4_3 -L xil_defaultlib -L unisims_ver -L unimacro_ver -L secureip -L xpm --snapshot gen_PWMTB_behav xil_defaultlib.gen_PWMTB xil_defaultlib.glbl -log elaborate.log"
Vivado Simulator 2019.1
Copyright 1986-1999, 2001-2019 Xilinx, Inc. All Rights Reserved.
Running: D:/BYSYS/Vivado/2019.1/bin/unwrapped/win64.o/xelab.exe -wto a10874853dee4b59ba30e1d3171ddd64 --incr --debug typical --relax --mt 2 -L blk_mem_gen_v8_4_3 -L xil_defaultlib -L unisims_ver -L unimacro_ver -L secureip -L xpm --snapshot gen_PWMTB_behav xil_defaultlib.gen_PWMTB xil_defaultlib.glbl -log elaborate.log 
Using 2 slave threads.
Starting static elaboration
WARNING: [VRFC 10-3091] actual bit length 32 differs from formal bit length 1 for port 'xclock' [C:/Users/lifei/Desktop/FPGA/SPWM1/PWM/PWM.srcs/sources_1/new/PWM1.v:64]
WARNING: [VRFC 10-3091] actual bit length 32 differs from formal bit length 1 for port 'fclock' [C:/Users/lifei/Desktop/FPGA/SPWM1/PWM/PWM.srcs/sources_1/new/PWM1.v:71]
WARNING: [VRFC 10-3091] actual bit length 32 differs from formal bit length 1 for port 'wave' [C:/Users/lifei/Desktop/FPGA/SPWM1/PWM/PWM.srcs/sources_1/new/SPWM.v:39]
WARNING: [VRFC 10-3091] actual bit length 32 differs from formal bit length 1 for port 'fclock' [C:/Users/lifei/Desktop/FPGA/SPWM1/PWM/PWM.srcs/sources_1/new/PWM1.v:66]
WARNING: [VRFC 10-3091] actual bit length 32 differs from formal bit length 1 for port 'fclock' [C:/Users/lifei/Desktop/FPGA/SPWM1/PWM/PWM.srcs/sources_1/new/PWM1.v:68]
Completed static elaboration
Starting simulation data flow analysis
Completed simulation data flow analysis
Time Resolution for simulation is 1ps
Compiling module xil_defaultlib.pwm_gen
Compiling module blk_mem_gen_v8_4_3.blk_mem_gen_v8_4_3_output_stage(...
Compiling module blk_mem_gen_v8_4_3.blk_mem_gen_v8_4_3_output_stage(...
Compiling module blk_mem_gen_v8_4_3.blk_mem_gen_v8_4_3_softecc_outpu...
Compiling module blk_mem_gen_v8_4_3.blk_mem_gen_v8_4_3_mem_module(C_...
Compiling module blk_mem_gen_v8_4_3.blk_mem_gen_v8_4_3(C_FAMILY="art...
Compiling module xil_defaultlib.rom_sin
Compiling module xil_defaultlib.DDS
Compiling module xil_defaultlib.SPWM
Compiling module xil_defaultlib.PWM1
Compiling module xil_defaultlib.gen_PWMTB
Compiling module xil_defaultlib.glbl
Built simulation snapshot gen_PWMTB_behav

****** Webtalk v2019.1 (64-bit)
  **** SW Build 2552052 on Fri May 24 14:49:42 MDT 2019
  **** IP Build 2548770 on Fri May 24 18:01:18 MDT 2019
    ** Copyright 1986-2019 Xilinx, Inc. All Rights Reserved.

source C:/Users/lifei/Desktop/FPGA/SPWM1/PWM/PWM.sim/sim_1/behav/xsim/xsim.dir/gen_PWMTB_behav/webtalk/xsim_webtalk.tcl -notrace
INFO: [Common 17-206] Exiting Webtalk at Wed May 24 07:35:37 2023...
INFO: [USF-XSim-69] 'elaborate' step finished in '4' seconds
INFO: [USF-XSim-4] XSim::Simulate design
INFO: [USF-XSim-61] Executing 'SIMULATE' step in 'C:/Users/lifei/Desktop/FPGA/SPWM1/PWM/PWM.sim/sim_1/behav/xsim'
INFO: [USF-XSim-98] *** Running xsim
   with args "gen_PWMTB_behav -key {Behavioral:sim_1:Functional:gen_PWMTB} -tclbatch {gen_PWMTB.tcl} -log {simulate.log}"
INFO: [USF-XSim-8] Loading simulator feature
Vivado Simulator 2019.1
Time resolution is 1 ps
source gen_PWMTB.tcl
# set curr_wave [current_wave_config]
# if { [string length $curr_wave] == 0 } {
#   if { [llength [get_objects]] > 0} {
#     add_wave /
#     set_property needs_save false [current_wave_config]
#   } else {
#      send_msg_id Add_Wave-1 WARNING "No top level signals found. Simulator will start without a wave window. If you want to open a wave window go to 'File->New Waveform Configuration' or type 'create_wave_config' in the TCL console."
#   }
# }
# run 1000ns
 Block Memory Generator module loading initial data...
 Block Memory Generator data initialization complete.
Block Memory Generator module gen_PWMTB.U0.U4.u0.romsin.inst.native_mem_module.blk_mem_gen_v8_4_3_inst is using a behavioral model for simulation which will not precisely model memory collision behavior.
INFO: [USF-XSim-96] XSim completed. Design snapshot 'gen_PWMTB_behav' loaded.
INFO: [USF-XSim-97] XSim simulation ran for 1000ns
launch_simulation: Time (s): cpu = 00:00:04 ; elapsed = 00:00:08 . Memory (MB): peak = 1265.445 ; gain = 0.000
run all
open_hw
connect_hw_server
INFO: [Labtools 27-2285] Connecting to hw_server url TCP:localhost:3121
open_hw_target
INFO: [Labtoolstcl 44-466] Opening hw_target localhost:3121/xilinx_tcf/Digilent/210183B5A07FA
current_hw_device [get_hw_devices xc7a35t_0]
refresh_hw_device -update_hw_probes false [lindex [get_hw_devices xc7a35t_0] 0]
INFO: [Labtools 27-2302] Device xc7a35t (JTAG device index = 0) is programmed with a design that has 1 ILA core(s).
close_sim
INFO: [Simtcl 6-16] Simulation closed
exit
INFO: [Common 17-206] Exiting Vivado at Wed May 24 09:51:10 2023...
