#-----------------------------------------------------------
# Vivado v2019.1 (64-bit)
# SW Build 2552052 on Fri May 24 14:49:42 MDT 2019
# IP Build 2548770 on Fri May 24 18:01:18 MDT 2019
# Start of session at: Wed Apr 19 10:40:37 2023
# Process ID: 2424
# Current directory: C:/Users/lifei/Desktop/FPGA/state
# Command line: vivado.exe -gui_launcher_event rodinguilauncherevent9096 C:\Users\lifei\Desktop\FPGA\state\State.xpr
# Log file: C:/Users/lifei/Desktop/FPGA/state/vivado.log
# Journal file: C:/Users/lifei/Desktop/FPGA/state\vivado.jou
#-----------------------------------------------------------
start_gui
open_project C:/Users/lifei/Desktop/FPGA/state/State.xpr
Scanning sources...
Finished scanning sources
INFO: [IP_Flow 19-234] Refreshing IP repositories
INFO: [IP_Flow 19-1704] No user IP repositories specified
INFO: [IP_Flow 19-2313] Loaded Vivado IP repository 'D:/BYSYS/Vivado/2019.1/data/ip'.
update_compile_order -fileset sources_1
exit
INFO: [Common 17-206] Exiting Vivado at Wed Apr 19 10:55:11 2023...
