#-----------------------------------------------------------
# Vivado v2019.1 (64-bit)
# SW Build 2552052 on Fri May 24 14:49:42 MDT 2019
# IP Build 2548770 on Fri May 24 18:01:18 MDT 2019
# Start of session at: Mon Jun 12 15:30:27 2023
# Process ID: 2436
# Current directory: C:/Users/lifei/Desktop/FPGA/Sigal
# Command line: vivado.exe -gui_launcher_event rodinguilauncherevent4572 C:\Users\lifei\Desktop\FPGA\Sigal\Sigal.xpr
# Log file: C:/Users/lifei/Desktop/FPGA/Sigal/vivado.log
# Journal file: C:/Users/lifei/Desktop/FPGA/Sigal\vivado.jou
#-----------------------------------------------------------
start_gui
open_project C:/Users/lifei/Desktop/FPGA/Sigal/Sigal.xpr
CRITICAL WARNING: [Project 1-19] Could not find the file 'C:/Users/lifei/Desktop/a.coe'.
Scanning sources...
Finished scanning sources
INFO: [IP_Flow 19-234] Refreshing IP repositories
INFO: [IP_Flow 19-1704] No user IP repositories specified
INFO: [IP_Flow 19-2313] Loaded Vivado IP repository 'D:/BYSYS/Vivado/2019.1/data/ip'.
update_compile_order -fileset sources_1
exit
INFO: [Common 17-206] Exiting Vivado at Mon Jun 12 15:32:51 2023...
