#-----------------------------------------------------------
# Vivado v2019.1 (64-bit)
# SW Build 2552052 on Fri May 24 14:49:42 MDT 2019
# IP Build 2548770 on Fri May 24 18:01:18 MDT 2019
# Start of session at: Sun Jun  4 18:19:23 2023
# Process ID: 20528
# Current directory: C:/Users/lifei/Desktop/FPGA/ss/SPWM/PWM
# Command line: vivado.exe -gui_launcher_event rodinguilauncherevent14932 C:\Users\lifei\Desktop\FPGA\ss\SPWM\PWM\PWM.xpr
# Log file: C:/Users/lifei/Desktop/FPGA/ss/SPWM/PWM/vivado.log
# Journal file: C:/Users/lifei/Desktop/FPGA/ss/SPWM/PWM\vivado.jou
#-----------------------------------------------------------
start_gui
open_project C:/Users/lifei/Desktop/FPGA/ss/SPWM/PWM/PWM.xpr
CRITICAL WARNING: [Project 1-19] Could not find the file 'C:/Users/lifei/Desktop/FPGA/sin.coe'.
Scanning sources...
Finished scanning sources
INFO: [IP_Flow 19-234] Refreshing IP repositories
INFO: [IP_Flow 19-1704] No user IP repositories specified
INFO: [IP_Flow 19-2313] Loaded Vivado IP repository 'D:/BYSYS/Vivado/2019.1/data/ip'.
open_project: Time (s): cpu = 00:00:11 ; elapsed = 00:00:05 . Memory (MB): peak = 882.320 ; gain = 205.328
update_compile_order -fileset sources_1
WARNING: [IP_Flow 19-4067] Ignoring invalid widget type specified checkbox.Providing a default widget
exit
INFO: [Common 17-206] Exiting Vivado at Sun Jun  4 18:58:54 2023...
