#-----------------------------------------------------------
# Vivado v2019.1 (64-bit)
# SW Build 2552052 on Fri May 24 14:49:42 MDT 2019
# IP Build 2548770 on Fri May 24 18:01:18 MDT 2019
# Start of session at: Fri May 26 14:59:30 2023
# Process ID: 5012
# Current directory: C:/Users/lifei/Desktop/FPGA/ss/SPWM/PWM
# Command line: vivado.exe -gui_launcher_event rodinguilauncherevent6516 C:\Users\lifei\Desktop\FPGA\ss\SPWM\PWM\PWM.xpr
# Log file: C:/Users/lifei/Desktop/FPGA/ss/SPWM/PWM/vivado.log
# Journal file: C:/Users/lifei/Desktop/FPGA/ss/SPWM/PWM\vivado.jou
#-----------------------------------------------------------
start_gui
open_project C:/Users/lifei/Desktop/FPGA/ss/SPWM/PWM/PWM.xpr
CRITICAL WARNING: [Project 1-19] Could not find the file 'C:/Users/lifei/Desktop/FPGA/sin.coe'.
Scanning sources...
Finished scanning sources
INFO: [IP_Flow 19-234] Refreshing IP repositories
INFO: [IP_Flow 19-1704] No user IP repositories specified
INFO: [IP_Flow 19-2313] Loaded Vivado IP repository 'D:/BYSYS/Vivado/2019.1/data/ip'.
open_project: Time (s): cpu = 00:00:13 ; elapsed = 00:00:06 . Memory (MB): peak = 864.312 ; gain = 192.141
exit
INFO: [Common 17-206] Exiting Vivado at Fri May 26 14:59:49 2023...
