#-----------------------------------------------------------
# Vivado v2019.1 (64-bit)
# SW Build 2552052 on Fri May 24 14:49:42 MDT 2019
# IP Build 2548770 on Fri May 24 18:01:18 MDT 2019
# Start of session at: Sun May 21 16:16:33 2023
# Process ID: 11844
# Current directory: C:/Users/lifei/Desktop/FPGA/_Cnt
# Command line: vivado.exe -gui_launcher_event rodinguilauncherevent1468 C:\Users\lifei\Desktop\FPGA\_Cnt\_Cnt.xpr
# Log file: C:/Users/lifei/Desktop/FPGA/_Cnt/vivado.log
# Journal file: C:/Users/lifei/Desktop/FPGA/_Cnt\vivado.jou
#-----------------------------------------------------------
start_gui
open_project C:/Users/lifei/Desktop/FPGA/_Cnt/_Cnt.xpr
Scanning sources...
Finished scanning sources
INFO: [IP_Flow 19-234] Refreshing IP repositories
INFO: [IP_Flow 19-1704] No user IP repositories specified
INFO: [IP_Flow 19-2313] Loaded Vivado IP repository 'D:/BYSYS/Vivado/2019.1/data/ip'.
update_compile_order -fileset sources_1
exit
INFO: [Common 17-206] Exiting Vivado at Sun May 21 16:57:53 2023...
