
*** Running vivado
    with args -log image.vds -m64 -product Vivado -mode batch -messageDb vivado.pb -notrace -source image.tcl


****** Vivado v2019.1 (64-bit)
  **** SW Build 2552052 on Fri May 24 14:49:42 MDT 2019
  **** IP Build 2548770 on Fri May 24 18:01:18 MDT 2019
    ** Copyright 1986-2019 Xilinx, Inc. All Rights Reserved.

source image.tcl -notrace
Command: synth_design -top image -part xc7a35tcpg236-1 -mode out_of_context
Starting synth_design
Attempting to get a license for feature 'Synthesis' and/or device 'xc7a35t'
INFO: [Common 17-349] Got license for feature 'Synthesis' and/or device 'xc7a35t'
INFO: [Device 21-403] Loading part xc7a35tcpg236-1
INFO: Launching helper process for spawning children vivado processes
INFO: Helper process launched with PID 15356 
---------------------------------------------------------------------------------
Starting RTL Elaboration : Time (s): cpu = 00:00:04 ; elapsed = 00:00:05 . Memory (MB): peak = 802.512 ; gain = 176.824
---------------------------------------------------------------------------------
INFO: [Synth 8-638] synthesizing module 'image' [c:/Users/lifei/Desktop/Image-Processing-master/Final Project/VGA_1/VGA_1.srcs/sources_1/ip/image/synth/image.vhd:69]
	Parameter C_FAMILY bound to: artix7 - type: string 
	Parameter C_XDEVICEFAMILY bound to: artix7 - type: string 
	Parameter C_ELABORATION_DIR bound to: ./ - type: string 
	Parameter C_INTERFACE_TYPE bound to: 0 - type: integer 
	Parameter C_AXI_TYPE bound to: 1 - type: integer 
	Parameter C_AXI_SLAVE_TYPE bound to: 0 - type: integer 
	Parameter C_USE_BRAM_BLOCK bound to: 0 - type: integer 
	Parameter C_ENABLE_32BIT_ADDRESS bound to: 0 - type: integer 
	Parameter C_CTRL_ECC_ALGO bound to: NONE - type: string 
	Parameter C_HAS_AXI_ID bound to: 0 - type: integer 
	Parameter C_AXI_ID_WIDTH bound to: 4 - type: integer 
	Parameter C_MEM_TYPE bound to: 0 - type: integer 
	Parameter C_BYTE_SIZE bound to: 9 - type: integer 
	Parameter C_ALGORITHM bound to: 1 - type: integer 
	Parameter C_PRIM_TYPE bound to: 1 - type: integer 
	Parameter C_LOAD_INIT_FILE bound to: 1 - type: integer 
	Parameter C_INIT_FILE_NAME bound to: image.mif - type: string 
	Parameter C_INIT_FILE bound to: image.mem - type: string 
	Parameter C_USE_DEFAULT_DATA bound to: 0 - type: integer 
	Parameter C_DEFAULT_DATA bound to: 0 - type: string 
	Parameter C_HAS_RSTA bound to: 0 - type: integer 
	Parameter C_RST_PRIORITY_A bound to: CE - type: string 
	Parameter C_RSTRAM_A bound to: 0 - type: integer 
	Parameter C_INITA_VAL bound to: 0 - type: string 
	Parameter C_HAS_ENA bound to: 0 - type: integer 
	Parameter C_HAS_REGCEA bound to: 0 - type: integer 
	Parameter C_USE_BYTE_WEA bound to: 0 - type: integer 
	Parameter C_WEA_WIDTH bound to: 1 - type: integer 
	Parameter C_WRITE_MODE_A bound to: WRITE_FIRST - type: string 
	Parameter C_WRITE_WIDTH_A bound to: 96 - type: integer 
	Parameter C_READ_WIDTH_A bound to: 96 - type: integer 
	Parameter C_WRITE_DEPTH_A bound to: 10000 - type: integer 
	Parameter C_READ_DEPTH_A bound to: 10000 - type: integer 
	Parameter C_ADDRA_WIDTH bound to: 14 - type: integer 
	Parameter C_HAS_RSTB bound to: 0 - type: integer 
	Parameter C_RST_PRIORITY_B bound to: CE - type: string 
	Parameter C_RSTRAM_B bound to: 0 - type: integer 
	Parameter C_INITB_VAL bound to: 0 - type: string 
	Parameter C_HAS_ENB bound to: 0 - type: integer 
	Parameter C_HAS_REGCEB bound to: 0 - type: integer 
	Parameter C_USE_BYTE_WEB bound to: 0 - type: integer 
	Parameter C_WEB_WIDTH bound to: 1 - type: integer 
	Parameter C_WRITE_MODE_B bound to: WRITE_FIRST - type: string 
	Parameter C_WRITE_WIDTH_B bound to: 96 - type: integer 
	Parameter C_READ_WIDTH_B bound to: 96 - type: integer 
	Parameter C_WRITE_DEPTH_B bound to: 10000 - type: integer 
	Parameter C_READ_DEPTH_B bound to: 10000 - type: integer 
	Parameter C_ADDRB_WIDTH bound to: 14 - type: integer 
	Parameter C_HAS_MEM_OUTPUT_REGS_A bound to: 1 - type: integer 
	Parameter C_HAS_MEM_OUTPUT_REGS_B bound to: 0 - type: integer 
	Parameter C_HAS_MUX_OUTPUT_REGS_A bound to: 0 - type: integer 
	Parameter C_HAS_MUX_OUTPUT_REGS_B bound to: 0 - type: integer 
	Parameter C_MUX_PIPELINE_STAGES bound to: 0 - type: integer 
	Parameter C_HAS_SOFTECC_INPUT_REGS_A bound to: 0 - type: integer 
	Parameter C_HAS_SOFTECC_OUTPUT_REGS_B bound to: 0 - type: integer 
	Parameter C_USE_SOFTECC bound to: 0 - type: integer 
	Parameter C_USE_ECC bound to: 0 - type: integer 
	Parameter C_EN_ECC_PIPE bound to: 0 - type: integer 
	Parameter C_READ_LATENCY_A bound to: 1 - type: integer 
	Parameter C_READ_LATENCY_B bound to: 1 - type: integer 
	Parameter C_HAS_INJECTERR bound to: 0 - type: integer 
	Parameter C_SIM_COLLISION_CHECK bound to: ALL - type: string 
	Parameter C_COMMON_CLK bound to: 0 - type: integer 
	Parameter C_DISABLE_WARN_BHV_COLL bound to: 0 - type: integer 
	Parameter C_EN_SLEEP_PIN bound to: 0 - type: integer 
	Parameter C_USE_URAM bound to: 0 - type: integer 
	Parameter C_EN_RDADDRA_CHG bound to: 0 - type: integer 
	Parameter C_EN_RDADDRB_CHG bound to: 0 - type: integer 
	Parameter C_EN_DEEPSLEEP_PIN bound to: 0 - type: integer 
	Parameter C_EN_SHUTDOWN_PIN bound to: 0 - type: integer 
	Parameter C_EN_SAFETY_CKT bound to: 0 - type: integer 
	Parameter C_DISABLE_WARN_BHV_RANGE bound to: 0 - type: integer 
	Parameter C_COUNT_36K_BRAM bound to: 27 - type: string 
	Parameter C_COUNT_18K_BRAM bound to: 1 - type: string 
	Parameter C_EST_POWER_SUMMARY bound to: Estimated Power for IP     :     25.71915 mW - type: string 
INFO: [Synth 8-3491] module 'blk_mem_gen_v8_4_3' declared at 'c:/Users/lifei/Desktop/Image-Processing-master/Final Project/VGA_1/VGA_1.srcs/sources_1/ip/image/hdl/blk_mem_gen_v8_4_vhsyn_rfs.vhd:195321' bound to instance 'U0' of component 'blk_mem_gen_v8_4_3' [c:/Users/lifei/Desktop/Image-Processing-master/Final Project/VGA_1/VGA_1.srcs/sources_1/ip/image/synth/image.vhd:234]
INFO: [Synth 8-256] done synthesizing module 'image' (11#1) [c:/Users/lifei/Desktop/Image-Processing-master/Final Project/VGA_1/VGA_1.srcs/sources_1/ip/image/synth/image.vhd:69]
WARNING: [Synth 8-3331] design blk_mem_gen_mux__parameterized0 has unconnected port MUX_RST[0]
WARNING: [Synth 8-3331] design blk_mem_gen_mux__parameterized0 has unconnected port MEM_LAT_RST
WARNING: [Synth 8-3331] design blk_mem_gen_mux__parameterized0 has unconnected port MEM_REG_RST
WARNING: [Synth 8-3331] design blk_mem_gen_mux__parameterized0 has unconnected port MUX_REGCE[0]
WARNING: [Synth 8-3331] design blk_mem_gen_mux__parameterized0 has unconnected port MEM_REGCE
WARNING: [Synth 8-3331] design blk_mem_gen_mux__parameterized0 has unconnected port WE
WARNING: [Synth 8-3331] design blk_mem_gen_mux__parameterized0 has unconnected port ADDR_IN[13]
WARNING: [Synth 8-3331] design blk_mem_gen_mux__parameterized0 has unconnected port ADDR_IN[12]
WARNING: [Synth 8-3331] design blk_mem_gen_mux__parameterized0 has unconnected port ADDR_IN[11]
WARNING: [Synth 8-3331] design blk_mem_gen_mux__parameterized0 has unconnected port ADDR_IN[10]
WARNING: [Synth 8-3331] design blk_mem_gen_mux__parameterized0 has unconnected port ADDR_IN[9]
WARNING: [Synth 8-3331] design blk_mem_gen_mux__parameterized0 has unconnected port ADDR_IN[8]
WARNING: [Synth 8-3331] design blk_mem_gen_mux__parameterized0 has unconnected port ADDR_IN[7]
WARNING: [Synth 8-3331] design blk_mem_gen_mux__parameterized0 has unconnected port ADDR_IN[6]
WARNING: [Synth 8-3331] design blk_mem_gen_mux__parameterized0 has unconnected port ADDR_IN[5]
WARNING: [Synth 8-3331] design blk_mem_gen_mux__parameterized0 has unconnected port ADDR_IN[4]
WARNING: [Synth 8-3331] design blk_mem_gen_mux__parameterized0 has unconnected port ADDR_IN[3]
WARNING: [Synth 8-3331] design blk_mem_gen_mux__parameterized0 has unconnected port ADDR_IN[2]
WARNING: [Synth 8-3331] design blk_mem_gen_mux__parameterized0 has unconnected port ADDR_IN[1]
WARNING: [Synth 8-3331] design blk_mem_gen_mux__parameterized0 has unconnected port ADDR_IN[0]
WARNING: [Synth 8-3331] design blk_mem_gen_mux__parameterized0 has unconnected port SBITERRIN[87]
WARNING: [Synth 8-3331] design blk_mem_gen_mux__parameterized0 has unconnected port SBITERRIN[86]
WARNING: [Synth 8-3331] design blk_mem_gen_mux__parameterized0 has unconnected port SBITERRIN[85]
WARNING: [Synth 8-3331] design blk_mem_gen_mux__parameterized0 has unconnected port SBITERRIN[84]
WARNING: [Synth 8-3331] design blk_mem_gen_mux__parameterized0 has unconnected port SBITERRIN[83]
WARNING: [Synth 8-3331] design blk_mem_gen_mux__parameterized0 has unconnected port SBITERRIN[82]
WARNING: [Synth 8-3331] design blk_mem_gen_mux__parameterized0 has unconnected port SBITERRIN[81]
WARNING: [Synth 8-3331] design blk_mem_gen_mux__parameterized0 has unconnected port SBITERRIN[80]
WARNING: [Synth 8-3331] design blk_mem_gen_mux__parameterized0 has unconnected port SBITERRIN[79]
WARNING: [Synth 8-3331] design blk_mem_gen_mux__parameterized0 has unconnected port SBITERRIN[78]
WARNING: [Synth 8-3331] design blk_mem_gen_mux__parameterized0 has unconnected port SBITERRIN[77]
WARNING: [Synth 8-3331] design blk_mem_gen_mux__parameterized0 has unconnected port SBITERRIN[76]
WARNING: [Synth 8-3331] design blk_mem_gen_mux__parameterized0 has unconnected port SBITERRIN[75]
WARNING: [Synth 8-3331] design blk_mem_gen_mux__parameterized0 has unconnected port SBITERRIN[74]
WARNING: [Synth 8-3331] design blk_mem_gen_mux__parameterized0 has unconnected port SBITERRIN[73]
WARNING: [Synth 8-3331] design blk_mem_gen_mux__parameterized0 has unconnected port SBITERRIN[72]
WARNING: [Synth 8-3331] design blk_mem_gen_mux__parameterized0 has unconnected port SBITERRIN[71]
WARNING: [Synth 8-3331] design blk_mem_gen_mux__parameterized0 has unconnected port SBITERRIN[70]
WARNING: [Synth 8-3331] design blk_mem_gen_mux__parameterized0 has unconnected port SBITERRIN[69]
WARNING: [Synth 8-3331] design blk_mem_gen_mux__parameterized0 has unconnected port SBITERRIN[68]
WARNING: [Synth 8-3331] design blk_mem_gen_mux__parameterized0 has unconnected port SBITERRIN[67]
WARNING: [Synth 8-3331] design blk_mem_gen_mux__parameterized0 has unconnected port SBITERRIN[66]
WARNING: [Synth 8-3331] design blk_mem_gen_mux__parameterized0 has unconnected port SBITERRIN[65]
WARNING: [Synth 8-3331] design blk_mem_gen_mux__parameterized0 has unconnected port SBITERRIN[64]
WARNING: [Synth 8-3331] design blk_mem_gen_mux__parameterized0 has unconnected port SBITERRIN[63]
WARNING: [Synth 8-3331] design blk_mem_gen_mux__parameterized0 has unconnected port SBITERRIN[62]
WARNING: [Synth 8-3331] design blk_mem_gen_mux__parameterized0 has unconnected port SBITERRIN[61]
WARNING: [Synth 8-3331] design blk_mem_gen_mux__parameterized0 has unconnected port SBITERRIN[60]
WARNING: [Synth 8-3331] design blk_mem_gen_mux__parameterized0 has unconnected port SBITERRIN[59]
WARNING: [Synth 8-3331] design blk_mem_gen_mux__parameterized0 has unconnected port SBITERRIN[58]
WARNING: [Synth 8-3331] design blk_mem_gen_mux__parameterized0 has unconnected port SBITERRIN[57]
WARNING: [Synth 8-3331] design blk_mem_gen_mux__parameterized0 has unconnected port SBITERRIN[56]
WARNING: [Synth 8-3331] design blk_mem_gen_mux__parameterized0 has unconnected port SBITERRIN[55]
WARNING: [Synth 8-3331] design blk_mem_gen_mux__parameterized0 has unconnected port SBITERRIN[54]
WARNING: [Synth 8-3331] design blk_mem_gen_mux__parameterized0 has unconnected port SBITERRIN[53]
WARNING: [Synth 8-3331] design blk_mem_gen_mux__parameterized0 has unconnected port SBITERRIN[52]
WARNING: [Synth 8-3331] design blk_mem_gen_mux__parameterized0 has unconnected port SBITERRIN[51]
WARNING: [Synth 8-3331] design blk_mem_gen_mux__parameterized0 has unconnected port SBITERRIN[50]
WARNING: [Synth 8-3331] design blk_mem_gen_mux__parameterized0 has unconnected port SBITERRIN[49]
WARNING: [Synth 8-3331] design blk_mem_gen_mux__parameterized0 has unconnected port SBITERRIN[48]
WARNING: [Synth 8-3331] design blk_mem_gen_mux__parameterized0 has unconnected port SBITERRIN[47]
WARNING: [Synth 8-3331] design blk_mem_gen_mux__parameterized0 has unconnected port SBITERRIN[46]
WARNING: [Synth 8-3331] design blk_mem_gen_mux__parameterized0 has unconnected port SBITERRIN[45]
WARNING: [Synth 8-3331] design blk_mem_gen_mux__parameterized0 has unconnected port SBITERRIN[44]
WARNING: [Synth 8-3331] design blk_mem_gen_mux__parameterized0 has unconnected port SBITERRIN[43]
WARNING: [Synth 8-3331] design blk_mem_gen_mux__parameterized0 has unconnected port SBITERRIN[42]
WARNING: [Synth 8-3331] design blk_mem_gen_mux__parameterized0 has unconnected port SBITERRIN[41]
WARNING: [Synth 8-3331] design blk_mem_gen_mux__parameterized0 has unconnected port SBITERRIN[40]
WARNING: [Synth 8-3331] design blk_mem_gen_mux__parameterized0 has unconnected port SBITERRIN[39]
WARNING: [Synth 8-3331] design blk_mem_gen_mux__parameterized0 has unconnected port SBITERRIN[38]
WARNING: [Synth 8-3331] design blk_mem_gen_mux__parameterized0 has unconnected port SBITERRIN[37]
WARNING: [Synth 8-3331] design blk_mem_gen_mux__parameterized0 has unconnected port SBITERRIN[36]
WARNING: [Synth 8-3331] design blk_mem_gen_mux__parameterized0 has unconnected port SBITERRIN[35]
WARNING: [Synth 8-3331] design blk_mem_gen_mux__parameterized0 has unconnected port SBITERRIN[34]
WARNING: [Synth 8-3331] design blk_mem_gen_mux__parameterized0 has unconnected port SBITERRIN[33]
WARNING: [Synth 8-3331] design blk_mem_gen_mux__parameterized0 has unconnected port SBITERRIN[32]
WARNING: [Synth 8-3331] design blk_mem_gen_mux__parameterized0 has unconnected port SBITERRIN[31]
WARNING: [Synth 8-3331] design blk_mem_gen_mux__parameterized0 has unconnected port SBITERRIN[30]
WARNING: [Synth 8-3331] design blk_mem_gen_mux__parameterized0 has unconnected port SBITERRIN[29]
WARNING: [Synth 8-3331] design blk_mem_gen_mux__parameterized0 has unconnected port SBITERRIN[28]
WARNING: [Synth 8-3331] design blk_mem_gen_mux__parameterized0 has unconnected port SBITERRIN[27]
WARNING: [Synth 8-3331] design blk_mem_gen_mux__parameterized0 has unconnected port SBITERRIN[26]
WARNING: [Synth 8-3331] design blk_mem_gen_mux__parameterized0 has unconnected port SBITERRIN[25]
WARNING: [Synth 8-3331] design blk_mem_gen_mux__parameterized0 has unconnected port SBITERRIN[24]
WARNING: [Synth 8-3331] design blk_mem_gen_mux__parameterized0 has unconnected port SBITERRIN[23]
WARNING: [Synth 8-3331] design blk_mem_gen_mux__parameterized0 has unconnected port SBITERRIN[22]
WARNING: [Synth 8-3331] design blk_mem_gen_mux__parameterized0 has unconnected port SBITERRIN[21]
WARNING: [Synth 8-3331] design blk_mem_gen_mux__parameterized0 has unconnected port SBITERRIN[20]
WARNING: [Synth 8-3331] design blk_mem_gen_mux__parameterized0 has unconnected port SBITERRIN[19]
WARNING: [Synth 8-3331] design blk_mem_gen_mux__parameterized0 has unconnected port SBITERRIN[18]
WARNING: [Synth 8-3331] design blk_mem_gen_mux__parameterized0 has unconnected port SBITERRIN[17]
WARNING: [Synth 8-3331] design blk_mem_gen_mux__parameterized0 has unconnected port SBITERRIN[16]
WARNING: [Synth 8-3331] design blk_mem_gen_mux__parameterized0 has unconnected port SBITERRIN[15]
WARNING: [Synth 8-3331] design blk_mem_gen_mux__parameterized0 has unconnected port SBITERRIN[14]
WARNING: [Synth 8-3331] design blk_mem_gen_mux__parameterized0 has unconnected port SBITERRIN[13]
WARNING: [Synth 8-3331] design blk_mem_gen_mux__parameterized0 has unconnected port SBITERRIN[12]
WARNING: [Synth 8-3331] design blk_mem_gen_mux__parameterized0 has unconnected port SBITERRIN[11]
WARNING: [Synth 8-3331] design blk_mem_gen_mux__parameterized0 has unconnected port SBITERRIN[10]
WARNING: [Synth 8-3331] design blk_mem_gen_mux__parameterized0 has unconnected port SBITERRIN[9]
WARNING: [Synth 8-3331] design blk_mem_gen_mux__parameterized0 has unconnected port SBITERRIN[8]
INFO: [Common 17-14] Message 'Synth 8-3331' appears 100 times and further instances of the messages will be disabled. Use the Tcl command set_msg_config to change the current settings.
---------------------------------------------------------------------------------
Finished RTL Elaboration : Time (s): cpu = 00:01:06 ; elapsed = 00:01:08 . Memory (MB): peak = 1158.492 ; gain = 532.805
---------------------------------------------------------------------------------

Report Check Netlist: 
+------+------------------+-------+---------+-------+------------------+
|      |Item              |Errors |Warnings |Status |Description       |
+------+------------------+-------+---------+-------+------------------+
|1     |multi_driven_nets |      0|        0|Passed |Multi driven nets |
+------+------------------+-------+---------+-------+------------------+
---------------------------------------------------------------------------------
Start Handling Custom Attributes
---------------------------------------------------------------------------------
---------------------------------------------------------------------------------
Finished Handling Custom Attributes : Time (s): cpu = 00:01:06 ; elapsed = 00:01:08 . Memory (MB): peak = 1158.492 ; gain = 532.805
---------------------------------------------------------------------------------
---------------------------------------------------------------------------------
Finished RTL Optimization Phase 1 : Time (s): cpu = 00:01:06 ; elapsed = 00:01:08 . Memory (MB): peak = 1158.492 ; gain = 532.805
---------------------------------------------------------------------------------
INFO: [Netlist 29-17] Analyzing 28 Unisim elements for replacement
INFO: [Netlist 29-28] Unisim Transformation completed in 0 CPU seconds
INFO: [Project 1-570] Preparing netlist for logic optimization

Processing XDC Constraints
Initializing timing engine
Parsing XDC File [c:/Users/lifei/Desktop/Image-Processing-master/Final Project/VGA_1/VGA_1.srcs/sources_1/ip/image/image_ooc.xdc] for cell 'U0'
Finished Parsing XDC File [c:/Users/lifei/Desktop/Image-Processing-master/Final Project/VGA_1/VGA_1.srcs/sources_1/ip/image/image_ooc.xdc] for cell 'U0'
Parsing XDC File [C:/Users/lifei/Desktop/Image-Processing-master/Final Project/VGA_1/VGA_1.runs/image_synth_1/dont_touch.xdc]
Finished Parsing XDC File [C:/Users/lifei/Desktop/Image-Processing-master/Final Project/VGA_1/VGA_1.runs/image_synth_1/dont_touch.xdc]
Completed Processing XDC Constraints

Netlist sorting complete. Time (s): cpu = 00:00:00 ; elapsed = 00:00:00 . Memory (MB): peak = 1158.492 ; gain = 0.000
INFO: [Project 1-111] Unisim Transformation Summary:
No Unisim elements were transformed.

Constraint Validation Runtime : Time (s): cpu = 00:00:00 ; elapsed = 00:00:00.048 . Memory (MB): peak = 1158.492 ; gain = 0.000
---------------------------------------------------------------------------------
Finished Constraint Validation : Time (s): cpu = 00:01:11 ; elapsed = 00:01:13 . Memory (MB): peak = 1158.492 ; gain = 532.805
---------------------------------------------------------------------------------
---------------------------------------------------------------------------------
Start Loading Part and Timing Information
---------------------------------------------------------------------------------
Loading part: xc7a35tcpg236-1
---------------------------------------------------------------------------------
Finished Loading Part and Timing Information : Time (s): cpu = 00:01:11 ; elapsed = 00:01:13 . Memory (MB): peak = 1158.492 ; gain = 532.805
---------------------------------------------------------------------------------
---------------------------------------------------------------------------------
Start Applying 'set_property' XDC Constraints
---------------------------------------------------------------------------------
Applied set_property DONT_TOUCH = true for U0. (constraint file  {C:/Users/lifei/Desktop/Image-Processing-master/Final Project/VGA_1/VGA_1.runs/image_synth_1/dont_touch.xdc}, line 9).
---------------------------------------------------------------------------------
Finished applying 'set_property' XDC Constraints : Time (s): cpu = 00:01:11 ; elapsed = 00:01:13 . Memory (MB): peak = 1158.492 ; gain = 532.805
---------------------------------------------------------------------------------
---------------------------------------------------------------------------------
Finished RTL Optimization Phase 2 : Time (s): cpu = 00:01:12 ; elapsed = 00:01:14 . Memory (MB): peak = 1158.492 ; gain = 532.805
---------------------------------------------------------------------------------

Report RTL Partitions: 
+-+--------------+------------+----------+
| |RTL Partition |Replication |Instances |
+-+--------------+------------+----------+
+-+--------------+------------+----------+
---------------------------------------------------------------------------------
Start RTL Component Statistics 
---------------------------------------------------------------------------------
Detailed RTL Component Info : 
+---Registers : 
	               14 Bit    Registers := 1     
	                3 Bit    Registers := 3     
+---Muxes : 
	   2 Input      1 Bit        Muxes := 17    
---------------------------------------------------------------------------------
Finished RTL Component Statistics 
---------------------------------------------------------------------------------
---------------------------------------------------------------------------------
Start RTL Hierarchical Component Statistics 
---------------------------------------------------------------------------------
Hierarchical RTL Component report 
Module bindec 
Detailed RTL Component Info : 
+---Muxes : 
	   2 Input      1 Bit        Muxes := 8     
Module blk_mem_gen_mux 
Detailed RTL Component Info : 
+---Registers : 
	               14 Bit    Registers := 1     
	                3 Bit    Registers := 2     
+---Muxes : 
	   2 Input      1 Bit        Muxes := 1     
Module blk_mem_gen_mux__parameterized0 
Detailed RTL Component Info : 
+---Registers : 
	                3 Bit    Registers := 1     
---------------------------------------------------------------------------------
Finished RTL Hierarchical Component Statistics
---------------------------------------------------------------------------------
---------------------------------------------------------------------------------
Start Part Resource Summary
---------------------------------------------------------------------------------
Part Resources:
DSPs: 90 (col length:60)
BRAMs: 100 (col length: RAMB18 60 RAMB36 30)
---------------------------------------------------------------------------------
Finished Part Resource Summary
---------------------------------------------------------------------------------
---------------------------------------------------------------------------------
Start Cross Boundary and Area Optimization
---------------------------------------------------------------------------------
Warning: Parallel synthesis criteria is not met 
---------------------------------------------------------------------------------
Finished Cross Boundary and Area Optimization : Time (s): cpu = 00:01:12 ; elapsed = 00:01:14 . Memory (MB): peak = 1158.492 ; gain = 532.805
---------------------------------------------------------------------------------

Report RTL Partitions: 
+-+--------------+------------+----------+
| |RTL Partition |Replication |Instances |
+-+--------------+------------+----------+
+-+--------------+------------+----------+
---------------------------------------------------------------------------------
Start Applying XDC Timing Constraints
---------------------------------------------------------------------------------
---------------------------------------------------------------------------------
Finished Applying XDC Timing Constraints : Time (s): cpu = 00:01:17 ; elapsed = 00:01:20 . Memory (MB): peak = 1158.492 ; gain = 532.805
---------------------------------------------------------------------------------
---------------------------------------------------------------------------------
Start Timing Optimization
---------------------------------------------------------------------------------
---------------------------------------------------------------------------------
Finished Timing Optimization : Time (s): cpu = 00:01:17 ; elapsed = 00:01:20 . Memory (MB): peak = 1158.492 ; gain = 532.805
---------------------------------------------------------------------------------

Report RTL Partitions: 
+-+--------------+------------+----------+
| |RTL Partition |Replication |Instances |
+-+--------------+------------+----------+
+-+--------------+------------+----------+
---------------------------------------------------------------------------------
Start Technology Mapping
---------------------------------------------------------------------------------
---------------------------------------------------------------------------------
Finished Technology Mapping : Time (s): cpu = 00:01:18 ; elapsed = 00:01:20 . Memory (MB): peak = 1158.492 ; gain = 532.805
---------------------------------------------------------------------------------

Report RTL Partitions: 
+-+--------------+------------+----------+
| |RTL Partition |Replication |Instances |
+-+--------------+------------+----------+
+-+--------------+------------+----------+
---------------------------------------------------------------------------------
Start IO Insertion
---------------------------------------------------------------------------------
---------------------------------------------------------------------------------
Start Flattening Before IO Insertion
---------------------------------------------------------------------------------
---------------------------------------------------------------------------------
Finished Flattening Before IO Insertion
---------------------------------------------------------------------------------
---------------------------------------------------------------------------------
Start Final Netlist Cleanup
---------------------------------------------------------------------------------
---------------------------------------------------------------------------------
Finished Final Netlist Cleanup
---------------------------------------------------------------------------------
---------------------------------------------------------------------------------
Finished IO Insertion : Time (s): cpu = 00:01:19 ; elapsed = 00:01:21 . Memory (MB): peak = 1158.492 ; gain = 532.805
---------------------------------------------------------------------------------

Report Check Netlist: 
+------+------------------+-------+---------+-------+------------------+
|      |Item              |Errors |Warnings |Status |Description       |
+------+------------------+-------+---------+-------+------------------+
|1     |multi_driven_nets |      0|        0|Passed |Multi driven nets |
+------+------------------+-------+---------+-------+------------------+
---------------------------------------------------------------------------------
Start Renaming Generated Instances
---------------------------------------------------------------------------------
---------------------------------------------------------------------------------
Finished Renaming Generated Instances : Time (s): cpu = 00:01:19 ; elapsed = 00:01:21 . Memory (MB): peak = 1158.492 ; gain = 532.805
---------------------------------------------------------------------------------

Report RTL Partitions: 
+-+--------------+------------+----------+
| |RTL Partition |Replication |Instances |
+-+--------------+------------+----------+
+-+--------------+------------+----------+
---------------------------------------------------------------------------------
Start Rebuilding User Hierarchy
---------------------------------------------------------------------------------
---------------------------------------------------------------------------------
Finished Rebuilding User Hierarchy : Time (s): cpu = 00:01:19 ; elapsed = 00:01:21 . Memory (MB): peak = 1158.492 ; gain = 532.805
---------------------------------------------------------------------------------
---------------------------------------------------------------------------------
Start Renaming Generated Ports
---------------------------------------------------------------------------------
---------------------------------------------------------------------------------
Finished Renaming Generated Ports : Time (s): cpu = 00:01:19 ; elapsed = 00:01:21 . Memory (MB): peak = 1158.492 ; gain = 532.805
---------------------------------------------------------------------------------
---------------------------------------------------------------------------------
Start Handling Custom Attributes
---------------------------------------------------------------------------------
---------------------------------------------------------------------------------
Finished Handling Custom Attributes : Time (s): cpu = 00:01:19 ; elapsed = 00:01:21 . Memory (MB): peak = 1158.492 ; gain = 532.805
---------------------------------------------------------------------------------
---------------------------------------------------------------------------------
Start Renaming Generated Nets
---------------------------------------------------------------------------------
---------------------------------------------------------------------------------
Finished Renaming Generated Nets : Time (s): cpu = 00:01:19 ; elapsed = 00:01:21 . Memory (MB): peak = 1158.492 ; gain = 532.805
---------------------------------------------------------------------------------
---------------------------------------------------------------------------------
Start Writing Synthesis Report
---------------------------------------------------------------------------------

Report BlackBoxes: 
+-+--------------+----------+
| |BlackBox name |Instances |
+-+--------------+----------+
+-+--------------+----------+

Report Cell Usage: 
+------+-----------+------+
|      |Cell       |Count |
+------+-----------+------+
|1     |LUT2       |     2|
|2     |LUT3       |     1|
|3     |LUT6       |    96|
|4     |RAMB18E1   |     1|
|5     |RAMB36E1   |     1|
|6     |RAMB36E1_1 |     1|
|7     |RAMB36E1_2 |     1|
|8     |RAMB36E1_3 |     1|
|9     |RAMB36E1_4 |     1|
|10    |RAMB36E1_5 |     1|
|11    |RAMB36E1_6 |     1|
|12    |RAMB36E1_7 |    16|
|13    |RAMB36E1_8 |     4|
|14    |FDRE       |     6|
+------+-----------+------+

Report Instance Areas: 
+------+---------------------------------------------+-----------------------------------------------+------+
|      |Instance                                     |Module                                         |Cells |
+------+---------------------------------------------+-----------------------------------------------+------+
|1     |top                                          |                                               |   133|
|2     |  U0                                         |blk_mem_gen_v8_4_3                             |   133|
|3     |    inst_blk_mem_gen                         |blk_mem_gen_v8_4_3_synth                       |   133|
|4     |      \gnbram.gnativebmg.native_blk_mem_gen  |blk_mem_gen_top                                |   133|
|5     |        \valid.cstr                          |blk_mem_gen_generic_cstr                       |   133|
|6     |          \bindec_a.bindec_inst_a            |bindec                                         |     1|
|7     |          \has_mux_a.A                       |blk_mem_gen_mux                                |   102|
|8     |          \ramloop[0].ram.r                  |blk_mem_gen_prim_width                         |     1|
|9     |            \prim_init.ram                   |blk_mem_gen_prim_wrapper_init                  |     1|
|10    |          \ramloop[10].ram.r                 |blk_mem_gen_prim_width__parameterized9         |     1|
|11    |            \prim_init.ram                   |blk_mem_gen_prim_wrapper_init__parameterized9  |     1|
|12    |          \ramloop[11].ram.r                 |blk_mem_gen_prim_width__parameterized10        |     1|
|13    |            \prim_init.ram                   |blk_mem_gen_prim_wrapper_init__parameterized10 |     1|
|14    |          \ramloop[12].ram.r                 |blk_mem_gen_prim_width__parameterized11        |     1|
|15    |            \prim_init.ram                   |blk_mem_gen_prim_wrapper_init__parameterized11 |     1|
|16    |          \ramloop[13].ram.r                 |blk_mem_gen_prim_width__parameterized12        |     1|
|17    |            \prim_init.ram                   |blk_mem_gen_prim_wrapper_init__parameterized12 |     1|
|18    |          \ramloop[14].ram.r                 |blk_mem_gen_prim_width__parameterized13        |     1|
|19    |            \prim_init.ram                   |blk_mem_gen_prim_wrapper_init__parameterized13 |     1|
|20    |          \ramloop[15].ram.r                 |blk_mem_gen_prim_width__parameterized14        |     1|
|21    |            \prim_init.ram                   |blk_mem_gen_prim_wrapper_init__parameterized14 |     1|
|22    |          \ramloop[16].ram.r                 |blk_mem_gen_prim_width__parameterized15        |     1|
|23    |            \prim_init.ram                   |blk_mem_gen_prim_wrapper_init__parameterized15 |     1|
|24    |          \ramloop[17].ram.r                 |blk_mem_gen_prim_width__parameterized16        |     1|
|25    |            \prim_init.ram                   |blk_mem_gen_prim_wrapper_init__parameterized16 |     1|
|26    |          \ramloop[18].ram.r                 |blk_mem_gen_prim_width__parameterized17        |     1|
|27    |            \prim_init.ram                   |blk_mem_gen_prim_wrapper_init__parameterized17 |     1|
|28    |          \ramloop[19].ram.r                 |blk_mem_gen_prim_width__parameterized18        |     1|
|29    |            \prim_init.ram                   |blk_mem_gen_prim_wrapper_init__parameterized18 |     1|
|30    |          \ramloop[1].ram.r                  |blk_mem_gen_prim_width__parameterized0         |     1|
|31    |            \prim_init.ram                   |blk_mem_gen_prim_wrapper_init__parameterized0  |     1|
|32    |          \ramloop[20].ram.r                 |blk_mem_gen_prim_width__parameterized19        |     1|
|33    |            \prim_init.ram                   |blk_mem_gen_prim_wrapper_init__parameterized19 |     1|
|34    |          \ramloop[21].ram.r                 |blk_mem_gen_prim_width__parameterized20        |     1|
|35    |            \prim_init.ram                   |blk_mem_gen_prim_wrapper_init__parameterized20 |     1|
|36    |          \ramloop[22].ram.r                 |blk_mem_gen_prim_width__parameterized21        |     1|
|37    |            \prim_init.ram                   |blk_mem_gen_prim_wrapper_init__parameterized21 |     1|
|38    |          \ramloop[23].ram.r                 |blk_mem_gen_prim_width__parameterized22        |     2|
|39    |            \prim_init.ram                   |blk_mem_gen_prim_wrapper_init__parameterized22 |     2|
|40    |          \ramloop[24].ram.r                 |blk_mem_gen_prim_width__parameterized23        |     2|
|41    |            \prim_init.ram                   |blk_mem_gen_prim_wrapper_init__parameterized23 |     2|
|42    |          \ramloop[25].ram.r                 |blk_mem_gen_prim_width__parameterized24        |     1|
|43    |            \prim_init.ram                   |blk_mem_gen_prim_wrapper_init__parameterized24 |     1|
|44    |          \ramloop[26].ram.r                 |blk_mem_gen_prim_width__parameterized25        |     1|
|45    |            \prim_init.ram                   |blk_mem_gen_prim_wrapper_init__parameterized25 |     1|
|46    |          \ramloop[27].ram.r                 |blk_mem_gen_prim_width__parameterized26        |     1|
|47    |            \prim_init.ram                   |blk_mem_gen_prim_wrapper_init__parameterized26 |     1|
|48    |          \ramloop[2].ram.r                  |blk_mem_gen_prim_width__parameterized1         |     1|
|49    |            \prim_init.ram                   |blk_mem_gen_prim_wrapper_init__parameterized1  |     1|
|50    |          \ramloop[3].ram.r                  |blk_mem_gen_prim_width__parameterized2         |     1|
|51    |            \prim_init.ram                   |blk_mem_gen_prim_wrapper_init__parameterized2  |     1|
|52    |          \ramloop[4].ram.r                  |blk_mem_gen_prim_width__parameterized3         |     1|
|53    |            \prim_init.ram                   |blk_mem_gen_prim_wrapper_init__parameterized3  |     1|
|54    |          \ramloop[5].ram.r                  |blk_mem_gen_prim_width__parameterized4         |     1|
|55    |            \prim_init.ram                   |blk_mem_gen_prim_wrapper_init__parameterized4  |     1|
|56    |          \ramloop[6].ram.r                  |blk_mem_gen_prim_width__parameterized5         |     1|
|57    |            \prim_init.ram                   |blk_mem_gen_prim_wrapper_init__parameterized5  |     1|
|58    |          \ramloop[7].ram.r                  |blk_mem_gen_prim_width__parameterized6         |     1|
|59    |            \prim_init.ram                   |blk_mem_gen_prim_wrapper_init__parameterized6  |     1|
|60    |          \ramloop[8].ram.r                  |blk_mem_gen_prim_width__parameterized7         |     1|
|61    |            \prim_init.ram                   |blk_mem_gen_prim_wrapper_init__parameterized7  |     1|
|62    |          \ramloop[9].ram.r                  |blk_mem_gen_prim_width__parameterized8         |     1|
|63    |            \prim_init.ram                   |blk_mem_gen_prim_wrapper_init__parameterized8  |     1|
+------+---------------------------------------------+-----------------------------------------------+------+
---------------------------------------------------------------------------------
Finished Writing Synthesis Report : Time (s): cpu = 00:01:19 ; elapsed = 00:01:21 . Memory (MB): peak = 1158.492 ; gain = 532.805
---------------------------------------------------------------------------------
Synthesis finished with 0 errors, 0 critical warnings and 328 warnings.
Synthesis Optimization Runtime : Time (s): cpu = 00:00:10 ; elapsed = 00:01:19 . Memory (MB): peak = 1158.492 ; gain = 532.805
Synthesis Optimization Complete : Time (s): cpu = 00:01:19 ; elapsed = 00:01:21 . Memory (MB): peak = 1158.492 ; gain = 532.805
INFO: [Project 1-571] Translating synthesized netlist
INFO: [Netlist 29-17] Analyzing 28 Unisim elements for replacement
INFO: [Netlist 29-28] Unisim Transformation completed in 0 CPU seconds
INFO: [Project 1-570] Preparing netlist for logic optimization
INFO: [Opt 31-138] Pushed 0 inverter(s) to 0 load pin(s).
Netlist sorting complete. Time (s): cpu = 00:00:00 ; elapsed = 00:00:00 . Memory (MB): peak = 1158.492 ; gain = 0.000
INFO: [Project 1-111] Unisim Transformation Summary:
No Unisim elements were transformed.

INFO: [Common 17-83] Releasing license: Synthesis
17 Infos, 100 Warnings, 0 Critical Warnings and 0 Errors encountered.
synth_design completed successfully
synth_design: Time (s): cpu = 00:01:23 ; elapsed = 00:01:26 . Memory (MB): peak = 1158.492 ; gain = 771.285
Netlist sorting complete. Time (s): cpu = 00:00:00 ; elapsed = 00:00:00 . Memory (MB): peak = 1158.492 ; gain = 0.000
WARNING: [Constraints 18-5210] No constraints selected for write.
Resolution: This message can indicate that there are no constraints for the design, or it can indicate that the used_in flags are set such that the constraints are ignored. This later case is used when running synth_design to not write synthesis constraints to the resulting checkpoint. Instead, project constraints are read when the synthesized design is opened.
INFO: [Common 17-1381] The checkpoint 'C:/Users/lifei/Desktop/Image-Processing-master/Final Project/VGA_1/VGA_1.runs/image_synth_1/image.dcp' has been generated.
WARNING: [Common 17-576] 'use_project_ipc' is deprecated. This option is deprecated and no longer used.
INFO: [Coretcl 2-1648] Added synthesis output to IP cache for IP image, cache-ID = 1813db48781880fa
INFO: [Coretcl 2-1174] Renamed 62 cell refs.
Netlist sorting complete. Time (s): cpu = 00:00:00 ; elapsed = 00:00:00 . Memory (MB): peak = 1158.492 ; gain = 0.000
WARNING: [Constraints 18-5210] No constraints selected for write.
Resolution: This message can indicate that there are no constraints for the design, or it can indicate that the used_in flags are set such that the constraints are ignored. This later case is used when running synth_design to not write synthesis constraints to the resulting checkpoint. Instead, project constraints are read when the synthesized design is opened.
INFO: [Common 17-1381] The checkpoint 'C:/Users/lifei/Desktop/Image-Processing-master/Final Project/VGA_1/VGA_1.runs/image_synth_1/image.dcp' has been generated.
INFO: [runtcl-4] Executing : report_utilization -file image_utilization_synth.rpt -pb image_utilization_synth.pb
INFO: [Common 17-206] Exiting Vivado at Mon Jun 12 17:38:36 2023...
